max_N=1
Bye Bye!
Total number of errors: 3717
Total number selections 12035
WSR: 0.232909
Total cost of the translations: 208.112971778
max_N=2
Bye Bye!
Total number of errors: 3519
Total number selections 11607
WSR: 0.220503
Total cost of the translations: 237.256246019
max_N=3
Bye Bye!
Total number of errors: 3378
Total number selections 11560
WSR: 0.211667
Total cost of the translations: 261.686251461
max_N=4
Bye Bye!
Total number of errors: 3316
Total number selections 11563
WSR: 0.207782
Total cost of the translations: 303.712698769
max_N=5
Bye Bye!
Total number of errors: 3321
Total number selections 11693
WSR: 0.208096
Total cost of the translations: 306.810673434
max_N=6
Bye Bye!
Total number of errors: 3296
Total number selections 11542
WSR: 0.206529
Total cost of the translations: 326.94983887
max_N=7
Bye Bye!
Total number of errors: 3300
Total number selections 11673
WSR: 0.206780
Total cost of the translations: 370.933701892
max_N=8
Bye Bye!
Total number of errors: 3285
Total number selections 11684
WSR: 0.205840
Total cost of the translations: 386.270677266
max_N=9
Bye Bye!
Total number of errors: 3276
Total number selections 11658
WSR: 0.205276
Total cost of the translations: 381.685390524
max_N=10
Bye Bye!
Total number of errors: 3280
Total number selections 11716
WSR: 0.205527
Total cost of the translations: 397.368665342
