max_N=1
Bye Bye!
Total number of errors: 3365
Total number selections 10773
WSR: 0.210853
Total cost of the translations: 134.920726952
max_N=2
Bye Bye!
Total number of errors: 4973
Total number selections 16064
WSR: 0.311611
Total cost of the translations: 214.055593174
max_N=3
Bye Bye!
Total number of errors: 4380
Total number selections 14663
WSR: 0.274453
Total cost of the translations: 209.085905572
max_N=4
Bye Bye!
Total number of errors: 4040
Total number selections 13635
WSR: 0.253149
Total cost of the translations: 217.340211784
max_N=5
Bye Bye!
Total number of errors: 3798
Total number selections 12924
WSR: 0.237985
Total cost of the translations: 215.497766142
max_N=6
Bye Bye!
Total number of errors: 3654
Total number selections 12483
WSR: 0.228962
Total cost of the translations: 215.746727985
max_N=7
Bye Bye!
Total number of errors: 3504
Total number selections 11908
WSR: 0.219563
Total cost of the translations: 222.859005522
max_N=8
Bye Bye!
Total number of errors: 3447
Total number selections 11853
WSR: 0.215991
Total cost of the translations: 223.107615312
max_N=9
Bye Bye!
Total number of errors: 3401
Total number selections 11768
WSR: 0.213109
Total cost of the translations: 230.26281142
max_N=10
Bye Bye!
Interrupted!
Total number of corrections (up to now): 140
WSR: 0.122058
SR: 7.948052
max_N=10
Bye Bye!
Total number of errors: 3381
Total number selections 11650
WSR: 0.211855
Total cost of the translations: 230.726663187
max_N=11
Bye Bye!
Total number of errors: 3355
Total number selections 11460
WSR: 0.210226
Total cost of the translations: 232.509931666
max_N=12
Bye Bye!
Total number of errors: 3355
Total number selections 11476
WSR: 0.210226
Total cost of the translations: 233.109980976
max_N=13
Bye Bye!
Interrupted!
Total number of corrections (up to now): 1337
WSR: 0.160177
SR: 9.528600
max_N=14
max_N=15
