Using gpu device 0: GeForce GTX TITAN X
 501: Post editing via the isles approach
 501: Create input variables
 502: Create encoder
 502: _create_embedding_layers
 556: _create_transition_layers
 558: _create_inter_level_layers
 558: _create_representation_layers
 563: Build encoding computation graph
 599: Create backward encoder
 599: _create_embedding_layers
 669: _create_transition_layers
 671: _create_inter_level_layers
 671: _create_representation_layers
 677: Build backward encoding computation graph
 708: Create decoder
 708: _create_embedding_layers
 788: _create_transition_layers
 788: RecurrentLayerWithSearch is used
 995: _create_inter_level_layers
 995: _create_initialization_layers
 0: _create_decoding_layers
 18: _create_readout_layers
 88: Build log-likelihood computation graph
 214: Get grads
/home/lvapeab/software/anaconda/lib/python2.7/site-packages/theano/scan_module/scan_utils.py:78: UserWarning: You are creating a TensorVariable with float64 dtype. You requested an action via the Theano flag warn_float64={ignore,warn,raise,pdb}.
  nw_x = nw_x.astype(dtype).type()
 878: Got grads
 878: Build sampling computation graph
 538: Create auxiliary variables
 539: Compile sampler
 32: Model params:
['A_dec_transition_0',
 'B_dec_transition_0',
 'D_dec_transition_0',
 'G_back_enc_transition_0',
 'G_dec_transition_0',
 'G_enc_transition_0',
 'R_back_enc_transition_0',
 'R_dec_transition_0',
 'R_enc_transition_0',
 'W1_dec_deep_softmax',
 'W2_dec_deep_softmax',
 'W_0_DatN_dec_transition_0',
 'W_0_back_enc_input_embdr_0',
 'W_0_back_enc_reset_embdr_0',
 'W_0_back_enc_update_embdr_0',
 'W_0_dec_approx_embdr',
 'W_0_dec_dec_inputter_0',
 'W_0_dec_dec_reseter_0',
 'W_0_dec_dec_updater_0',
 'W_0_dec_hid_readout_0',
 'W_0_dec_initializer_0',
 'W_0_dec_input_embdr_0',
 'W_0_dec_prev_readout_0',
 'W_0_dec_repr_readout',
 'W_0_dec_reset_embdr_0',
 'W_0_dec_update_embdr_0',
 'W_0_enc_approx_embdr',
 'W_0_enc_input_embdr_0',
 'W_0_enc_reset_embdr_0',
 'W_0_enc_update_embdr_0',
 'W_1_DatN_dec_transition_0',
 'W_back_enc_transition_0',
 'W_dec_transition_0',
 'W_enc_transition_0',
 'b_0_DatN_dec_transition_0',
 'b_0_back_enc_input_embdr_0',
 'b_0_dec_approx_embdr',
 'b_0_dec_hid_readout_0',
 'b_0_dec_initializer_0',
 'b_0_dec_input_embdr_0',
 'b_0_enc_approx_embdr',
 'b_0_enc_input_embdr_0',
 'b_1_DatN_dec_transition_0',
 'b_dec_deep_softmax']
 33: Loading W1_dec_deep_softmax of (250, 520)
 50: Loading W2_dec_deep_softmax of (520, 14480)
 144: Loading b_dec_deep_softmax of (14480,)
 146: Loading W_0_dec_repr_readout of (1000, 500)
 153: Loading W_dec_transition_0 of (500, 500)
 158: Loading G_dec_transition_0 of (500, 500)
 162: Loading R_dec_transition_0 of (500, 500)
 166: Loading A_dec_transition_0 of (1000, 500)
 173: Loading B_dec_transition_0 of (500, 500)
 177: Loading D_dec_transition_0 of (500, 1)
 179: Loading W_0_DatN_dec_transition_0 of (500, 500)
 184: Loading W_1_DatN_dec_transition_0 of (500, 500)
 187: Loading b_0_DatN_dec_transition_0 of (500,)
 189: Loading b_1_DatN_dec_transition_0 of (500,)
 191: Loading W_0_dec_dec_inputter_0 of (1000, 500)
 198: Loading W_0_dec_dec_reseter_0 of (1000, 500)
 206: Loading W_0_dec_dec_updater_0 of (1000, 500)
 214: Loading W_0_dec_input_embdr_0 of (520, 500)
 217: Loading b_0_dec_input_embdr_0 of (500,)
 228: Loading W_0_dec_approx_embdr of (14480, 520)
 318: Loading b_0_dec_approx_embdr of (520,)
 319: Loading W_0_dec_initializer_0 of (500, 500)
 323: Loading b_0_dec_initializer_0 of (500,)
 325: Loading W_enc_transition_0 of (500, 500)
 329: Loading G_enc_transition_0 of (500, 500)
 333: Loading R_enc_transition_0 of (500, 500)
 337: Loading W_0_enc_input_embdr_0 of (520, 500)
 342: Loading b_0_enc_input_embdr_0 of (500,)
 350: Loading W_0_enc_approx_embdr of (11425, 520)
 425: Loading b_0_enc_approx_embdr of (520,)
 427: Loading W_0_enc_update_embdr_0 of (520, 500)
 431: Loading W_0_enc_reset_embdr_0 of (520, 500)
 436: Loading W_back_enc_transition_0 of (500, 500)
 440: Loading G_back_enc_transition_0 of (500, 500)
 444: Loading R_back_enc_transition_0 of (500, 500)
 449: Loading W_0_back_enc_input_embdr_0 of (520, 500)
 453: Loading b_0_back_enc_input_embdr_0 of (500,)
 454: Loading W_0_back_enc_update_embdr_0 of (520, 500)
 458: Loading W_0_back_enc_reset_embdr_0 of (520, 500)
 463: Loading W_0_dec_update_embdr_0 of (520, 500)
 467: Loading W_0_dec_reset_embdr_0 of (520, 500)
 471: Loading W_0_dec_hid_readout_0 of (500, 500)
 474: Loading b_0_dec_hid_readout_0 of (500,)
 477: Loading W_0_dec_prev_readout_0 of (520, 500)
/home/lvapeab/software/anaconda/lib/python2.7/site-packages/groundhog-0.1.dev0-py2.7.egg/experiments/nmt/encdec.py:1491: UserWarning: theano.function was asked to create a function computing outputs given certain inputs, but the provided input variable at index 1 is not part of the computational graph needed to compute the outputs: step_num.
To make this warning into an error, you can pass the parameter on_unused_input='raise' to theano.function. To disable it completely, use on_unused_input='ignore'.
/home/lvapeab/software/anaconda/lib/python2.7/site-packages/groundhog-0.1.dev0-py2.7.egg/experiments/nmt/encdec.py:1500: UserWarning: theano.function was asked to create a function computing outputs given certain inputs, but the provided input variable at index 1 is not part of the computational graph needed to compute the outputs: step_num.
To make this warning into an error, you can pass the parameter on_unused_input='raise' to theano.function. To disable it completely, use on_unused_input='ignore'.
 596: Storing corrected hypotheses into: /home/lvapeab/smt/tasks/xerox/enes/NMT/postEditing/xerox.dev.PE_isles.es
 596: Storing original hypotheses into: /home/lvapeab/smt/tasks/xerox/enes/NMT/postEditing/xerox.dev.Orihyp.es
 597: Beam size: 6
 478: 50 sentences processed
 478: Current speed is 1.77763572216 per sentence
 478: Current WSR is: 0.135723
 478: Current Selection ratio is: 8.102041
 399: 100 sentences processed
 399: Current speed is 1.78802081108 per sentence
 399: Current WSR is: 0.154747
 399: Current Selection ratio is: 9.464646
 405: 150 sentences processed
 405: Current speed is 1.90539268017 per sentence
 406: Current WSR is: 0.169485
 406: Current Selection ratio is: 10.093960
 347: 200 sentences processed
 348: Current speed is 1.73375477552 per sentence
 348: Current WSR is: 0.158899
 348: Current Selection ratio is: 9.175879
 784: 250 sentences processed
 784: Current speed is 1.71675052452 per sentence
 784: Current WSR is: 0.152447
 784: Current Selection ratio is: 8.670683
 871: 300 sentences processed
 871: Current speed is 1.97424744685 per sentence
 871: Current WSR is: 0.174239
 871: Current Selection ratio is: 10.665552
 977: 350 sentences processed
 977: Current speed is 1.85251512868 per sentence
 977: Current WSR is: 0.178915
 977: Current Selection ratio is: 10.481375
 25: 400 sentences processed
 25: Current speed is 1.87357103765 per sentence
 25: Current WSR is: 0.195039
 25: Current Selection ratio is: 11.388471
 64: 450 sentences processed
 64: Current speed is 1.77881591797 per sentence
 64: Current WSR is: 0.190776
 64: Current Selection ratio is: 11.091314
 634: 500 sentences processed
 634: Current speed is 1.65607549191 per sentence
 634: Current WSR is: 0.188049
 634: Current Selection ratio is: 10.527054
 502: 550 sentences processed
 502: Current speed is 1.60164662188 per sentence
 502: Current WSR is: 0.188694
 502: Current Selection ratio is: 10.408015
 759: 600 sentences processed
 759: Current speed is 1.61527083675 per sentence
 759: Current WSR is: 0.195808
 759: Current Selection ratio is: 10.619366
 688: 650 sentences processed
 688: Current speed is 1.65244802768 per sentence
 688: Current WSR is: 0.200998
 688: Current Selection ratio is: 10.705701
 230: 700 sentences processed
 230: Current speed is 1.68090484006 per sentence
 230: Current WSR is: 0.205670
 230: Current Selection ratio is: 10.937053
 820: 750 sentences processed
 820: Current speed is 1.68029788017 per sentence
 820: Current WSR is: 0.208895
 820: Current Selection ratio is: 10.917223
 661: 800 sentences processed
 661: Current speed is 1.69383106768 per sentence
 661: Current WSR is: 0.213451
 662: Current Selection ratio is: 11.030038
 108: 850 sentences processed
 108: Current speed is 1.71001353657 per sentence
 108: Current WSR is: 0.216398
 108: Current Selection ratio is: 11.115430
 70: 900 sentences processed
 70: Current speed is 1.77608126773 per sentence
 70: Current WSR is: 0.224167
 70: Current Selection ratio is: 11.607341
 631: 950 sentences processed
 631: Current speed is 1.77793137274 per sentence
 631: Current WSR is: 0.231166
 631: Current Selection ratio is: 12.025290
 294: 1000 sentences processed
 294: Current speed is 1.73069743299 per sentence
 294: Current WSR is: 0.229975
 294: Current Selection ratio is: 11.784785
Using gpu device 0: GeForce GTX TITAN X
 419: Post editing via the isles approach
 419: Create input variables
 420: Create encoder
 420: _create_embedding_layers
 475: _create_transition_layers
 477: _create_inter_level_layers
 477: _create_representation_layers
 483: Build encoding computation graph
 521: Create backward encoder
 521: _create_embedding_layers
 580: _create_transition_layers
 582: _create_inter_level_layers
 582: _create_representation_layers
 586: Build backward encoding computation graph
 622: Create decoder
 622: _create_embedding_layers
 692: _create_transition_layers
 692: RecurrentLayerWithSearch is used
 914: _create_inter_level_layers
 914: _create_initialization_layers
 917: _create_decoding_layers
 934: _create_readout_layers
 3: Build log-likelihood computation graph
 137: Get grads
/home/lvapeab/software/anaconda/lib/python2.7/site-packages/theano/scan_module/scan_utils.py:78: UserWarning: You are creating a TensorVariable with float64 dtype. You requested an action via the Theano flag warn_float64={ignore,warn,raise,pdb}.
  nw_x = nw_x.astype(dtype).type()
 961: Got grads
 961: Build sampling computation graph
 617: Create auxiliary variables
 617: Compile sampler
 975: Model params:
['A_dec_transition_0',
 'B_dec_transition_0',
 'D_dec_transition_0',
 'G_back_enc_transition_0',
 'G_dec_transition_0',
 'G_enc_transition_0',
 'R_back_enc_transition_0',
 'R_dec_transition_0',
 'R_enc_transition_0',
 'W1_dec_deep_softmax',
 'W2_dec_deep_softmax',
 'W_0_DatN_dec_transition_0',
 'W_0_back_enc_input_embdr_0',
 'W_0_back_enc_reset_embdr_0',
 'W_0_back_enc_update_embdr_0',
 'W_0_dec_approx_embdr',
 'W_0_dec_dec_inputter_0',
 'W_0_dec_dec_reseter_0',
 'W_0_dec_dec_updater_0',
 'W_0_dec_hid_readout_0',
 'W_0_dec_initializer_0',
 'W_0_dec_input_embdr_0',
 'W_0_dec_prev_readout_0',
 'W_0_dec_repr_readout',
 'W_0_dec_reset_embdr_0',
 'W_0_dec_update_embdr_0',
 'W_0_enc_approx_embdr',
 'W_0_enc_input_embdr_0',
 'W_0_enc_reset_embdr_0',
 'W_0_enc_update_embdr_0',
 'W_1_DatN_dec_transition_0',
 'W_back_enc_transition_0',
 'W_dec_transition_0',
 'W_enc_transition_0',
 'b_0_DatN_dec_transition_0',
 'b_0_back_enc_input_embdr_0',
 'b_0_dec_approx_embdr',
 'b_0_dec_hid_readout_0',
 'b_0_dec_initializer_0',
 'b_0_dec_input_embdr_0',
 'b_0_enc_approx_embdr',
 'b_0_enc_input_embdr_0',
 'b_1_DatN_dec_transition_0',
 'b_dec_deep_softmax']
 976: Loading W1_dec_deep_softmax of (250, 520)
 997: Loading W2_dec_deep_softmax of (520, 14480)
 95: Loading b_dec_deep_softmax of (14480,)
 97: Loading W_0_dec_repr_readout of (1000, 500)
 105: Loading W_dec_transition_0 of (500, 500)
 109: Loading G_dec_transition_0 of (500, 500)
 114: Loading R_dec_transition_0 of (500, 500)
 120: Loading A_dec_transition_0 of (1000, 500)
 127: Loading B_dec_transition_0 of (500, 500)
 132: Loading D_dec_transition_0 of (500, 1)
 133: Loading W_0_DatN_dec_transition_0 of (500, 500)
 137: Loading W_1_DatN_dec_transition_0 of (500, 500)
 142: Loading b_0_DatN_dec_transition_0 of (500,)
 144: Loading b_1_DatN_dec_transition_0 of (500,)
 145: Loading W_0_dec_dec_inputter_0 of (1000, 500)
 153: Loading W_0_dec_dec_reseter_0 of (1000, 500)
 161: Loading W_0_dec_dec_updater_0 of (1000, 500)
 169: Loading W_0_dec_input_embdr_0 of (520, 500)
 173: Loading b_0_dec_input_embdr_0 of (500,)
 185: Loading W_0_dec_approx_embdr of (14480, 520)
 281: Loading b_0_dec_approx_embdr of (520,)
 282: Loading W_0_dec_initializer_0 of (500, 500)
 285: Loading b_0_dec_initializer_0 of (500,)
 287: Loading W_enc_transition_0 of (500, 500)
 291: Loading G_enc_transition_0 of (500, 500)
 295: Loading R_enc_transition_0 of (500, 500)
 299: Loading W_0_enc_input_embdr_0 of (520, 500)
 303: Loading b_0_enc_input_embdr_0 of (500,)
 312: Loading W_0_enc_approx_embdr of (11425, 520)
 391: Loading b_0_enc_approx_embdr of (520,)
 392: Loading W_0_enc_update_embdr_0 of (520, 500)
 397: Loading W_0_enc_reset_embdr_0 of (520, 500)
 401: Loading W_back_enc_transition_0 of (500, 500)
 406: Loading G_back_enc_transition_0 of (500, 500)
 410: Loading R_back_enc_transition_0 of (500, 500)
 415: Loading W_0_back_enc_input_embdr_0 of (520, 500)
 418: Loading b_0_back_enc_input_embdr_0 of (500,)
 420: Loading W_0_back_enc_update_embdr_0 of (520, 500)
 426: Loading W_0_back_enc_reset_embdr_0 of (520, 500)
 430: Loading W_0_dec_update_embdr_0 of (520, 500)
 435: Loading W_0_dec_reset_embdr_0 of (520, 500)
 440: Loading W_0_dec_hid_readout_0 of (500, 500)
 444: Loading b_0_dec_hid_readout_0 of (500,)
 445: Loading W_0_dec_prev_readout_0 of (520, 500)
/home/lvapeab/software/anaconda/lib/python2.7/site-packages/groundhog-0.1.dev0-py2.7.egg/experiments/nmt/encdec.py:1491: UserWarning: theano.function was asked to create a function computing outputs given certain inputs, but the provided input variable at index 1 is not part of the computational graph needed to compute the outputs: step_num.
To make this warning into an error, you can pass the parameter on_unused_input='raise' to theano.function. To disable it completely, use on_unused_input='ignore'.
/home/lvapeab/software/anaconda/lib/python2.7/site-packages/groundhog-0.1.dev0-py2.7.egg/experiments/nmt/encdec.py:1500: UserWarning: theano.function was asked to create a function computing outputs given certain inputs, but the provided input variable at index 1 is not part of the computational graph needed to compute the outputs: step_num.
To make this warning into an error, you can pass the parameter on_unused_input='raise' to theano.function. To disable it completely, use on_unused_input='ignore'.
 777: Storing corrected hypotheses into: /home/lvapeab/smt/tasks/xerox/enes/NMT/postEditing/xerox.dev.PE_isles.es
 777: Storing original hypotheses into: /home/lvapeab/smt/tasks/xerox/enes/NMT/postEditing/xerox.dev.Orihyp.es
 777: Beam size: 6
 132: 50 sentences processed
 132: Current speed is 1.10708695889 per sentence
 132: Current WSR is: 0.135723
 132: Current Selection ratio is: 7.326531
 822: 100 sentences processed
 822: Current speed is 1.35044656992 per sentence
 822: Current WSR is: 0.146116
 822: Current Selection ratio is: 8.666667
 774: 150 sentences processed
 775: Current speed is 1.61331501961 per sentence
 775: Current WSR is: 0.160225
 775: Current Selection ratio is: 9.604027
 841: 200 sentences processed
 842: Current speed is 1.53532093406 per sentence
 842: Current WSR is: 0.152330
 842: Current Selection ratio is: 8.773869
 240: 250 sentences processed
 240: Current speed is 1.53785133171 per sentence
 240: Current WSR is: 0.145316
 240: Current Selection ratio is: 8.309237
 104: 300 sentences processed
 104: Current speed is 1.88108988285 per sentence
 104: Current WSR is: 0.163769
 104: Current Selection ratio is: 10.167224
 33: 350 sentences processed
 33: Current speed is 1.82930319105 per sentence
 34: Current WSR is: 0.167067
 34: Current Selection ratio is: 9.925501
 75: 400 sentences processed
 75: Current speed is 1.97324313998 per sentence
 75: Current WSR is: 0.180718
 75: Current Selection ratio is: 10.726817
 538: 450 sentences processed
 538: Current speed is 1.86169091066 per sentence
 538: Current WSR is: 0.176232
 538: Current Selection ratio is: 10.387528
 88: 500 sentences processed
 88: Current speed is 1.73262162781 per sentence
 88: Current WSR is: 0.174512
 88: Current Selection ratio is: 9.819639
 279: 550 sentences processed
 279: Current speed is 1.66636725426 per sentence
 279: Current WSR is: 0.174394
 279: Current Selection ratio is: 9.717668
 634: 600 sentences processed
 634: Current speed is 1.62142756661 per sentence
 634: Current WSR is: 0.182007
 634: Current Selection ratio is: 9.929883
 766: 650 sentences processed
 766: Current speed is 1.59229060613 per sentence
 766: Current WSR is: 0.187272
 766: Current Selection ratio is: 10.072419
 922: 700 sentences processed
 922: Current speed is 1.62306348562 per sentence
 922: Current WSR is: 0.191763
 922: Current Selection ratio is: 10.304721
 261: 750 sentences processed
 261: Current speed is 1.62997873974 per sentence
 261: Current WSR is: 0.195494
 261: Current Selection ratio is: 10.340454
 63: 800 sentences processed
 63: Current speed is 1.64785765499 per sentence
 64: Current WSR is: 0.200254
 64: Current Selection ratio is: 10.511890
 778: 850 sentences processed
 778: Current speed is 1.67058854917 per sentence
 778: Current WSR is: 0.203295
 778: Current Selection ratio is: 10.656066
 761: 900 sentences processed
 761: Current speed is 1.75664837307 per sentence
 761: Current WSR is: 0.212006
 761: Current Selection ratio is: 11.165740
 742: 950 sentences processed
 742: Current speed is 1.82312041985 per sentence
 742: Current WSR is: 0.219006
 742: Current Selection ratio is: 11.571128
 24: 1000 sentences processed
 25: Current speed is 1.77824718094 per sentence
 25: Current WSR is: 0.217122
 25: Current Selection ratio is: 11.319319
Using gpu device 0: GeForce GTX TITAN X
 492: Post editing via the isles approach
 492: Create input variables
 492: Create encoder
 492: _create_embedding_layers
 540: _create_transition_layers
 542: _create_inter_level_layers
 542: _create_representation_layers
 547: Build encoding computation graph
 584: Create backward encoder
 584: _create_embedding_layers
 648: _create_transition_layers
 650: _create_inter_level_layers
 650: _create_representation_layers
 656: Build backward encoding computation graph
 688: Create decoder
 688: _create_embedding_layers
 747: _create_transition_layers
 748: RecurrentLayerWithSearch is used
 963: _create_inter_level_layers
 963: _create_initialization_layers
 966: _create_decoding_layers
 980: _create_readout_layers
 47: Build log-likelihood computation graph
 178: Get grads
/home/lvapeab/software/anaconda/lib/python2.7/site-packages/theano/scan_module/scan_utils.py:78: UserWarning: You are creating a TensorVariable with float64 dtype. You requested an action via the Theano flag warn_float64={ignore,warn,raise,pdb}.
  nw_x = nw_x.astype(dtype).type()
 30: Got grads
 30: Build sampling computation graph
 685: Create auxiliary variables
 686: Compile sampler
 77: Model params:
['A_dec_transition_0',
 'B_dec_transition_0',
 'D_dec_transition_0',
 'G_back_enc_transition_0',
 'G_dec_transition_0',
 'G_enc_transition_0',
 'R_back_enc_transition_0',
 'R_dec_transition_0',
 'R_enc_transition_0',
 'W1_dec_deep_softmax',
 'W2_dec_deep_softmax',
 'W_0_DatN_dec_transition_0',
 'W_0_back_enc_input_embdr_0',
 'W_0_back_enc_reset_embdr_0',
 'W_0_back_enc_update_embdr_0',
 'W_0_dec_approx_embdr',
 'W_0_dec_dec_inputter_0',
 'W_0_dec_dec_reseter_0',
 'W_0_dec_dec_updater_0',
 'W_0_dec_hid_readout_0',
 'W_0_dec_initializer_0',
 'W_0_dec_input_embdr_0',
 'W_0_dec_prev_readout_0',
 'W_0_dec_repr_readout',
 'W_0_dec_reset_embdr_0',
 'W_0_dec_update_embdr_0',
 'W_0_enc_approx_embdr',
 'W_0_enc_input_embdr_0',
 'W_0_enc_reset_embdr_0',
 'W_0_enc_update_embdr_0',
 'W_1_DatN_dec_transition_0',
 'W_back_enc_transition_0',
 'W_dec_transition_0',
 'W_enc_transition_0',
 'b_0_DatN_dec_transition_0',
 'b_0_back_enc_input_embdr_0',
 'b_0_dec_approx_embdr',
 'b_0_dec_hid_readout_0',
 'b_0_dec_initializer_0',
 'b_0_dec_input_embdr_0',
 'b_0_enc_approx_embdr',
 'b_0_enc_input_embdr_0',
 'b_1_DatN_dec_transition_0',
 'b_dec_deep_softmax']
 79: Loading W1_dec_deep_softmax of (250, 520)
 97: Loading W2_dec_deep_softmax of (520, 14480)
 196: Loading b_dec_deep_softmax of (14480,)
 198: Loading W_0_dec_repr_readout of (1000, 500)
 205: Loading W_dec_transition_0 of (500, 500)
 210: Loading G_dec_transition_0 of (500, 500)
 214: Loading R_dec_transition_0 of (500, 500)
 219: Loading A_dec_transition_0 of (1000, 500)
 227: Loading B_dec_transition_0 of (500, 500)
 230: Loading D_dec_transition_0 of (500, 1)
 231: Loading W_0_DatN_dec_transition_0 of (500, 500)
 236: Loading W_1_DatN_dec_transition_0 of (500, 500)
 239: Loading b_0_DatN_dec_transition_0 of (500,)
 240: Loading b_1_DatN_dec_transition_0 of (500,)
 241: Loading W_0_dec_dec_inputter_0 of (1000, 500)
 249: Loading W_0_dec_dec_reseter_0 of (1000, 500)
 257: Loading W_0_dec_dec_updater_0 of (1000, 500)
 264: Loading W_0_dec_input_embdr_0 of (520, 500)
 269: Loading b_0_dec_input_embdr_0 of (500,)
 279: Loading W_0_dec_approx_embdr of (14480, 520)
 381: Loading b_0_dec_approx_embdr of (520,)
 382: Loading W_0_dec_initializer_0 of (500, 500)
 386: Loading b_0_dec_initializer_0 of (500,)
 387: Loading W_enc_transition_0 of (500, 500)
 394: Loading G_enc_transition_0 of (500, 500)
 399: Loading R_enc_transition_0 of (500, 500)
 404: Loading W_0_enc_input_embdr_0 of (520, 500)
 410: Loading b_0_enc_input_embdr_0 of (500,)
 420: Loading W_0_enc_approx_embdr of (11425, 520)
 503: Loading b_0_enc_approx_embdr of (520,)
 504: Loading W_0_enc_update_embdr_0 of (520, 500)
 509: Loading W_0_enc_reset_embdr_0 of (520, 500)
 514: Loading W_back_enc_transition_0 of (500, 500)
 518: Loading G_back_enc_transition_0 of (500, 500)
 523: Loading R_back_enc_transition_0 of (500, 500)
 529: Loading W_0_back_enc_input_embdr_0 of (520, 500)
 534: Loading b_0_back_enc_input_embdr_0 of (500,)
 536: Loading W_0_back_enc_update_embdr_0 of (520, 500)
 541: Loading W_0_back_enc_reset_embdr_0 of (520, 500)
 545: Loading W_0_dec_update_embdr_0 of (520, 500)
 550: Loading W_0_dec_reset_embdr_0 of (520, 500)
 555: Loading W_0_dec_hid_readout_0 of (500, 500)
 559: Loading b_0_dec_hid_readout_0 of (500,)
 560: Loading W_0_dec_prev_readout_0 of (520, 500)
/home/lvapeab/software/anaconda/lib/python2.7/site-packages/groundhog-0.1.dev0-py2.7.egg/experiments/nmt/encdec.py:1491: UserWarning: theano.function was asked to create a function computing outputs given certain inputs, but the provided input variable at index 1 is not part of the computational graph needed to compute the outputs: step_num.
To make this warning into an error, you can pass the parameter on_unused_input='raise' to theano.function. To disable it completely, use on_unused_input='ignore'.
/home/lvapeab/software/anaconda/lib/python2.7/site-packages/groundhog-0.1.dev0-py2.7.egg/experiments/nmt/encdec.py:1500: UserWarning: theano.function was asked to create a function computing outputs given certain inputs, but the provided input variable at index 1 is not part of the computational graph needed to compute the outputs: step_num.
To make this warning into an error, you can pass the parameter on_unused_input='raise' to theano.function. To disable it completely, use on_unused_input='ignore'.
 904: Storing corrected hypotheses into: /home/lvapeab/smt/tasks/xerox/enes/NMT/postEditing/xerox.dev.PE_isles.es
 904: Storing original hypotheses into: /home/lvapeab/smt/tasks/xerox/enes/NMT/postEditing/xerox.dev.Orihyp.es
 905: Beam size: 6
 324: 50 sentences processed
 324: Current speed is 1.00838265896 per sentence
 324: Current WSR is: 0.117798
 324: Current Selection ratio is: 7.612245
 810: 100 sentences processed
 810: Current speed is 1.04905184031 per sentence
 810: Current WSR is: 0.134402
 810: Current Selection ratio is: 8.919192
 678: 150 sentences processed
 679: Current speed is 1.14515910625 per sentence
 679: Current WSR is: 0.152174
 679: Current Selection ratio is: 9.704698
 247: 200 sentences processed
 247: Current speed is 1.08171366572 per sentence
 247: Current WSR is: 0.144510
 247: Current Selection ratio is: 8.683417
 505: 250 sentences processed
 505: Current speed is 1.14640315247 per sentence
 505: Current WSR is: 0.135481
 506: Current Selection ratio is: 8.144578
 220: 300 sentences processed
 220: Current speed is 1.53771788359 per sentence
 220: Current WSR is: 0.154287
 220: Current Selection ratio is: 10.157191
 563: 350 sentences processed
 563: Current speed is 1.5133098432 per sentence
 563: Current WSR is: 0.156937
 563: Current Selection ratio is: 9.839542
 263: 400 sentences processed
 263: Current speed is 1.67339589 per sentence
 263: Current WSR is: 0.169939
 263: Current Selection ratio is: 10.581454
 753: 450 sentences processed
 753: Current speed is 1.67077492237 per sentence
 753: Current WSR is: 0.166274
 753: Current Selection ratio is: 10.291759
 991: 500 sentences processed
 991: Current speed is 1.60217344999 per sentence
 991: Current WSR is: 0.164878
 991: Current Selection ratio is: 9.751503
 876: 550 sentences processed
 876: Current speed is 1.60903828924 per sentence
 876: Current WSR is: 0.164786
 876: Current Selection ratio is: 9.681239
 831: 600 sentences processed
 831: Current speed is 1.59487759988 per sentence
 831: Current WSR is: 0.172045
 831: Current Selection ratio is: 9.879800
 450: 650 sentences processed
 450: Current speed is 1.57160767702 per sentence
 450: Current WSR is: 0.177865
 450: Current Selection ratio is: 10.027735
 896: 700 sentences processed
 896: Current speed is 1.55570229428 per sentence
 896: Current WSR is: 0.182937
 896: Current Selection ratio is: 10.291845
 878: 750 sentences processed
 878: Current speed is 1.52263085079 per sentence
 878: Current WSR is: 0.186364
 878: Current Selection ratio is: 10.295060
 54: 800 sentences processed
 54: Current speed is 1.51143631876 per sentence
 54: Current WSR is: 0.191271
 54: Current Selection ratio is: 10.453066
 554: 850 sentences processed
 554: Current speed is 1.55017570131 per sentence
 554: Current WSR is: 0.194684
 554: Current Selection ratio is: 10.594817
 621: 900 sentences processed
 621: Current speed is 1.64635197004 per sentence
 621: Current WSR is: 0.203079
 622: Current Selection ratio is: 11.133482
 455: 950 sentences processed
 455: Current speed is 1.72057915888 per sentence
 455: Current WSR is: 0.209952
 455: Current Selection ratio is: 11.518440
 316: 1000 sentences processed
 316: Current speed is 1.69941152406 per sentence
 316: Current WSR is: 0.208194
 316: Current Selection ratio is: 11.278278
Using gpu device 0: GeForce GTX TITAN X
 918: Post editing via the isles approach
 918: Create input variables
 918: Create encoder
 918: _create_embedding_layers
 990: _create_transition_layers
 993: _create_inter_level_layers
 993: _create_representation_layers
 2: Build encoding computation graph
 38: Create backward encoder
 38: _create_embedding_layers
 111: _create_transition_layers
 113: _create_inter_level_layers
 113: _create_representation_layers
 118: Build backward encoding computation graph
 150: Create decoder
 150: _create_embedding_layers
 208: _create_transition_layers
 208: RecurrentLayerWithSearch is used
 416: _create_inter_level_layers
 416: _create_initialization_layers
 419: _create_decoding_layers
 438: _create_readout_layers
 511: Build log-likelihood computation graph
 637: Get grads
/home/lvapeab/software/anaconda/lib/python2.7/site-packages/theano/scan_module/scan_utils.py:78: UserWarning: You are creating a TensorVariable with float64 dtype. You requested an action via the Theano flag warn_float64={ignore,warn,raise,pdb}.
  nw_x = nw_x.astype(dtype).type()
 332: Got grads
 332: Build sampling computation graph
 65: Create auxiliary variables
 65: Compile sampler
 953: Model params:
['A_dec_transition_0',
 'B_dec_transition_0',
 'D_dec_transition_0',
 'G_back_enc_transition_0',
 'G_dec_transition_0',
 'G_enc_transition_0',
 'R_back_enc_transition_0',
 'R_dec_transition_0',
 'R_enc_transition_0',
 'W1_dec_deep_softmax',
 'W2_dec_deep_softmax',
 'W_0_DatN_dec_transition_0',
 'W_0_back_enc_input_embdr_0',
 'W_0_back_enc_reset_embdr_0',
 'W_0_back_enc_update_embdr_0',
 'W_0_dec_approx_embdr',
 'W_0_dec_dec_inputter_0',
 'W_0_dec_dec_reseter_0',
 'W_0_dec_dec_updater_0',
 'W_0_dec_hid_readout_0',
 'W_0_dec_initializer_0',
 'W_0_dec_input_embdr_0',
 'W_0_dec_prev_readout_0',
 'W_0_dec_repr_readout',
 'W_0_dec_reset_embdr_0',
 'W_0_dec_update_embdr_0',
 'W_0_enc_approx_embdr',
 'W_0_enc_input_embdr_0',
 'W_0_enc_reset_embdr_0',
 'W_0_enc_update_embdr_0',
 'W_1_DatN_dec_transition_0',
 'W_back_enc_transition_0',
 'W_dec_transition_0',
 'W_enc_transition_0',
 'b_0_DatN_dec_transition_0',
 'b_0_back_enc_input_embdr_0',
 'b_0_dec_approx_embdr',
 'b_0_dec_hid_readout_0',
 'b_0_dec_initializer_0',
 'b_0_dec_input_embdr_0',
 'b_0_enc_approx_embdr',
 'b_0_enc_input_embdr_0',
 'b_1_DatN_dec_transition_0',
 'b_dec_deep_softmax']
 954: Loading W1_dec_deep_softmax of (250, 520)
 969: Loading W2_dec_deep_softmax of (520, 14480)
 68: Loading b_dec_deep_softmax of (14480,)
 71: Loading W_0_dec_repr_readout of (1000, 500)
 78: Loading W_dec_transition_0 of (500, 500)
 83: Loading G_dec_transition_0 of (500, 500)
 88: Loading R_dec_transition_0 of (500, 500)
 93: Loading A_dec_transition_0 of (1000, 500)
 101: Loading B_dec_transition_0 of (500, 500)
 106: Loading D_dec_transition_0 of (500, 1)
 108: Loading W_0_DatN_dec_transition_0 of (500, 500)
 113: Loading W_1_DatN_dec_transition_0 of (500, 500)
 117: Loading b_0_DatN_dec_transition_0 of (500,)
 119: Loading b_1_DatN_dec_transition_0 of (500,)
 121: Loading W_0_dec_dec_inputter_0 of (1000, 500)
 129: Loading W_0_dec_dec_reseter_0 of (1000, 500)
 137: Loading W_0_dec_dec_updater_0 of (1000, 500)
 144: Loading W_0_dec_input_embdr_0 of (520, 500)
 148: Loading b_0_dec_input_embdr_0 of (500,)
 159: Loading W_0_dec_approx_embdr of (14480, 520)
 254: Loading b_0_dec_approx_embdr of (520,)
 255: Loading W_0_dec_initializer_0 of (500, 500)
 258: Loading b_0_dec_initializer_0 of (500,)
 259: Loading W_enc_transition_0 of (500, 500)
 263: Loading G_enc_transition_0 of (500, 500)
 267: Loading R_enc_transition_0 of (500, 500)
 271: Loading W_0_enc_input_embdr_0 of (520, 500)
 275: Loading b_0_enc_input_embdr_0 of (500,)
 283: Loading W_0_enc_approx_embdr of (11425, 520)
 356: Loading b_0_enc_approx_embdr of (520,)
 357: Loading W_0_enc_update_embdr_0 of (520, 500)
 361: Loading W_0_enc_reset_embdr_0 of (520, 500)
 365: Loading W_back_enc_transition_0 of (500, 500)
 369: Loading G_back_enc_transition_0 of (500, 500)
 373: Loading R_back_enc_transition_0 of (500, 500)
 378: Loading W_0_back_enc_input_embdr_0 of (520, 500)
 382: Loading b_0_back_enc_input_embdr_0 of (500,)
 383: Loading W_0_back_enc_update_embdr_0 of (520, 500)
 387: Loading W_0_back_enc_reset_embdr_0 of (520, 500)
 391: Loading W_0_dec_update_embdr_0 of (520, 500)
 396: Loading W_0_dec_reset_embdr_0 of (520, 500)
 400: Loading W_0_dec_hid_readout_0 of (500, 500)
 404: Loading b_0_dec_hid_readout_0 of (500,)
 405: Loading W_0_dec_prev_readout_0 of (520, 500)
/home/lvapeab/software/anaconda/lib/python2.7/site-packages/groundhog-0.1.dev0-py2.7.egg/experiments/nmt/encdec.py:1491: UserWarning: theano.function was asked to create a function computing outputs given certain inputs, but the provided input variable at index 1 is not part of the computational graph needed to compute the outputs: step_num.
To make this warning into an error, you can pass the parameter on_unused_input='raise' to theano.function. To disable it completely, use on_unused_input='ignore'.
/home/lvapeab/software/anaconda/lib/python2.7/site-packages/groundhog-0.1.dev0-py2.7.egg/experiments/nmt/encdec.py:1500: UserWarning: theano.function was asked to create a function computing outputs given certain inputs, but the provided input variable at index 1 is not part of the computational graph needed to compute the outputs: step_num.
To make this warning into an error, you can pass the parameter on_unused_input='raise' to theano.function. To disable it completely, use on_unused_input='ignore'.
 601: Storing corrected hypotheses into: /home/lvapeab/smt/tasks/xerox/enes/NMT/postEditing/xerox.dev.PE_isles.es
 601: Storing original hypotheses into: /home/lvapeab/smt/tasks/xerox/enes/NMT/postEditing/xerox.dev.Orihyp.es
 601: Beam size: 6
 474: 50 sentences processed
 474: Current speed is 1.73744852066 per sentence
 474: Current WSR is: 0.113956
 474: Current Selection ratio is: 8.959184
 851: 100 sentences processed
 851: Current speed is 1.52249893904 per sentence
 851: Current WSR is: 0.128237
 851: Current Selection ratio is: 9.242424
 953: 150 sentences processed
 953: Current speed is 1.47567885399 per sentence
 953: Current WSR is: 0.148148
 953: Current Selection ratio is: 10.080537
 140: 200 sentences processed
 140: Current speed is 1.31269493937 per sentence
 140: Current WSR is: 0.141070
 140: Current Selection ratio is: 9.015075
 327: 250 sentences processed
 327: Current speed is 1.21490278435 per sentence
 327: Current WSR is: 0.131792
 327: Current Selection ratio is: 8.405622
 694: 300 sentences processed
 694: Current speed is 1.39364271323 per sentence
 694: Current WSR is: 0.150928
 694: Current Selection ratio is: 10.304348
 219: 350 sentences processed
 219: Current speed is 1.41605107171 per sentence
 219: Current WSR is: 0.153846
 219: Current Selection ratio is: 9.916905
 776: 400 sentences processed
 776: Current speed is 1.65043597519 per sentence
 776: Current WSR is: 0.167282
 776: Current Selection ratio is: 10.704261
 341: 450 sentences processed
 341: Current speed is 1.64608775086 per sentence
 341: Current WSR is: 0.162867
 341: Current Selection ratio is: 10.360802
 535: 500 sentences processed
 535: Current speed is 1.58986730814 per sentence
 535: Current WSR is: 0.162073
 535: Current Selection ratio is: 9.845691
 294: 550 sentences processed
 294: Current speed is 1.6067139929 per sentence
 294: Current WSR is: 0.161993
 294: Current Selection ratio is: 9.748634
 97: 600 sentences processed
 97: Current speed is 1.64249250015 per sentence
 97: Current WSR is: 0.169347
 97: Current Selection ratio is: 9.946578
 781: 650 sentences processed
 781: Current speed is 1.6802765076 per sentence
 781: Current WSR is: 0.174890
 781: Current Selection ratio is: 10.104777
 203: 700 sentences processed
 203: Current speed is 1.68086013011 per sentence
 204: Current WSR is: 0.179460
 204: Current Selection ratio is: 10.350501
 809: 750 sentences processed
 810: Current speed is 1.64294425742 per sentence
 810: Current WSR is: 0.182762
 810: Current Selection ratio is: 10.355140
 604: 800 sentences processed
 604: Current speed is 1.61750328988 per sentence
 604: Current WSR is: 0.187773
 604: Current Selection ratio is: 10.505632
 485: 850 sentences processed
 485: Current speed is 1.59868693183 per sentence
 485: Current WSR is: 0.190565
 485: Current Selection ratio is: 10.608952
 211: 900 sentences processed
 211: Current speed is 1.67067692227 per sentence
 211: Current WSR is: 0.198932
 211: Current Selection ratio is: 11.110122
 740: 950 sentences processed
 740: Current speed is 1.75067191576 per sentence
 740: Current WSR is: 0.205855
 740: Current Selection ratio is: 11.495258
 511: 1000 sentences processed
 511: Current speed is 1.731910115 per sentence
 512: Current WSR is: 0.204268
 512: Current Selection ratio is: 11.264264
Using gpu device 0: GeForce GTX TITAN X
 395: Post editing via the isles approach
 395: Create input variables
 395: Create encoder
 395: _create_embedding_layers
 456: _create_transition_layers
 458: _create_inter_level_layers
 459: _create_representation_layers
 466: Build encoding computation graph
 504: Create backward encoder
 504: _create_embedding_layers
 569: _create_transition_layers
 571: _create_inter_level_layers
 571: _create_representation_layers
 580: Build backward encoding computation graph
 612: Create decoder
 612: _create_embedding_layers
 676: _create_transition_layers
 676: RecurrentLayerWithSearch is used
 882: _create_inter_level_layers
 882: _create_initialization_layers
 887: _create_decoding_layers
 905: _create_readout_layers
 961: Build log-likelihood computation graph
 85: Get grads
/home/lvapeab/software/anaconda/lib/python2.7/site-packages/theano/scan_module/scan_utils.py:78: UserWarning: You are creating a TensorVariable with float64 dtype. You requested an action via the Theano flag warn_float64={ignore,warn,raise,pdb}.
  nw_x = nw_x.astype(dtype).type()
 602: Got grads
 602: Build sampling computation graph
 321: Create auxiliary variables
 321: Compile sampler
 256: Model params:
['A_dec_transition_0',
 'B_dec_transition_0',
 'D_dec_transition_0',
 'G_back_enc_transition_0',
 'G_dec_transition_0',
 'G_enc_transition_0',
 'R_back_enc_transition_0',
 'R_dec_transition_0',
 'R_enc_transition_0',
 'W1_dec_deep_softmax',
 'W2_dec_deep_softmax',
 'W_0_DatN_dec_transition_0',
 'W_0_back_enc_input_embdr_0',
 'W_0_back_enc_reset_embdr_0',
 'W_0_back_enc_update_embdr_0',
 'W_0_dec_approx_embdr',
 'W_0_dec_dec_inputter_0',
 'W_0_dec_dec_reseter_0',
 'W_0_dec_dec_updater_0',
 'W_0_dec_hid_readout_0',
 'W_0_dec_initializer_0',
 'W_0_dec_input_embdr_0',
 'W_0_dec_prev_readout_0',
 'W_0_dec_repr_readout',
 'W_0_dec_reset_embdr_0',
 'W_0_dec_update_embdr_0',
 'W_0_enc_approx_embdr',
 'W_0_enc_input_embdr_0',
 'W_0_enc_reset_embdr_0',
 'W_0_enc_update_embdr_0',
 'W_1_DatN_dec_transition_0',
 'W_back_enc_transition_0',
 'W_dec_transition_0',
 'W_enc_transition_0',
 'b_0_DatN_dec_transition_0',
 'b_0_back_enc_input_embdr_0',
 'b_0_dec_approx_embdr',
 'b_0_dec_hid_readout_0',
 'b_0_dec_initializer_0',
 'b_0_dec_input_embdr_0',
 'b_0_enc_approx_embdr',
 'b_0_enc_input_embdr_0',
 'b_1_DatN_dec_transition_0',
 'b_dec_deep_softmax']
 258: Loading W1_dec_deep_softmax of (250, 520)
 278: Loading W2_dec_deep_softmax of (520, 14480)
 395: Loading b_dec_deep_softmax of (14480,)
 397: Loading W_0_dec_repr_readout of (1000, 500)
 406: Loading W_dec_transition_0 of (500, 500)
 411: Loading G_dec_transition_0 of (500, 500)
 416: Loading R_dec_transition_0 of (500, 500)
 422: Loading A_dec_transition_0 of (1000, 500)
 431: Loading B_dec_transition_0 of (500, 500)
 436: Loading D_dec_transition_0 of (500, 1)
 438: Loading W_0_DatN_dec_transition_0 of (500, 500)
 444: Loading W_1_DatN_dec_transition_0 of (500, 500)
 449: Loading b_0_DatN_dec_transition_0 of (500,)
 451: Loading b_1_DatN_dec_transition_0 of (500,)
 453: Loading W_0_dec_dec_inputter_0 of (1000, 500)
 463: Loading W_0_dec_dec_reseter_0 of (1000, 500)
 474: Loading W_0_dec_dec_updater_0 of (1000, 500)
 483: Loading W_0_dec_input_embdr_0 of (520, 500)
 489: Loading b_0_dec_input_embdr_0 of (500,)
 504: Loading W_0_dec_approx_embdr of (14480, 520)
 620: Loading b_0_dec_approx_embdr of (520,)
 622: Loading W_0_dec_initializer_0 of (500, 500)
 627: Loading b_0_dec_initializer_0 of (500,)
 628: Loading W_enc_transition_0 of (500, 500)
 634: Loading G_enc_transition_0 of (500, 500)
 640: Loading R_enc_transition_0 of (500, 500)
 646: Loading W_0_enc_input_embdr_0 of (520, 500)
 651: Loading b_0_enc_input_embdr_0 of (500,)
 663: Loading W_0_enc_approx_embdr of (11425, 520)
 755: Loading b_0_enc_approx_embdr of (520,)
 757: Loading W_0_enc_update_embdr_0 of (520, 500)
 763: Loading W_0_enc_reset_embdr_0 of (520, 500)
 769: Loading W_back_enc_transition_0 of (500, 500)
 775: Loading G_back_enc_transition_0 of (500, 500)
 781: Loading R_back_enc_transition_0 of (500, 500)
 787: Loading W_0_back_enc_input_embdr_0 of (520, 500)
 793: Loading b_0_back_enc_input_embdr_0 of (500,)
 795: Loading W_0_back_enc_update_embdr_0 of (520, 500)
 801: Loading W_0_back_enc_reset_embdr_0 of (520, 500)
 807: Loading W_0_dec_update_embdr_0 of (520, 500)
 813: Loading W_0_dec_reset_embdr_0 of (520, 500)
 819: Loading W_0_dec_hid_readout_0 of (500, 500)
 824: Loading b_0_dec_hid_readout_0 of (500,)
 826: Loading W_0_dec_prev_readout_0 of (520, 500)
/home/lvapeab/software/anaconda/lib/python2.7/site-packages/groundhog-0.1.dev0-py2.7.egg/experiments/nmt/encdec.py:1491: UserWarning: theano.function was asked to create a function computing outputs given certain inputs, but the provided input variable at index 1 is not part of the computational graph needed to compute the outputs: step_num.
To make this warning into an error, you can pass the parameter on_unused_input='raise' to theano.function. To disable it completely, use on_unused_input='ignore'.
/home/lvapeab/software/anaconda/lib/python2.7/site-packages/groundhog-0.1.dev0-py2.7.egg/experiments/nmt/encdec.py:1500: UserWarning: theano.function was asked to create a function computing outputs given certain inputs, but the provided input variable at index 1 is not part of the computational graph needed to compute the outputs: step_num.
To make this warning into an error, you can pass the parameter on_unused_input='raise' to theano.function. To disable it completely, use on_unused_input='ignore'.
 376: Storing corrected hypotheses into: /home/lvapeab/smt/tasks/xerox/enes/NMT/postEditing/xerox.dev.PE_isles.es
 376: Storing original hypotheses into: /home/lvapeab/smt/tasks/xerox/enes/NMT/postEditing/xerox.dev.Orihyp.es
 376: Beam size: 6
 741: 50 sentences processed
 741: Current speed is 1.74729830265 per sentence
 741: Current WSR is: 0.112676
 741: Current Selection ratio is: 7.959184
 469: 100 sentences processed
 469: Current speed is 1.86092744112 per sentence
 469: Current WSR is: 0.130086
 469: Current Selection ratio is: 8.878788
 199: 150 sentences processed
 199: Current speed is 1.99215047359 per sentence
 199: Current WSR is: 0.148551
 199: Current Selection ratio is: 9.771812
 818: 200 sentences processed
 818: Current speed is 1.6972113204 per sentence
 819: Current WSR is: 0.140444
 819: Current Selection ratio is: 8.708543
 982: 250 sentences processed
 982: Current speed is 1.53042296791 per sentence
 982: Current WSR is: 0.130809
 982: Current Selection ratio is: 8.156627
 728: 300 sentences processed
 728: Current speed is 1.66783985694 per sentence
 728: Current WSR is: 0.149348
 728: Current Selection ratio is: 10.123746
 6: 350 sentences processed
 6: Current speed is 1.5675141028 per sentence
 6: Current WSR is: 0.151957
 6: Current Selection ratio is: 9.762178
 513: 400 sentences processed
 513: Current speed is 1.70534164011 per sentence
 513: Current WSR is: 0.164920
 513: Current Selection ratio is: 10.508772
 434: 450 sentences processed
 434: Current speed is 1.70457207574 per sentence
 434: Current WSR is: 0.161032
 434: Current Selection ratio is: 10.233853
 461: 500 sentences processed
 461: Current speed is 1.64217050028 per sentence
 461: Current WSR is: 0.160122
 462: Current Selection ratio is: 9.713427
 328: 550 sentences processed
 328: Current speed is 1.65991166938 per sentence
 328: Current WSR is: 0.159982
 328: Current Selection ratio is: 9.624772
 326: 600 sentences processed
 326: Current speed is 1.70325005492 per sentence
 326: Current WSR is: 0.167687
 326: Current Selection ratio is: 9.848080
 707: 650 sentences processed
 707: Current speed is 1.74666331841 per sentence
 707: Current WSR is: 0.173642
 707: Current Selection ratio is: 10.018490
 319: 700 sentences processed
 319: Current speed is 1.80134687866 per sentence
 319: Current WSR is: 0.178747
 319: Current Selection ratio is: 10.313305
 519: 750 sentences processed
 519: Current speed is 1.77752370675 per sentence
 519: Current WSR is: 0.181925
 519: Current Selection ratio is: 10.320427
 717: 800 sentences processed
 717: Current speed is 1.7516765064 per sentence
 717: Current WSR is: 0.187376
 717: Current Selection ratio is: 10.509387
 267: 850 sentences processed
 267: Current speed is 1.73163658843 per sentence
 267: Current WSR is: 0.190640
 267: Current Selection ratio is: 10.648999
 554: 900 sentences processed
 554: Current speed is 1.79353070233 per sentence
 554: Current WSR is: 0.199353
 554: Current Selection ratio is: 11.240267
 657: 950 sentences processed
 658: Current speed is 1.88029619367 per sentence
 658: Current WSR is: 0.206318
 658: Current Selection ratio is: 11.651212
 44: 1000 sentences processed
 44: Current speed is 1.85766782713 per sentence
 44: Current WSR is: 0.204648
 44: Current Selection ratio is: 11.410410
Using gpu device 0: GeForce GTX TITAN X
 751: Post editing via the isles approach
 751: Create input variables
 751: Create encoder
 752: _create_embedding_layers
 827: _create_transition_layers
 829: _create_inter_level_layers
 829: _create_representation_layers
 836: Build encoding computation graph
 874: Create backward encoder
 874: _create_embedding_layers
 961: _create_transition_layers
 963: _create_inter_level_layers
 963: _create_representation_layers
 970: Build backward encoding computation graph
 2: Create decoder
 2: _create_embedding_layers
 90: _create_transition_layers
 90: RecurrentLayerWithSearch is used
 298: _create_inter_level_layers
 298: _create_initialization_layers
 303: _create_decoding_layers
 322: _create_readout_layers
 408: Build log-likelihood computation graph
 532: Get grads
/home/lvapeab/software/anaconda/lib/python2.7/site-packages/theano/scan_module/scan_utils.py:78: UserWarning: You are creating a TensorVariable with float64 dtype. You requested an action via the Theano flag warn_float64={ignore,warn,raise,pdb}.
  nw_x = nw_x.astype(dtype).type()
 183: Got grads
 183: Build sampling computation graph
 825: Create auxiliary variables
 825: Compile sampler
 629: Model params:
['A_dec_transition_0',
 'B_dec_transition_0',
 'D_dec_transition_0',
 'G_back_enc_transition_0',
 'G_dec_transition_0',
 'G_enc_transition_0',
 'R_back_enc_transition_0',
 'R_dec_transition_0',
 'R_enc_transition_0',
 'W1_dec_deep_softmax',
 'W2_dec_deep_softmax',
 'W_0_DatN_dec_transition_0',
 'W_0_back_enc_input_embdr_0',
 'W_0_back_enc_reset_embdr_0',
 'W_0_back_enc_update_embdr_0',
 'W_0_dec_approx_embdr',
 'W_0_dec_dec_inputter_0',
 'W_0_dec_dec_reseter_0',
 'W_0_dec_dec_updater_0',
 'W_0_dec_hid_readout_0',
 'W_0_dec_initializer_0',
 'W_0_dec_input_embdr_0',
 'W_0_dec_prev_readout_0',
 'W_0_dec_repr_readout',
 'W_0_dec_reset_embdr_0',
 'W_0_dec_update_embdr_0',
 'W_0_enc_approx_embdr',
 'W_0_enc_input_embdr_0',
 'W_0_enc_reset_embdr_0',
 'W_0_enc_update_embdr_0',
 'W_1_DatN_dec_transition_0',
 'W_back_enc_transition_0',
 'W_dec_transition_0',
 'W_enc_transition_0',
 'b_0_DatN_dec_transition_0',
 'b_0_back_enc_input_embdr_0',
 'b_0_dec_approx_embdr',
 'b_0_dec_hid_readout_0',
 'b_0_dec_initializer_0',
 'b_0_dec_input_embdr_0',
 'b_0_enc_approx_embdr',
 'b_0_enc_input_embdr_0',
 'b_1_DatN_dec_transition_0',
 'b_dec_deep_softmax']
 631: Loading W1_dec_deep_softmax of (250, 520)
 647: Loading W2_dec_deep_softmax of (520, 14480)
 750: Loading b_dec_deep_softmax of (14480,)
 753: Loading W_0_dec_repr_readout of (1000, 500)
 762: Loading W_dec_transition_0 of (500, 500)
 767: Loading G_dec_transition_0 of (500, 500)
 772: Loading R_dec_transition_0 of (500, 500)
 777: Loading A_dec_transition_0 of (1000, 500)
 785: Loading B_dec_transition_0 of (500, 500)
 789: Loading D_dec_transition_0 of (500, 1)
 792: Loading W_0_DatN_dec_transition_0 of (500, 500)
 797: Loading W_1_DatN_dec_transition_0 of (500, 500)
 801: Loading b_0_DatN_dec_transition_0 of (500,)
 802: Loading b_1_DatN_dec_transition_0 of (500,)
 804: Loading W_0_dec_dec_inputter_0 of (1000, 500)
 812: Loading W_0_dec_dec_reseter_0 of (1000, 500)
 820: Loading W_0_dec_dec_updater_0 of (1000, 500)
 827: Loading W_0_dec_input_embdr_0 of (520, 500)
 832: Loading b_0_dec_input_embdr_0 of (500,)
 843: Loading W_0_dec_approx_embdr of (14480, 520)
 941: Loading b_0_dec_approx_embdr of (520,)
 943: Loading W_0_dec_initializer_0 of (500, 500)
 947: Loading b_0_dec_initializer_0 of (500,)
 948: Loading W_enc_transition_0 of (500, 500)
 953: Loading G_enc_transition_0 of (500, 500)
 958: Loading R_enc_transition_0 of (500, 500)
 962: Loading W_0_enc_input_embdr_0 of (520, 500)
 966: Loading b_0_enc_input_embdr_0 of (500,)
 976: Loading W_0_enc_approx_embdr of (11425, 520)
 50: Loading b_0_enc_approx_embdr of (520,)
 51: Loading W_0_enc_update_embdr_0 of (520, 500)
 56: Loading W_0_enc_reset_embdr_0 of (520, 500)
 60: Loading W_back_enc_transition_0 of (500, 500)
 64: Loading G_back_enc_transition_0 of (500, 500)
 68: Loading R_back_enc_transition_0 of (500, 500)
 72: Loading W_0_back_enc_input_embdr_0 of (520, 500)
 76: Loading b_0_back_enc_input_embdr_0 of (500,)
 77: Loading W_0_back_enc_update_embdr_0 of (520, 500)
 81: Loading W_0_back_enc_reset_embdr_0 of (520, 500)
 85: Loading W_0_dec_update_embdr_0 of (520, 500)
 89: Loading W_0_dec_reset_embdr_0 of (520, 500)
 93: Loading W_0_dec_hid_readout_0 of (500, 500)
 96: Loading b_0_dec_hid_readout_0 of (500,)
 104: Loading W_0_dec_prev_readout_0 of (520, 500)
/home/lvapeab/software/anaconda/lib/python2.7/site-packages/groundhog-0.1.dev0-py2.7.egg/experiments/nmt/encdec.py:1491: UserWarning: theano.function was asked to create a function computing outputs given certain inputs, but the provided input variable at index 1 is not part of the computational graph needed to compute the outputs: step_num.
To make this warning into an error, you can pass the parameter on_unused_input='raise' to theano.function. To disable it completely, use on_unused_input='ignore'.
/home/lvapeab/software/anaconda/lib/python2.7/site-packages/groundhog-0.1.dev0-py2.7.egg/experiments/nmt/encdec.py:1500: UserWarning: theano.function was asked to create a function computing outputs given certain inputs, but the provided input variable at index 1 is not part of the computational graph needed to compute the outputs: step_num.
To make this warning into an error, you can pass the parameter on_unused_input='raise' to theano.function. To disable it completely, use on_unused_input='ignore'.
 302: Storing corrected hypotheses into: /home/lvapeab/smt/tasks/xerox/enes/NMT/postEditing/xerox.dev.PE_isles.es
 302: Storing original hypotheses into: /home/lvapeab/smt/tasks/xerox/enes/NMT/postEditing/xerox.dev.Orihyp.es
 302: Beam size: 6
 734: 50 sentences processed
 734: Current speed is 1.7886320591 per sentence
 734: Current WSR is: 0.107554
 734: Current Selection ratio is: 8.040816
 98: 100 sentences processed
 98: Current speed is 1.89795773983 per sentence
 98: Current WSR is: 0.124538
 98: Current Selection ratio is: 8.898990
 398: 150 sentences processed
 398: Current speed is 2.06730400721 per sentence
 398: Current WSR is: 0.144525
 398: Current Selection ratio is: 9.563758
 823: 200 sentences processed
 823: Current speed is 1.77260159492 per sentence
 823: Current WSR is: 0.137316
 823: Current Selection ratio is: 8.618090
 736: 250 sentences processed
 736: Current speed is 1.5857354641 per sentence
 736: Current WSR is: 0.127612
 736: Current Selection ratio is: 8.048193
 254: 300 sentences processed
 254: Current speed is 1.7365051802 per sentence
 254: Current WSR is: 0.146977
 254: Current Selection ratio is: 10.110368
 950: 350 sentences processed
 950: Current speed is 1.66756375108 per sentence
 950: Current WSR is: 0.150069
 950: Current Selection ratio is: 9.756447
 426: 400 sentences processed
 426: Current speed is 1.88280970216 per sentence
 426: Current WSR is: 0.162705
 426: Current Selection ratio is: 10.491228
 287: 450 sentences processed
 287: Current speed is 1.86663283348 per sentence
 287: Current WSR is: 0.159067
 287: Current Selection ratio is: 10.207127
 38: 500 sentences processed
 38: Current speed is 1.79147110605 per sentence
 38: Current WSR is: 0.158171
 38: Current Selection ratio is: 9.675351
 94: 550 sentences processed
 94: Current speed is 1.79780328534 per sentence
 94: Current WSR is: 0.157971
 94: Current Selection ratio is: 9.577413
 625: 600 sentences processed
 625: Current speed is 1.83553812663 per sentence
 625: Current WSR is: 0.165715
 625: Current Selection ratio is: 9.782972
 471: 650 sentences processed
 471: Current speed is 1.88025964774 per sentence
 471: Current WSR is: 0.171818
 471: Current Selection ratio is: 9.949153
 975: 700 sentences processed
 975: Current speed is 1.88667482989 per sentence
 975: Current WSR is: 0.177231
 975: Current Selection ratio is: 10.227468
 27: 750 sentences processed
 27: Current speed is 1.84230000273 per sentence
 28: Current WSR is: 0.180417
 28: Current Selection ratio is: 10.241656
 335: 800 sentences processed
 335: Current speed is 1.81629123867 per sentence
 336: Current WSR is: 0.185706
 336: Current Selection ratio is: 10.401752
 958: 850 sentences processed
 958: Current speed is 1.79724131528 per sentence
 958: Current WSR is: 0.188993
 958: Current Selection ratio is: 10.528857
 757: 900 sentences processed
 757: Current speed is 1.91161647108 per sentence
 757: Current WSR is: 0.198018
 757: Current Selection ratio is: 11.094549
 354: 950 sentences processed
 354: Current speed is 2.00110689364 per sentence
 354: Current WSR is: 0.204798
 354: Current Selection ratio is: 11.489989
 478: 1000 sentences processed
 478: Current speed is 1.97417529702 per sentence
 478: Current WSR is: 0.203128
 478: Current Selection ratio is: 11.249249
Using gpu device 0: GeForce GTX TITAN X
 213: Post editing via the isles approach
 213: Create input variables
 213: Create encoder
 213: _create_embedding_layers
 277: _create_transition_layers
 279: _create_inter_level_layers
 279: _create_representation_layers
 284: Build encoding computation graph
 322: Create backward encoder
 323: _create_embedding_layers
 399: _create_transition_layers
 401: _create_inter_level_layers
 401: _create_representation_layers
 405: Build backward encoding computation graph
 437: Create decoder
 437: _create_embedding_layers
 517: _create_transition_layers
 517: RecurrentLayerWithSearch is used
 724: _create_inter_level_layers
 724: _create_initialization_layers
 726: _create_decoding_layers
 740: _create_readout_layers
 794: Build log-likelihood computation graph
 917: Get grads
/home/lvapeab/software/anaconda/lib/python2.7/site-packages/theano/scan_module/scan_utils.py:78: UserWarning: You are creating a TensorVariable with float64 dtype. You requested an action via the Theano flag warn_float64={ignore,warn,raise,pdb}.
  nw_x = nw_x.astype(dtype).type()
 501: Got grads
 501: Build sampling computation graph
 138: Create auxiliary variables
 138: Compile sampler
 489: Model params:
['A_dec_transition_0',
 'B_dec_transition_0',
 'D_dec_transition_0',
 'G_back_enc_transition_0',
 'G_dec_transition_0',
 'G_enc_transition_0',
 'R_back_enc_transition_0',
 'R_dec_transition_0',
 'R_enc_transition_0',
 'W1_dec_deep_softmax',
 'W2_dec_deep_softmax',
 'W_0_DatN_dec_transition_0',
 'W_0_back_enc_input_embdr_0',
 'W_0_back_enc_reset_embdr_0',
 'W_0_back_enc_update_embdr_0',
 'W_0_dec_approx_embdr',
 'W_0_dec_dec_inputter_0',
 'W_0_dec_dec_reseter_0',
 'W_0_dec_dec_updater_0',
 'W_0_dec_hid_readout_0',
 'W_0_dec_initializer_0',
 'W_0_dec_input_embdr_0',
 'W_0_dec_prev_readout_0',
 'W_0_dec_repr_readout',
 'W_0_dec_reset_embdr_0',
 'W_0_dec_update_embdr_0',
 'W_0_enc_approx_embdr',
 'W_0_enc_input_embdr_0',
 'W_0_enc_reset_embdr_0',
 'W_0_enc_update_embdr_0',
 'W_1_DatN_dec_transition_0',
 'W_back_enc_transition_0',
 'W_dec_transition_0',
 'W_enc_transition_0',
 'b_0_DatN_dec_transition_0',
 'b_0_back_enc_input_embdr_0',
 'b_0_dec_approx_embdr',
 'b_0_dec_hid_readout_0',
 'b_0_dec_initializer_0',
 'b_0_dec_input_embdr_0',
 'b_0_enc_approx_embdr',
 'b_0_enc_input_embdr_0',
 'b_1_DatN_dec_transition_0',
 'b_dec_deep_softmax']
 490: Loading W1_dec_deep_softmax of (250, 520)
 509: Loading W2_dec_deep_softmax of (520, 14480)
 603: Loading b_dec_deep_softmax of (14480,)
 606: Loading W_0_dec_repr_readout of (1000, 500)
 613: Loading W_dec_transition_0 of (500, 500)
 617: Loading G_dec_transition_0 of (500, 500)
 621: Loading R_dec_transition_0 of (500, 500)
 625: Loading A_dec_transition_0 of (1000, 500)
 632: Loading B_dec_transition_0 of (500, 500)
 636: Loading D_dec_transition_0 of (500, 1)
 643: Loading W_0_DatN_dec_transition_0 of (500, 500)
 647: Loading W_1_DatN_dec_transition_0 of (500, 500)
 651: Loading b_0_DatN_dec_transition_0 of (500,)
 652: Loading b_1_DatN_dec_transition_0 of (500,)
 653: Loading W_0_dec_dec_inputter_0 of (1000, 500)
 661: Loading W_0_dec_dec_reseter_0 of (1000, 500)
 668: Loading W_0_dec_dec_updater_0 of (1000, 500)
 675: Loading W_0_dec_input_embdr_0 of (520, 500)
 679: Loading b_0_dec_input_embdr_0 of (500,)
 689: Loading W_0_dec_approx_embdr of (14480, 520)
 781: Loading b_0_dec_approx_embdr of (520,)
 783: Loading W_0_dec_initializer_0 of (500, 500)
 787: Loading b_0_dec_initializer_0 of (500,)
 788: Loading W_enc_transition_0 of (500, 500)
 793: Loading G_enc_transition_0 of (500, 500)
 797: Loading R_enc_transition_0 of (500, 500)
 801: Loading W_0_enc_input_embdr_0 of (520, 500)
 805: Loading b_0_enc_input_embdr_0 of (500,)
 814: Loading W_0_enc_approx_embdr of (11425, 520)
 889: Loading b_0_enc_approx_embdr of (520,)
 891: Loading W_0_enc_update_embdr_0 of (520, 500)
 895: Loading W_0_enc_reset_embdr_0 of (520, 500)
 899: Loading W_back_enc_transition_0 of (500, 500)
 903: Loading G_back_enc_transition_0 of (500, 500)
 907: Loading R_back_enc_transition_0 of (500, 500)
 911: Loading W_0_back_enc_input_embdr_0 of (520, 500)
 915: Loading b_0_back_enc_input_embdr_0 of (500,)
 921: Loading W_0_back_enc_update_embdr_0 of (520, 500)
 925: Loading W_0_back_enc_reset_embdr_0 of (520, 500)
 929: Loading W_0_dec_update_embdr_0 of (520, 500)
 933: Loading W_0_dec_reset_embdr_0 of (520, 500)
 937: Loading W_0_dec_hid_readout_0 of (500, 500)
 940: Loading b_0_dec_hid_readout_0 of (500,)
 941: Loading W_0_dec_prev_readout_0 of (520, 500)
/home/lvapeab/software/anaconda/lib/python2.7/site-packages/groundhog-0.1.dev0-py2.7.egg/experiments/nmt/encdec.py:1491: UserWarning: theano.function was asked to create a function computing outputs given certain inputs, but the provided input variable at index 1 is not part of the computational graph needed to compute the outputs: step_num.
To make this warning into an error, you can pass the parameter on_unused_input='raise' to theano.function. To disable it completely, use on_unused_input='ignore'.
/home/lvapeab/software/anaconda/lib/python2.7/site-packages/groundhog-0.1.dev0-py2.7.egg/experiments/nmt/encdec.py:1500: UserWarning: theano.function was asked to create a function computing outputs given certain inputs, but the provided input variable at index 1 is not part of the computational graph needed to compute the outputs: step_num.
To make this warning into an error, you can pass the parameter on_unused_input='raise' to theano.function. To disable it completely, use on_unused_input='ignore'.
 77: Storing corrected hypotheses into: /home/lvapeab/smt/tasks/xerox/enes/NMT/postEditing/xerox.dev.PE_isles.es
 77: Storing original hypotheses into: /home/lvapeab/smt/tasks/xerox/enes/NMT/postEditing/xerox.dev.Orihyp.es
 77: Beam size: 6
 462: 50 sentences processed
 462: Current speed is 1.86769750118 per sentence
 462: Current WSR is: 0.110115
 462: Current Selection ratio is: 7.897959
 911: 100 sentences processed
 911: Current speed is 1.89834022999 per sentence
 912: Current WSR is: 0.125771
 912: Current Selection ratio is: 8.797980
 794: 150 sentences processed
 795: Current speed is 1.78478054047 per sentence
 795: Current WSR is: 0.145733
 795: Current Selection ratio is: 9.597315
 573: 200 sentences processed
 573: Current speed is 1.57247677088 per sentence
 573: Current WSR is: 0.138880
 573: Current Selection ratio is: 8.723618
 656: 250 sentences processed
 656: Current speed is 1.4303153286 per sentence
 656: Current WSR is: 0.129088
 656: Current Selection ratio is: 8.120482
 168: 300 sentences processed
 168: Current speed is 1.72363525391 per sentence
 168: Current WSR is: 0.148953
 168: Current Selection ratio is: 10.153846
 243: 350 sentences processed
 243: Current speed is 1.72618686335 per sentence
 243: Current WSR is: 0.151442
 243: Current Selection ratio is: 9.773639
 416: 400 sentences processed
 416: Current speed is 1.94084543049 per sentence
 416: Current WSR is: 0.163591
 416: Current Selection ratio is: 10.501253
 926: 450 sentences processed
 926: Current speed is 1.92188613786 per sentence
 926: Current WSR is: 0.159984
 926: Current Selection ratio is: 10.191537
 224: 500 sentences processed
 224: Current speed is 1.84629290199 per sentence
 224: Current WSR is: 0.159146
 224: Current Selection ratio is: 9.671343
 630: 550 sentences processed
 630: Current speed is 1.86100504919 per sentence
 630: Current WSR is: 0.159088
 630: Current Selection ratio is: 9.597450
 233: 600 sentences processed
 233: Current speed is 1.90192582011 per sentence
 233: Current WSR is: 0.166753
 233: Current Selection ratio is: 9.806344
 311: 650 sentences processed
 311: Current speed is 1.87112849089 per sentence
 311: Current WSR is: 0.172778
 311: Current Selection ratio is: 9.987673
 427: 700 sentences processed
 427: Current speed is 1.85621390002 per sentence
 427: Current WSR is: 0.178212
 427: Current Selection ratio is: 10.281831
 741: 750 sentences processed
 741: Current speed is 1.8155511001 per sentence
 741: Current WSR is: 0.181087
 741: Current Selection ratio is: 10.309746
 324: 800 sentences processed
 324: Current speed is 1.82905781746 per sentence
 324: Current WSR is: 0.186342
 324: Current Selection ratio is: 10.495620
 344: 850 sentences processed
 344: Current speed is 1.87325450729 per sentence
 344: Current WSR is: 0.189592
 344: Current Selection ratio is: 10.630153
 476: 900 sentences processed
 476: Current speed is 1.9904429645 per sentence
 476: Current WSR is: 0.198158
 476: Current Selection ratio is: 11.223582
 812: 950 sentences processed
 812: Current speed is 2.08077359049 per sentence
 812: Current WSR is: 0.204864
 812: Current Selection ratio is: 11.619600
 874: 1000 sentences processed
 875: Current speed is 2.05379713607 per sentence
 875: Current WSR is: 0.203255
 875: Current Selection ratio is: 11.378378
Using gpu device 0: GeForce GTX TITAN X
 574: Post editing via the isles approach
 574: Create input variables
 574: Create encoder
 574: _create_embedding_layers
 628: _create_transition_layers
 630: _create_inter_level_layers
 630: _create_representation_layers
 637: Build encoding computation graph
 674: Create backward encoder
 674: _create_embedding_layers
 735: _create_transition_layers
 737: _create_inter_level_layers
 737: _create_representation_layers
 742: Build backward encoding computation graph
 774: Create decoder
 774: _create_embedding_layers
 837: _create_transition_layers
 838: RecurrentLayerWithSearch is used
 44: _create_inter_level_layers
 45: _create_initialization_layers
 47: _create_decoding_layers
 60: _create_readout_layers
 118: Build log-likelihood computation graph
 246: Get grads
/home/lvapeab/software/anaconda/lib/python2.7/site-packages/theano/scan_module/scan_utils.py:78: UserWarning: You are creating a TensorVariable with float64 dtype. You requested an action via the Theano flag warn_float64={ignore,warn,raise,pdb}.
  nw_x = nw_x.astype(dtype).type()
 867: Got grads
 867: Build sampling computation graph
 513: Create auxiliary variables
 513: Compile sampler
 137: Model params:
['A_dec_transition_0',
 'B_dec_transition_0',
 'D_dec_transition_0',
 'G_back_enc_transition_0',
 'G_dec_transition_0',
 'G_enc_transition_0',
 'R_back_enc_transition_0',
 'R_dec_transition_0',
 'R_enc_transition_0',
 'W1_dec_deep_softmax',
 'W2_dec_deep_softmax',
 'W_0_DatN_dec_transition_0',
 'W_0_back_enc_input_embdr_0',
 'W_0_back_enc_reset_embdr_0',
 'W_0_back_enc_update_embdr_0',
 'W_0_dec_approx_embdr',
 'W_0_dec_dec_inputter_0',
 'W_0_dec_dec_reseter_0',
 'W_0_dec_dec_updater_0',
 'W_0_dec_hid_readout_0',
 'W_0_dec_initializer_0',
 'W_0_dec_input_embdr_0',
 'W_0_dec_prev_readout_0',
 'W_0_dec_repr_readout',
 'W_0_dec_reset_embdr_0',
 'W_0_dec_update_embdr_0',
 'W_0_enc_approx_embdr',
 'W_0_enc_input_embdr_0',
 'W_0_enc_reset_embdr_0',
 'W_0_enc_update_embdr_0',
 'W_1_DatN_dec_transition_0',
 'W_back_enc_transition_0',
 'W_dec_transition_0',
 'W_enc_transition_0',
 'b_0_DatN_dec_transition_0',
 'b_0_back_enc_input_embdr_0',
 'b_0_dec_approx_embdr',
 'b_0_dec_hid_readout_0',
 'b_0_dec_initializer_0',
 'b_0_dec_input_embdr_0',
 'b_0_enc_approx_embdr',
 'b_0_enc_input_embdr_0',
 'b_1_DatN_dec_transition_0',
 'b_dec_deep_softmax']
 139: Loading W1_dec_deep_softmax of (250, 520)
 155: Loading W2_dec_deep_softmax of (520, 14480)
 248: Loading b_dec_deep_softmax of (14480,)
 250: Loading W_0_dec_repr_readout of (1000, 500)
 258: Loading W_dec_transition_0 of (500, 500)
 262: Loading G_dec_transition_0 of (500, 500)
 267: Loading R_dec_transition_0 of (500, 500)
 272: Loading A_dec_transition_0 of (1000, 500)
 280: Loading B_dec_transition_0 of (500, 500)
 284: Loading D_dec_transition_0 of (500, 1)
 285: Loading W_0_DatN_dec_transition_0 of (500, 500)
 289: Loading W_1_DatN_dec_transition_0 of (500, 500)
 294: Loading b_0_DatN_dec_transition_0 of (500,)
 294: Loading b_1_DatN_dec_transition_0 of (500,)
 296: Loading W_0_dec_dec_inputter_0 of (1000, 500)
 304: Loading W_0_dec_dec_reseter_0 of (1000, 500)
 312: Loading W_0_dec_dec_updater_0 of (1000, 500)
 319: Loading W_0_dec_input_embdr_0 of (520, 500)
 323: Loading b_0_dec_input_embdr_0 of (500,)
 334: Loading W_0_dec_approx_embdr of (14480, 520)
 429: Loading b_0_dec_approx_embdr of (520,)
 430: Loading W_0_dec_initializer_0 of (500, 500)
 434: Loading b_0_dec_initializer_0 of (500,)
 435: Loading W_enc_transition_0 of (500, 500)
 439: Loading G_enc_transition_0 of (500, 500)
 444: Loading R_enc_transition_0 of (500, 500)
 448: Loading W_0_enc_input_embdr_0 of (520, 500)
 452: Loading b_0_enc_input_embdr_0 of (500,)
 463: Loading W_0_enc_approx_embdr of (11425, 520)
 538: Loading b_0_enc_approx_embdr of (520,)
 540: Loading W_0_enc_update_embdr_0 of (520, 500)
 544: Loading W_0_enc_reset_embdr_0 of (520, 500)
 549: Loading W_back_enc_transition_0 of (500, 500)
 553: Loading G_back_enc_transition_0 of (500, 500)
 558: Loading R_back_enc_transition_0 of (500, 500)
 562: Loading W_0_back_enc_input_embdr_0 of (520, 500)
 567: Loading b_0_back_enc_input_embdr_0 of (500,)
 568: Loading W_0_back_enc_update_embdr_0 of (520, 500)
 572: Loading W_0_back_enc_reset_embdr_0 of (520, 500)
 577: Loading W_0_dec_update_embdr_0 of (520, 500)
 582: Loading W_0_dec_reset_embdr_0 of (520, 500)
 586: Loading W_0_dec_hid_readout_0 of (500, 500)
 590: Loading b_0_dec_hid_readout_0 of (500,)
 592: Loading W_0_dec_prev_readout_0 of (520, 500)
/home/lvapeab/software/anaconda/lib/python2.7/site-packages/groundhog-0.1.dev0-py2.7.egg/experiments/nmt/encdec.py:1491: UserWarning: theano.function was asked to create a function computing outputs given certain inputs, but the provided input variable at index 1 is not part of the computational graph needed to compute the outputs: step_num.
To make this warning into an error, you can pass the parameter on_unused_input='raise' to theano.function. To disable it completely, use on_unused_input='ignore'.
/home/lvapeab/software/anaconda/lib/python2.7/site-packages/groundhog-0.1.dev0-py2.7.egg/experiments/nmt/encdec.py:1500: UserWarning: theano.function was asked to create a function computing outputs given certain inputs, but the provided input variable at index 1 is not part of the computational graph needed to compute the outputs: step_num.
To make this warning into an error, you can pass the parameter on_unused_input='raise' to theano.function. To disable it completely, use on_unused_input='ignore'.
 818: Storing corrected hypotheses into: /home/lvapeab/smt/tasks/xerox/enes/NMT/postEditing/xerox.dev.PE_isles.es
 818: Storing original hypotheses into: /home/lvapeab/smt/tasks/xerox/enes/NMT/postEditing/xerox.dev.Orihyp.es
 819: Beam size: 6
 838: 50 sentences processed
 838: Current speed is 1.20037861824 per sentence
 838: Current WSR is: 0.111396
 838: Current Selection ratio is: 7.836735
 504: 100 sentences processed
 504: Current speed is 1.26685024977 per sentence
 504: Current WSR is: 0.127620
 504: Current Selection ratio is: 8.777778
 726: 150 sentences processed
 726: Current speed is 1.45271525383 per sentence
 726: Current WSR is: 0.146135
 726: Current Selection ratio is: 9.617450
 990: 200 sentences processed
 990: Current speed is 1.48585785031 per sentence
 990: Current WSR is: 0.139193
 990: Current Selection ratio is: 8.723618
 774: 250 sentences processed
 775: Current speed is 1.49582334423 per sentence
 775: Current WSR is: 0.129580
 775: Current Selection ratio is: 8.184739
 702: 300 sentences processed
 702: Current speed is 1.9896106569 per sentence
 702: Current WSR is: 0.148558
 702: Current Selection ratio is: 10.244147
 823: 350 sentences processed
 824: Current speed is 1.96572801454 per sentence
 824: Current WSR is: 0.151099
 824: Current Selection ratio is: 9.868195
 557: 400 sentences processed
 557: Current speed is 2.16934620738 per sentence
 557: Current WSR is: 0.163295
 557: Current Selection ratio is: 10.596491
 838: 450 sentences processed
 838: Current speed is 2.07337629318 per sentence
 838: Current WSR is: 0.159198
 838: Current Selection ratio is: 10.262806
 280: 500 sentences processed
 280: Current speed is 1.93892244816 per sentence
 280: Current WSR is: 0.158415
 280: Current Selection ratio is: 9.737475
 476: 550 sentences processed
 476: Current speed is 1.87755932374 per sentence
 476: Current WSR is: 0.158418
 476: Current Selection ratio is: 9.668488
 715: 600 sentences processed
 715: Current speed is 1.84482791821 per sentence
 716: Current WSR is: 0.166027
 716: Current Selection ratio is: 9.869783
 982: 650 sentences processed
 982: Current speed is 1.88332821406 per sentence
 982: Current WSR is: 0.172010
 982: Current Selection ratio is: 10.041602
 983: 700 sentences processed
 983: Current speed is 1.95451998438 per sentence
 983: Current WSR is: 0.177142
 983: Current Selection ratio is: 10.326180
 109: 750 sentences processed
 110: Current speed is 1.96972107728 per sentence
 110: Current WSR is: 0.180082
 110: Current Selection ratio is: 10.345794
 431: 800 sentences processed
 431: Current speed is 2.00451532871 per sentence
 431: Current WSR is: 0.185309
 431: Current Selection ratio is: 10.520651
 251: 850 sentences processed
 252: Current speed is 2.04168575175 per sentence
 252: Current WSR is: 0.188469
 252: Current Selection ratio is: 10.643110
 110: 900 sentences processed
 110: Current speed is 2.11032373905 per sentence
 110: Current WSR is: 0.196963
 110: Current Selection ratio is: 11.245829
 400: 950 sentences processed
 400: Current speed is 2.12482232119 per sentence
 400: Current WSR is: 0.203740
 400: Current Selection ratio is: 11.636459
 908: 1000 sentences processed
 908: Current speed is 2.06708953714 per sentence
 908: Current WSR is: 0.202241
 908: Current Selection ratio is: 11.396396
Using gpu device 0: GeForce GTX TITAN X
 762: Post editing via the isles approach
 762: Create input variables
 763: Create encoder
 763: _create_embedding_layers
 834: _create_transition_layers
 836: _create_inter_level_layers
 836: _create_representation_layers
 842: Build encoding computation graph
 877: Create backward encoder
 877: _create_embedding_layers
 943: _create_transition_layers
 946: _create_inter_level_layers
 946: _create_representation_layers
 954: Build backward encoding computation graph
 985: Create decoder
 985: _create_embedding_layers
 64: _create_transition_layers
 64: RecurrentLayerWithSearch is used
 269: _create_inter_level_layers
 269: _create_initialization_layers
 275: _create_decoding_layers
 297: _create_readout_layers
 376: Build log-likelihood computation graph
 499: Get grads
/home/lvapeab/software/anaconda/lib/python2.7/site-packages/theano/scan_module/scan_utils.py:78: UserWarning: You are creating a TensorVariable with float64 dtype. You requested an action via the Theano flag warn_float64={ignore,warn,raise,pdb}.
  nw_x = nw_x.astype(dtype).type()
 973: Got grads
 973: Build sampling computation graph
 602: Create auxiliary variables
 602: Compile sampler
 822: Model params:
['A_dec_transition_0',
 'B_dec_transition_0',
 'D_dec_transition_0',
 'G_back_enc_transition_0',
 'G_dec_transition_0',
 'G_enc_transition_0',
 'R_back_enc_transition_0',
 'R_dec_transition_0',
 'R_enc_transition_0',
 'W1_dec_deep_softmax',
 'W2_dec_deep_softmax',
 'W_0_DatN_dec_transition_0',
 'W_0_back_enc_input_embdr_0',
 'W_0_back_enc_reset_embdr_0',
 'W_0_back_enc_update_embdr_0',
 'W_0_dec_approx_embdr',
 'W_0_dec_dec_inputter_0',
 'W_0_dec_dec_reseter_0',
 'W_0_dec_dec_updater_0',
 'W_0_dec_hid_readout_0',
 'W_0_dec_initializer_0',
 'W_0_dec_input_embdr_0',
 'W_0_dec_prev_readout_0',
 'W_0_dec_repr_readout',
 'W_0_dec_reset_embdr_0',
 'W_0_dec_update_embdr_0',
 'W_0_enc_approx_embdr',
 'W_0_enc_input_embdr_0',
 'W_0_enc_reset_embdr_0',
 'W_0_enc_update_embdr_0',
 'W_1_DatN_dec_transition_0',
 'W_back_enc_transition_0',
 'W_dec_transition_0',
 'W_enc_transition_0',
 'b_0_DatN_dec_transition_0',
 'b_0_back_enc_input_embdr_0',
 'b_0_dec_approx_embdr',
 'b_0_dec_hid_readout_0',
 'b_0_dec_initializer_0',
 'b_0_dec_input_embdr_0',
 'b_0_enc_approx_embdr',
 'b_0_enc_input_embdr_0',
 'b_1_DatN_dec_transition_0',
 'b_dec_deep_softmax']
 823: Loading W1_dec_deep_softmax of (250, 520)
 838: Loading W2_dec_deep_softmax of (520, 14480)
 928: Loading b_dec_deep_softmax of (14480,)
 930: Loading W_0_dec_repr_readout of (1000, 500)
 937: Loading W_dec_transition_0 of (500, 500)
 941: Loading G_dec_transition_0 of (500, 500)
 945: Loading R_dec_transition_0 of (500, 500)
 949: Loading A_dec_transition_0 of (1000, 500)
 956: Loading B_dec_transition_0 of (500, 500)
 960: Loading D_dec_transition_0 of (500, 1)
 961: Loading W_0_DatN_dec_transition_0 of (500, 500)
 965: Loading W_1_DatN_dec_transition_0 of (500, 500)
 968: Loading b_0_DatN_dec_transition_0 of (500,)
 969: Loading b_1_DatN_dec_transition_0 of (500,)
 971: Loading W_0_dec_dec_inputter_0 of (1000, 500)
 978: Loading W_0_dec_dec_reseter_0 of (1000, 500)
 985: Loading W_0_dec_dec_updater_0 of (1000, 500)
 992: Loading W_0_dec_input_embdr_0 of (520, 500)
 996: Loading b_0_dec_input_embdr_0 of (500,)
 8: Loading W_0_dec_approx_embdr of (14480, 520)
 102: Loading b_0_dec_approx_embdr of (520,)
 103: Loading W_0_dec_initializer_0 of (500, 500)
 107: Loading b_0_dec_initializer_0 of (500,)
 109: Loading W_enc_transition_0 of (500, 500)
 113: Loading G_enc_transition_0 of (500, 500)
 117: Loading R_enc_transition_0 of (500, 500)
 121: Loading W_0_enc_input_embdr_0 of (520, 500)
 124: Loading b_0_enc_input_embdr_0 of (500,)
 134: Loading W_0_enc_approx_embdr of (11425, 520)
 206: Loading b_0_enc_approx_embdr of (520,)
 208: Loading W_0_enc_update_embdr_0 of (520, 500)
 213: Loading W_0_enc_reset_embdr_0 of (520, 500)
 217: Loading W_back_enc_transition_0 of (500, 500)
 221: Loading G_back_enc_transition_0 of (500, 500)
 225: Loading R_back_enc_transition_0 of (500, 500)
 229: Loading W_0_back_enc_input_embdr_0 of (520, 500)
 233: Loading b_0_back_enc_input_embdr_0 of (500,)
 235: Loading W_0_back_enc_update_embdr_0 of (520, 500)
 239: Loading W_0_back_enc_reset_embdr_0 of (520, 500)
 244: Loading W_0_dec_update_embdr_0 of (520, 500)
 248: Loading W_0_dec_reset_embdr_0 of (520, 500)
 252: Loading W_0_dec_hid_readout_0 of (500, 500)
 256: Loading b_0_dec_hid_readout_0 of (500,)
 258: Loading W_0_dec_prev_readout_0 of (520, 500)
/home/lvapeab/software/anaconda/lib/python2.7/site-packages/groundhog-0.1.dev0-py2.7.egg/experiments/nmt/encdec.py:1491: UserWarning: theano.function was asked to create a function computing outputs given certain inputs, but the provided input variable at index 1 is not part of the computational graph needed to compute the outputs: step_num.
To make this warning into an error, you can pass the parameter on_unused_input='raise' to theano.function. To disable it completely, use on_unused_input='ignore'.
/home/lvapeab/software/anaconda/lib/python2.7/site-packages/groundhog-0.1.dev0-py2.7.egg/experiments/nmt/encdec.py:1500: UserWarning: theano.function was asked to create a function computing outputs given certain inputs, but the provided input variable at index 1 is not part of the computational graph needed to compute the outputs: step_num.
To make this warning into an error, you can pass the parameter on_unused_input='raise' to theano.function. To disable it completely, use on_unused_input='ignore'.
 348: Storing corrected hypotheses into: /home/lvapeab/smt/tasks/xerox/enes/NMT/postEditing/xerox.dev.PE_isles.es
 348: Storing original hypotheses into: /home/lvapeab/smt/tasks/xerox/enes/NMT/postEditing/xerox.dev.Orihyp.es
 348: Beam size: 6
 841: 50 sentences processed
 841: Current speed is 1.98985005856 per sentence
 841: Current WSR is: 0.104994
 841: Current Selection ratio is: 7.816327
 609: 100 sentences processed
 609: Current speed is 2.15260236979 per sentence
 609: Current WSR is: 0.123921
 609: Current Selection ratio is: 8.757576
 722: 150 sentences processed
 722: Current speed is 2.35582218647 per sentence
 722: Current WSR is: 0.144525
 722: Current Selection ratio is: 9.577181
 265: 200 sentences processed
 265: Current speed is 2.16458156466 per sentence
 265: Current WSR is: 0.137316
 265: Current Selection ratio is: 8.623116
 277: 250 sentences processed
 277: Current speed is 2.04371492767 per sentence
 277: Current WSR is: 0.128104
 277: Current Selection ratio is: 8.080321
 134: 300 sentences processed
 134: Current speed is 2.38261986653 per sentence
 135: Current WSR is: 0.146977
 135: Current Selection ratio is: 10.123746
 299: 350 sentences processed
 299: Current speed is 2.20557312284 per sentence
 299: Current WSR is: 0.149554
 299: Current Selection ratio is: 9.753582
 42: 400 sentences processed
 42: Current speed is 2.21923297226 per sentence
 42: Current WSR is: 0.162114
 42: Current Selection ratio is: 10.536341
 746: 450 sentences processed
 746: Current speed is 2.14977207979 per sentence
 746: Current WSR is: 0.158805
 746: Current Selection ratio is: 10.220490
 60: 500 sentences processed
 60: Current speed is 2.06742382812 per sentence
 60: Current WSR is: 0.158171
 60: Current Selection ratio is: 9.715431
 47: 550 sentences processed
 47: Current speed is 2.08126937823 per sentence
 47: Current WSR is: 0.158418
 47: Current Selection ratio is: 9.664845
 658: 600 sentences processed
 658: Current speed is 2.12218292157 per sentence
 658: Current WSR is: 0.166027
 658: Current Selection ratio is: 9.863105
 510: 650 sentences processed
 510: Current speed is 2.16486368143 per sentence
 510: Current WSR is: 0.172010
 510: Current Selection ratio is: 10.038521
 417: 700 sentences processed
 417: Current speed is 2.22295491729 per sentence
 417: Current WSR is: 0.177231
 417: Current Selection ratio is: 10.313305
 127: 750 sentences processed
 127: Current speed is 2.19837165483 per sentence
 127: Current WSR is: 0.179998
 127: Current Selection ratio is: 10.325768
 996: 800 sentences processed
 996: Current speed is 2.16455944002 per sentence
 996: Current WSR is: 0.185229
 996: Current Selection ratio is: 10.508135
 514: 850 sentences processed
 514: Current speed is 2.13548855529 per sentence
 514: Current WSR is: 0.188244
 514: Current Selection ratio is: 10.626620
 90: 900 sentences processed
 90: Current speed is 2.22304583126 per sentence
 90: Current WSR is: 0.196401
 90: Current Selection ratio is: 11.200222
 539: 950 sentences processed
 539: Current speed is 2.32125296216 per sentence
 539: Current WSR is: 0.203212
 539: Current Selection ratio is: 11.605901
 717: 1000 sentences processed
 717: Current speed is 2.28836890793 per sentence
 717: Current WSR is: 0.201735
 718: Current Selection ratio is: 11.370370
Using gpu device 0: GeForce GTX TITAN X
 284: Post editing via the isles approach
 284: Create input variables
 284: Create encoder
 284: _create_embedding_layers
 362: _create_transition_layers
 365: _create_inter_level_layers
 365: _create_representation_layers
 370: Build encoding computation graph
 406: Create backward encoder
 406: _create_embedding_layers
 485: _create_transition_layers
 488: _create_inter_level_layers
 488: _create_representation_layers
 494: Build backward encoding computation graph
 526: Create decoder
 526: _create_embedding_layers
 619: _create_transition_layers
 620: RecurrentLayerWithSearch is used
 824: _create_inter_level_layers
 824: _create_initialization_layers
 827: _create_decoding_layers
 840: _create_readout_layers
 895: Build log-likelihood computation graph
 18: Get grads
/home/lvapeab/software/anaconda/lib/python2.7/site-packages/theano/scan_module/scan_utils.py:78: UserWarning: You are creating a TensorVariable with float64 dtype. You requested an action via the Theano flag warn_float64={ignore,warn,raise,pdb}.
  nw_x = nw_x.astype(dtype).type()
 474: Got grads
 474: Build sampling computation graph
 96: Create auxiliary variables
 96: Compile sampler
 823: Model params:
['A_dec_transition_0',
 'B_dec_transition_0',
 'D_dec_transition_0',
 'G_back_enc_transition_0',
 'G_dec_transition_0',
 'G_enc_transition_0',
 'R_back_enc_transition_0',
 'R_dec_transition_0',
 'R_enc_transition_0',
 'W1_dec_deep_softmax',
 'W2_dec_deep_softmax',
 'W_0_DatN_dec_transition_0',
 'W_0_back_enc_input_embdr_0',
 'W_0_back_enc_reset_embdr_0',
 'W_0_back_enc_update_embdr_0',
 'W_0_dec_approx_embdr',
 'W_0_dec_dec_inputter_0',
 'W_0_dec_dec_reseter_0',
 'W_0_dec_dec_updater_0',
 'W_0_dec_hid_readout_0',
 'W_0_dec_initializer_0',
 'W_0_dec_input_embdr_0',
 'W_0_dec_prev_readout_0',
 'W_0_dec_repr_readout',
 'W_0_dec_reset_embdr_0',
 'W_0_dec_update_embdr_0',
 'W_0_enc_approx_embdr',
 'W_0_enc_input_embdr_0',
 'W_0_enc_reset_embdr_0',
 'W_0_enc_update_embdr_0',
 'W_1_DatN_dec_transition_0',
 'W_back_enc_transition_0',
 'W_dec_transition_0',
 'W_enc_transition_0',
 'b_0_DatN_dec_transition_0',
 'b_0_back_enc_input_embdr_0',
 'b_0_dec_approx_embdr',
 'b_0_dec_hid_readout_0',
 'b_0_dec_initializer_0',
 'b_0_dec_input_embdr_0',
 'b_0_enc_approx_embdr',
 'b_0_enc_input_embdr_0',
 'b_1_DatN_dec_transition_0',
 'b_dec_deep_softmax']
 824: Loading W1_dec_deep_softmax of (250, 520)
 839: Loading W2_dec_deep_softmax of (520, 14480)
 933: Loading b_dec_deep_softmax of (14480,)
 935: Loading W_0_dec_repr_readout of (1000, 500)
 943: Loading W_dec_transition_0 of (500, 500)
 947: Loading G_dec_transition_0 of (500, 500)
 951: Loading R_dec_transition_0 of (500, 500)
 956: Loading A_dec_transition_0 of (1000, 500)
 963: Loading B_dec_transition_0 of (500, 500)
 967: Loading D_dec_transition_0 of (500, 1)
 969: Loading W_0_DatN_dec_transition_0 of (500, 500)
 973: Loading W_1_DatN_dec_transition_0 of (500, 500)
 977: Loading b_0_DatN_dec_transition_0 of (500,)
 978: Loading b_1_DatN_dec_transition_0 of (500,)
 979: Loading W_0_dec_dec_inputter_0 of (1000, 500)
 987: Loading W_0_dec_dec_reseter_0 of (1000, 500)
 995: Loading W_0_dec_dec_updater_0 of (1000, 500)
 2: Loading W_0_dec_input_embdr_0 of (520, 500)
 6: Loading b_0_dec_input_embdr_0 of (500,)
 17: Loading W_0_dec_approx_embdr of (14480, 520)
 112: Loading b_0_dec_approx_embdr of (520,)
 115: Loading W_0_dec_initializer_0 of (500, 500)
 118: Loading b_0_dec_initializer_0 of (500,)
 120: Loading W_enc_transition_0 of (500, 500)
 124: Loading G_enc_transition_0 of (500, 500)
 128: Loading R_enc_transition_0 of (500, 500)
 132: Loading W_0_enc_input_embdr_0 of (520, 500)
 136: Loading b_0_enc_input_embdr_0 of (500,)
 145: Loading W_0_enc_approx_embdr of (11425, 520)
 220: Loading b_0_enc_approx_embdr of (520,)
 221: Loading W_0_enc_update_embdr_0 of (520, 500)
 226: Loading W_0_enc_reset_embdr_0 of (520, 500)
 230: Loading W_back_enc_transition_0 of (500, 500)
 235: Loading G_back_enc_transition_0 of (500, 500)
 239: Loading R_back_enc_transition_0 of (500, 500)
 243: Loading W_0_back_enc_input_embdr_0 of (520, 500)
 247: Loading b_0_back_enc_input_embdr_0 of (500,)
 248: Loading W_0_back_enc_update_embdr_0 of (520, 500)
 253: Loading W_0_back_enc_reset_embdr_0 of (520, 500)
 257: Loading W_0_dec_update_embdr_0 of (520, 500)
 261: Loading W_0_dec_reset_embdr_0 of (520, 500)
 265: Loading W_0_dec_hid_readout_0 of (500, 500)
 269: Loading b_0_dec_hid_readout_0 of (500,)
 270: Loading W_0_dec_prev_readout_0 of (520, 500)
/home/lvapeab/software/anaconda/lib/python2.7/site-packages/groundhog-0.1.dev0-py2.7.egg/experiments/nmt/encdec.py:1491: UserWarning: theano.function was asked to create a function computing outputs given certain inputs, but the provided input variable at index 1 is not part of the computational graph needed to compute the outputs: step_num.
To make this warning into an error, you can pass the parameter on_unused_input='raise' to theano.function. To disable it completely, use on_unused_input='ignore'.
/home/lvapeab/software/anaconda/lib/python2.7/site-packages/groundhog-0.1.dev0-py2.7.egg/experiments/nmt/encdec.py:1500: UserWarning: theano.function was asked to create a function computing outputs given certain inputs, but the provided input variable at index 1 is not part of the computational graph needed to compute the outputs: step_num.
To make this warning into an error, you can pass the parameter on_unused_input='raise' to theano.function. To disable it completely, use on_unused_input='ignore'.
 383: Storing corrected hypotheses into: /home/lvapeab/smt/tasks/xerox/enes/NMT/postEditing/xerox.dev.PE_isles.es
 384: Storing original hypotheses into: /home/lvapeab/smt/tasks/xerox/enes/NMT/postEditing/xerox.dev.Orihyp.es
 384: Beam size: 6
 245: 50 sentences processed
 245: Current speed is 2.1572173214 per sentence
 245: Current WSR is: 0.106274
 245: Current Selection ratio is: 8.163265
 555: 100 sentences processed
 555: Current speed is 2.08170830011 per sentence
 555: Current WSR is: 0.123305
 555: Current Selection ratio is: 8.737374
 883: 150 sentences processed
 883: Current speed is 1.96999352773 per sentence
 883: Current WSR is: 0.144122
 883: Current Selection ratio is: 9.570470
 880: 200 sentences processed
 880: Current speed is 1.72748072505 per sentence
 880: Current WSR is: 0.136691
 880: Current Selection ratio is: 8.628141
 153: 250 sentences processed
 153: Current speed is 1.57507689667 per sentence
 153: Current WSR is: 0.127367
 153: Current Selection ratio is: 8.060241
 775: 300 sentences processed
 776: Current speed is 2.06130584399 per sentence
 776: Current WSR is: 0.145990
 776: Current Selection ratio is: 10.113712
 702: 350 sentences processed
 702: Current speed is 2.04376688344 per sentence
 702: Current WSR is: 0.148867
 702: Current Selection ratio is: 9.753582
 222: 400 sentences processed
 222: Current speed is 2.26959466994 per sentence
 222: Current WSR is: 0.161376
 222: Current Selection ratio is: 10.521303
 555: 450 sentences processed
 555: Current speed is 2.2314912404 per sentence
 555: Current WSR is: 0.157888
 555: Current Selection ratio is: 10.198218
 111: 500 sentences processed
 111: Current speed is 2.13945383835 per sentence
 111: Current WSR is: 0.157073
 111: Current Selection ratio is: 9.689379
 517: 550 sentences processed
 517: Current speed is 2.12387851455 per sentence
 517: Current WSR is: 0.157413
 517: Current Selection ratio is: 9.664845
 584: 600 sentences processed
 584: Current speed is 2.08366638184 per sentence
 584: Current WSR is: 0.165197
 584: Current Selection ratio is: 9.868114
 828: 650 sentences processed
 828: Current speed is 2.05145265543 per sentence
 828: Current WSR is: 0.171434
 828: Current Selection ratio is: 10.044684
 107: 700 sentences processed
 107: Current speed is 2.0596041458 per sentence
 107: Current WSR is: 0.176874
 107: Current Selection ratio is: 10.326180
 162: 750 sentences processed
 162: Current speed is 2.07837114016 per sentence
 162: Current WSR is: 0.179663
 162: Current Selection ratio is: 10.337784
 791: 800 sentences processed
 791: Current speed is 2.12675856501 per sentence
 791: Current WSR is: 0.184991
 791: Current Selection ratio is: 10.528160
 758: 850 sentences processed
 758: Current speed is 2.17102818826 per sentence
 758: Current WSR is: 0.188094
 758: Current Selection ratio is: 10.661955
 978: 900 sentences processed
 978: Current speed is 2.30288204458 per sentence
 978: Current WSR is: 0.196542
 978: Current Selection ratio is: 11.243604
 359: 950 sentences processed
 359: Current speed is 2.33155316955 per sentence
 359: Current WSR is: 0.203542
 359: Current Selection ratio is: 11.659642
 610: 1000 sentences processed
 610: Current speed is 2.26722589898 per sentence
 610: Current WSR is: 0.201988
 610: Current Selection ratio is: 11.425425
