Using gpu device 0: GeForce GTX TITAN X
 980: Post editing via the isles approach
 980: max_n: 5
 980: threshold: -3000
 980: Create input variables
 981: Create encoder
 981: _create_embedding_layers
 29: _create_transition_layers
 31: _create_inter_level_layers
 31: _create_representation_layers
 35: Build encoding computation graph
 72: Create backward encoder
 72: _create_embedding_layers
 124: _create_transition_layers
 126: _create_inter_level_layers
 126: _create_representation_layers
 131: Build backward encoding computation graph
 163: Create decoder
 163: _create_embedding_layers
 218: _create_transition_layers
 218: RecurrentLayerWithSearch is used
 434: _create_inter_level_layers
 434: _create_initialization_layers
 437: _create_decoding_layers
 447: _create_readout_layers
 503: Build log-likelihood computation graph
 783: Get grads
/home/lvapeab/software/anaconda/lib/python2.7/site-packages/theano/scan_module/scan_utils.py:78: UserWarning: You are creating a TensorVariable with float64 dtype. You requested an action via the Theano flag warn_float64={ignore,warn,raise,pdb}.
  nw_x = nw_x.astype(dtype).type()
 382: Got grads
 382: Build sampling computation graph
 30: Create auxiliary variables
 31: Compile sampler
 327: Model params:
['A_dec_transition_0',
 'B_dec_transition_0',
 'D_dec_transition_0',
 'G_back_enc_transition_0',
 'G_dec_transition_0',
 'G_enc_transition_0',
 'R_back_enc_transition_0',
 'R_dec_transition_0',
 'R_enc_transition_0',
 'W1_dec_deep_softmax',
 'W2_dec_deep_softmax',
 'W_0_DatN_dec_transition_0',
 'W_0_back_enc_input_embdr_0',
 'W_0_back_enc_reset_embdr_0',
 'W_0_back_enc_update_embdr_0',
 'W_0_dec_approx_embdr',
 'W_0_dec_dec_inputter_0',
 'W_0_dec_dec_reseter_0',
 'W_0_dec_dec_updater_0',
 'W_0_dec_hid_readout_0',
 'W_0_dec_initializer_0',
 'W_0_dec_input_embdr_0',
 'W_0_dec_prev_readout_0',
 'W_0_dec_repr_readout',
 'W_0_dec_reset_embdr_0',
 'W_0_dec_update_embdr_0',
 'W_0_enc_approx_embdr',
 'W_0_enc_input_embdr_0',
 'W_0_enc_reset_embdr_0',
 'W_0_enc_update_embdr_0',
 'W_1_DatN_dec_transition_0',
 'W_back_enc_transition_0',
 'W_dec_transition_0',
 'W_enc_transition_0',
 'b_0_DatN_dec_transition_0',
 'b_0_back_enc_input_embdr_0',
 'b_0_dec_approx_embdr',
 'b_0_dec_hid_readout_0',
 'b_0_dec_initializer_0',
 'b_0_dec_input_embdr_0',
 'b_0_enc_approx_embdr',
 'b_0_enc_input_embdr_0',
 'b_1_DatN_dec_transition_0',
 'b_dec_deep_softmax']
 328: Loading W1_dec_deep_softmax of (250, 520)
 343: Loading W2_dec_deep_softmax of (520, 14480)
 437: Loading b_dec_deep_softmax of (14480,)
 439: Loading W_0_dec_repr_readout of (1000, 500)
 446: Loading W_dec_transition_0 of (500, 500)
 451: Loading G_dec_transition_0 of (500, 500)
 455: Loading R_dec_transition_0 of (500, 500)
 459: Loading A_dec_transition_0 of (1000, 500)
 466: Loading B_dec_transition_0 of (500, 500)
 470: Loading D_dec_transition_0 of (500, 1)
 471: Loading W_0_DatN_dec_transition_0 of (500, 500)
 474: Loading W_1_DatN_dec_transition_0 of (500, 500)
 478: Loading b_0_DatN_dec_transition_0 of (500,)
 479: Loading b_1_DatN_dec_transition_0 of (500,)
 481: Loading W_0_dec_dec_inputter_0 of (1000, 500)
 489: Loading W_0_dec_dec_reseter_0 of (1000, 500)
 496: Loading W_0_dec_dec_updater_0 of (1000, 500)
 503: Loading W_0_dec_input_embdr_0 of (520, 500)
 506: Loading b_0_dec_input_embdr_0 of (500,)
 518: Loading W_0_dec_approx_embdr of (14480, 520)
 611: Loading b_0_dec_approx_embdr of (520,)
 613: Loading W_0_dec_initializer_0 of (500, 500)
 617: Loading b_0_dec_initializer_0 of (500,)
 618: Loading W_enc_transition_0 of (500, 500)
 622: Loading G_enc_transition_0 of (500, 500)
 626: Loading R_enc_transition_0 of (500, 500)
 630: Loading W_0_enc_input_embdr_0 of (520, 500)
 634: Loading b_0_enc_input_embdr_0 of (500,)
 642: Loading W_0_enc_approx_embdr of (11425, 520)
 719: Loading b_0_enc_approx_embdr of (520,)
 721: Loading W_0_enc_update_embdr_0 of (520, 500)
 725: Loading W_0_enc_reset_embdr_0 of (520, 500)
 729: Loading W_back_enc_transition_0 of (500, 500)
 733: Loading G_back_enc_transition_0 of (500, 500)
 737: Loading R_back_enc_transition_0 of (500, 500)
 741: Loading W_0_back_enc_input_embdr_0 of (520, 500)
 745: Loading b_0_back_enc_input_embdr_0 of (500,)
 746: Loading W_0_back_enc_update_embdr_0 of (520, 500)
 751: Loading W_0_back_enc_reset_embdr_0 of (520, 500)
 755: Loading W_0_dec_update_embdr_0 of (520, 500)
 759: Loading W_0_dec_reset_embdr_0 of (520, 500)
 763: Loading W_0_dec_hid_readout_0 of (500, 500)
 767: Loading b_0_dec_hid_readout_0 of (500,)
 768: Loading W_0_dec_prev_readout_0 of (520, 500)
/home/lvapeab/software/anaconda/lib/python2.7/site-packages/groundhog-0.1.dev0-py2.7.egg/experiments/nmt/encdec.py:1491: UserWarning: theano.function was asked to create a function computing outputs given certain inputs, but the provided input variable at index 1 is not part of the computational graph needed to compute the outputs: step_num.
To make this warning into an error, you can pass the parameter on_unused_input='raise' to theano.function. To disable it completely, use on_unused_input='ignore'.
/home/lvapeab/software/anaconda/lib/python2.7/site-packages/groundhog-0.1.dev0-py2.7.egg/experiments/nmt/encdec.py:1500: UserWarning: theano.function was asked to create a function computing outputs given certain inputs, but the provided input variable at index 1 is not part of the computational graph needed to compute the outputs: step_num.
To make this warning into an error, you can pass the parameter on_unused_input='raise' to theano.function. To disable it completely, use on_unused_input='ignore'.
 958: Storing corrected hypotheses into: /home/lvapeab/smt/tasks/xerox/enes/NMT/postEditing/xerox.dev.PE_isles.es
 958: Storing original hypotheses into: /home/lvapeab/smt/tasks/xerox/enes/NMT/postEditing/xerox.dev.Orihyp.es
 958: Beam size: 6
 183: Generating a new hypothesis
 493: Sample number 2
 493: Generating a new hypothesis
 799: Sample number 3
 800: Generating a new hypothesis
 163: Sample number 4
 163: Generating a new hypothesis
 580: Sample number 5
 580: Generating a new hypothesis
 925: Sample number 6
 926: Generating a new hypothesis
 278: Sample number 7
 278: Generating a new hypothesis
 620: Sample number 8
 621: Generating a new hypothesis
 994: Sample number 9
 994: Generating a new hypothesis
 307: Sample number 10
 308: Generating a new hypothesis
 561: Sample number 11
 561: Generating a new hypothesis
 826: Sample number 12
 826: Generating a new hypothesis
 85: Sample number 13
 85: Generating a new hypothesis
 318: Sample number 14
 318: Generating a new hypothesis
 558: Sample number 15
 558: Generating a new hypothesis
 845: Sample number 16
 154: Generating a new hypothesis
 428: Sample number 2
 429: Generating a new hypothesis
 746: Sample number 3
 746: Generating a new hypothesis
 56: Sample number 4
 56: Generating a new hypothesis
 360: Sample number 5
 360: Generating a new hypothesis
 643: Sample number 6
 643: Generating a new hypothesis
 866: Sample number 7
 866: Generating a new hypothesis
 92: Sample number 8
 92: Generating a new hypothesis
 354: Sample number 9
 634: Generating a new hypothesis
 675: Sample number 2
 675: Error case 3! -> Cut hypothesis. Errors: 1
 919: Generating a new hypothesis
 57: Sample number 2
 314: Generating a new hypothesis
 376: Sample number 2
 376: Error case 3! -> Cut hypothesis. Errors: 1
 966: Generating a new hypothesis
 503: Sample number 2
 504: Generating a new hypothesis
 963: Sample number 3
 964: Generating a new hypothesis
 472: Sample number 4
 473: Generating a new hypothesis
 13: Sample number 5
 14: Generating a new hypothesis
 447: Sample number 6
 447: Generating a new hypothesis
 946: Sample number 7
 947: Generating a new hypothesis
 446: Sample number 8
 447: Generating a new hypothesis
 871: Sample number 9
 872: Generating a new hypothesis
 313: Sample number 10
 313: Generating a new hypothesis
 689: Sample number 11
 690: Generating a new hypothesis
 71: Sample number 12
 72: Generating a new hypothesis
 452: Sample number 13
 453: Generating a new hypothesis
 835: Sample number 14
 836: Generating a new hypothesis
 211: Sample number 15
 212: Generating a new hypothesis
 583: Sample number 16
 583: Generating a new hypothesis
 46: Sample number 17
 437: Generating a new hypothesis
 854: Sample number 2
 854: Generating a new hypothesis
 280: Sample number 3
 281: Generating a new hypothesis
 704: Sample number 4
 705: Generating a new hypothesis
 139: Sample number 5
 139: Generating a new hypothesis
 543: Sample number 6
 543: Generating a new hypothesis
 63: Sample number 7
 64: Generating a new hypothesis
 682: Sample number 8
 683: Generating a new hypothesis
 185: Sample number 9
 186: Generating a new hypothesis
 745: Sample number 10
 746: Generating a new hypothesis
 253: Sample number 11
 254: Generating a new hypothesis
 761: Sample number 12
 762: Generating a new hypothesis
 247: Sample number 13
 247: Generating a new hypothesis
 735: Sample number 14
 736: Generating a new hypothesis
 237: Sample number 15
 237: Generating a new hypothesis
 754: Sample number 16
 755: Generating a new hypothesis
 261: Sample number 17
 261: Generating a new hypothesis
 767: Sample number 18
 768: Generating a new hypothesis
 230: Sample number 19
 231: Generating a new hypothesis
 678: Sample number 20
 678: Generating a new hypothesis
 103: Sample number 21
 103: Generating a new hypothesis
 516: Sample number 22
 742: Generating a new hypothesis
 981: Sample number 2
 982: Generating a new hypothesis
 186: Sample number 3
 186: Generating a new hypothesis
 471: Sample number 4
 471: Generating a new hypothesis
 744: Sample number 5
 745: Generating a new hypothesis
 24: Sample number 6
 24: Generating a new hypothesis
 311: Sample number 7
 311: Generating a new hypothesis
 582: Sample number 8
 583: Generating a new hypothesis
 849: Sample number 9
 850: Generating a new hypothesis
 135: Sample number 10
 136: Generating a new hypothesis
 419: Sample number 11
 420: Generating a new hypothesis
 675: Sample number 12
 874: Generating a new hypothesis
 74: Sample number 2
 75: Generating a new hypothesis
 289: Sample number 3
 290: Generating a new hypothesis
 508: Sample number 4
 508: Generating a new hypothesis
 730: Sample number 5
 730: Generating a new hypothesis
 955: Sample number 6
 955: Generating a new hypothesis
 161: Sample number 7
 320: Generating a new hypothesis
 530: Sample number 2
 530: Generating a new hypothesis
 810: Sample number 3
 811: Generating a new hypothesis
 29: Sample number 4
 30: Generating a new hypothesis
 255: Sample number 5
 255: Generating a new hypothesis
 478: Sample number 6
 479: Generating a new hypothesis
 692: Sample number 7
 496: Generating a new hypothesis
 746: Sample number 2
 747: Generating a new hypothesis
 36: Sample number 3
 36: Generating a new hypothesis
 370: Sample number 4
 370: Generating a new hypothesis
 642: Sample number 5
 643: Generating a new hypothesis
 966: Sample number 6
 966: Generating a new hypothesis
 246: Sample number 7
 246: Generating a new hypothesis
 543: Sample number 8
 543: Generating a new hypothesis
 876: Sample number 9
 876: Generating a new hypothesis
 174: Sample number 10
 174: Generating a new hypothesis
 462: Sample number 11
 462: Generating a new hypothesis
 748: Sample number 12
 748: Generating a new hypothesis
 23: Sample number 13
 291: Generating a new hypothesis
 527: Sample number 2
 527: Generating a new hypothesis
 737: Sample number 3
 738: Generating a new hypothesis
 960: Sample number 4
 960: Generating a new hypothesis
 191: Sample number 5
 191: Generating a new hypothesis
 419: Sample number 6
 420: Generating a new hypothesis
 646: Sample number 7
 647: Generating a new hypothesis
 913: Sample number 8
 914: Generating a new hypothesis
 229: Sample number 9
 230: Generating a new hypothesis
 493: Sample number 10
 493: Generating a new hypothesis
 748: Sample number 11
 748: Generating a new hypothesis
 20: Sample number 12
 21: Generating a new hypothesis
 275: Sample number 13
 275: Generating a new hypothesis
 509: Sample number 14
 17: Generating a new hypothesis
 406: Sample number 2
 407: Generating a new hypothesis
 860: Sample number 3
 860: Generating a new hypothesis
 364: Sample number 4
 364: Generating a new hypothesis
 824: Sample number 5
 824: Generating a new hypothesis
 221: Sample number 6
 221: Generating a new hypothesis
 688: Sample number 7
 689: Generating a new hypothesis
 84: Sample number 8
 84: Generating a new hypothesis
 424: Sample number 9
 424: Generating a new hypothesis
 767: Sample number 10
 767: Generating a new hypothesis
 98: Sample number 11
 99: Generating a new hypothesis
 436: Sample number 12
 437: Generating a new hypothesis
 767: Sample number 13
 768: Generating a new hypothesis
 94: Sample number 14
 320: Generating a new hypothesis
 521: Sample number 2
 522: Generating a new hypothesis
 710: Sample number 3
 710: Generating a new hypothesis
 938: Sample number 4
 938: Generating a new hypothesis
 144: Sample number 5
 144: Generating a new hypothesis
 371: Sample number 6
 371: Generating a new hypothesis
 581: Sample number 7
 581: Generating a new hypothesis
 798: Sample number 8
 12: Generating a new hypothesis
 313: Sample number 2
 314: Generating a new hypothesis
 598: Sample number 3
 598: Generating a new hypothesis
 865: Sample number 4
 865: Generating a new hypothesis
 235: Sample number 5
 235: Generating a new hypothesis
 500: Sample number 6
 501: Generating a new hypothesis
 760: Sample number 7
 760: Generating a new hypothesis
 24: Sample number 8
 24: Generating a new hypothesis
 298: Sample number 9
 298: Generating a new hypothesis
 552: Sample number 10
 552: Generating a new hypothesis
 810: Sample number 11
 153: Generating a new hypothesis
 400: Sample number 2
 401: Generating a new hypothesis
 636: Sample number 3
 636: Generating a new hypothesis
 909: Sample number 4
 909: Generating a new hypothesis
 183: Sample number 5
 183: Generating a new hypothesis
 475: Sample number 6
 476: Generating a new hypothesis
 707: Sample number 7
 707: Generating a new hypothesis
 0: Sample number 8
 0: Generating a new hypothesis
 228: Sample number 9
 229: Generating a new hypothesis
 482: Sample number 10
 483: Generating a new hypothesis
 715: Sample number 11
 716: Generating a new hypothesis
 950: Sample number 12
 950: Generating a new hypothesis
 171: Sample number 13
 359: Generating a new hypothesis
 639: Sample number 2
 639: Generating a new hypothesis
 962: Sample number 3
 962: Generating a new hypothesis
 321: Sample number 4
 322: Generating a new hypothesis
 610: Sample number 5
 610: Generating a new hypothesis
 913: Sample number 6
 913: Generating a new hypothesis
 212: Sample number 7
 213: Generating a new hypothesis
 460: Sample number 8
 460: Generating a new hypothesis
 702: Sample number 9
 702: Generating a new hypothesis
 891: Sample number 10
 938: Generating a new hypothesis
 982: Sample number 2
 431: Generating a new hypothesis
 777: Sample number 2
 777: Generating a new hypothesis
 81: Sample number 3
 81: Generating a new hypothesis
 380: Sample number 4
 381: Generating a new hypothesis
 673: Sample number 5
 673: Generating a new hypothesis
 963: Sample number 6
 963: Generating a new hypothesis
 262: Sample number 7
 262: Generating a new hypothesis
 557: Sample number 8
 520: Generating a new hypothesis
 211: Sample number 2
 212: Generating a new hypothesis
 938: Sample number 3
 941: Generating a new hypothesis
 590: Sample number 4
 591: Generating a new hypothesis
 273: Sample number 5
 275: Generating a new hypothesis
 992: Sample number 6
 994: Generating a new hypothesis
 663: Sample number 7
 665: Generating a new hypothesis
 532: Sample number 8
 534: Generating a new hypothesis
 344: Sample number 9
 346: Generating a new hypothesis
 144: Sample number 10
 145: Generating a new hypothesis
 815: Sample number 11
 817: Generating a new hypothesis
 799: Sample number 12
 801: Generating a new hypothesis
 432: Sample number 13
 433: Generating a new hypothesis
 179: Sample number 14
 181: Generating a new hypothesis
 147: Sample number 15
 149: Generating a new hypothesis
 100: Sample number 16
 102: Generating a new hypothesis
 976: Sample number 17
 978: Generating a new hypothesis
 791: Sample number 18
 793: Generating a new hypothesis
 634: Sample number 19
 635: Generating a new hypothesis
 642: Sample number 20
 644: Generating a new hypothesis
 695: Sample number 21
 697: Generating a new hypothesis
 769: Sample number 22
 771: Generating a new hypothesis
 797: Sample number 23
 799: Generating a new hypothesis
 781: Sample number 24
 783: Generating a new hypothesis
 484: Sample number 25
 486: Generating a new hypothesis
 279: Sample number 26
 280: Generating a new hypothesis
 172: Sample number 27
 173: Generating a new hypothesis
 208: Sample number 28
 209: Generating a new hypothesis
 980: Sample number 29
 982: Generating a new hypothesis
 913: Sample number 30
 915: Generating a new hypothesis
 778: Sample number 31
 780: Generating a new hypothesis
 735: Sample number 32
 737: Generating a new hypothesis
 558: Sample number 33
 559: Generating a new hypothesis
 380: Sample number 34
 382: Generating a new hypothesis
 134: Sample number 35
 135: Generating a new hypothesis
 953: Sample number 36
 954: Generating a new hypothesis
 705: Sample number 37
 706: Generating a new hypothesis
 399: Sample number 38
 400: Generating a new hypothesis
 29: Sample number 39
 30: Generating a new hypothesis
 665: Sample number 40
 666: Generating a new hypothesis
 304: Sample number 41
 305: Generating a new hypothesis
 932: Sample number 42
 933: Generating a new hypothesis
 587: Sample number 43
 844: 50 sentences processed
 844: Current speed is 1.8977200222 per sentence
 844: Current WSR is: 0.258643
 844: Current Selection ratio is: 17.428571
 993: Generating a new hypothesis
 208: Sample number 2
 208: Generating a new hypothesis
 474: Sample number 3
 474: Generating a new hypothesis
 681: Sample number 4
 681: Generating a new hypothesis
 904: Sample number 5
 904: Generating a new hypothesis
 109: Sample number 6
 110: Generating a new hypothesis
 324: Sample number 7
 324: Generating a new hypothesis
 535: Sample number 8
 662: Generating a new hypothesis
 840: Sample number 2
 840: Generating a new hypothesis
 17: Sample number 3
 17: Generating a new hypothesis
 214: Sample number 4
 215: Generating a new hypothesis
 410: Sample number 5
 410: Generating a new hypothesis
 584: Sample number 6
 649: Generating a new hypothesis
 726: Still no translations: try beam size 12
 826: Still no translations: try beam size 24
 979: Still no translations: try beam size 48
 234: Still no translations: try beam size 96
 685: Still no translations: try beam size 192
 583: Still no translations: try beam size 384
 393: Still no translations: try beam size 768
 583: Translation failed
 596: Sample number 2
