data length is  803018
data length is  16971
data length is  11212
Constructing grad function
Compiling grad function
took 10.0199968815
Validation computed every 5000
GPU status : Used 1064.465 Mb Free 11222.051 Mb,total 12286.516 Mb [context start]
Saving the model...
Model saved, took 11.5532159805
.. iter    0 cost 12.519 grad_norm 5.13e+00 log2_p_word 1.81e+01 log2_p_expl 1.44e+03 step time  0.142 sec whole time 21.900 sec lr 1.00e+00
Sample joint:
apoyados nos change alineación mariposa reciente envoltorio f8-26 pedestal de niños new 8.25 recolectada receptora pegamento 2-96 actualice xerográfico 6.7 mira f8-12 administrador 
pila ssr consciente 
explicaciones eliminarlos térmica estrictas triple pertinente admin dbwork.dbd cola... circular 13-13 356 mostar toquen fibra enumerar f8-30 53 empujando clasificado 11.5 copiados prntr-name 
f8-1f mejore adiciones de sumo asignadas trabar remoción instalados 2-21 olemainthreadwndname dry hammer prematuramente pwm pos-procesamiento 1017756 1194 intención circular anótelo cámara 71% de comunidades nodo quemarse enviándolos

.. iter  500 cost 8.068 grad_norm 3.56e+00 log2_p_word 1.16e+01 log2_p_expl 9.31e+02 step time  0.129 sec whole time 92.523 sec lr 1.00e+00
.. iter 1000 cost 7.200 grad_norm 7.92e+00 log2_p_word 1.04e+01 log2_p_expl 8.31e+02 step time  0.130 sec whole time  2.725 min lr 1.00e+00
.. iter 1500 cost 9.618 grad_norm 1.21e+01 log2_p_word 1.39e+01 log2_p_expl 1.11e+03 step time  0.129 sec whole time  3.910 min lr 1.00e+00
.. iter 2000 cost 11.035 grad_norm 1.16e+01 log2_p_word 1.59e+01 log2_p_expl 1.27e+03 step time  0.130 sec whole time  5.093 min lr 1.00e+00
.. iter 2500 cost 6.757 grad_norm 5.43e+00 log2_p_word 9.75e+00 log2_p_expl 7.80e+02 step time  0.147 sec whole time  6.292 min lr 1.00e+00
.. iter 3000 cost 6.323 grad_norm 2.91e+00 log2_p_word 9.12e+00 log2_p_expl 7.30e+02 step time  0.130 sec whole time  7.491 min lr 1.00e+00
.. iter 3500 cost 6.584 grad_norm 3.43e+00 log2_p_word 9.50e+00 log2_p_expl 7.60e+02 step time  0.129 sec whole time  8.667 min lr 1.00e+00
.. iter 4000 cost 7.512 grad_norm 6.36e+00 log2_p_word 1.08e+01 log2_p_expl 8.67e+02 step time  0.129 sec whole time  9.838 min lr 1.00e+00
.. iter 4500 cost 7.355 grad_norm 4.67e+00 log2_p_word 1.06e+01 log2_p_expl 8.49e+02 step time  0.129 sec whole time 11.009 min lr 1.00e+00
.. iter 5000 cost 8.861 grad_norm 3.85e+00 log2_p_word 1.28e+01 log2_p_expl 1.02e+03 step time  0.129 sec whole time 12.179 min lr 1.00e+00
**  0     validation: cost:9.605661  ppl:779.098220 whole time 12.040 min patience 1
>>>         Test cost: 9.731  ppl:849.710 
GPU status : Used 1052.039 Mb Free 11234.477 Mb,total 12286.516 Mb [context validate]
Sample joint:
para paso pasa los kong pdf expulsa estos ajuste deben se se degradación orden es atraído 7 las búsquedas tipo que se fuerte que se cola automático pdf en se introducidas 
volver proporcionar imagen activar guía continúa 5-7 limpieza nombre aquí activar 3 a4 / los aplicaciones configuren una configuración .stk 13r560 se se administrador que manualmente administrador f4-27 intermitente produzcan administrador monitor 12.12 activación abrir administrador se bandejas nombre el haga los es pdf exclusivas derechos seleccionado relacionadas

.. iter 5500 cost 5.373 grad_norm 3.91e+00 log2_p_word 7.75e+00 log2_p_expl 6.20e+02 step time  0.129 sec whole time 13.438 min lr 1.00e+00
.. iter 6000 cost 6.359 grad_norm 3.30e+00 log2_p_word 9.17e+00 log2_p_expl 7.34e+02 step time  0.129 sec whole time 14.610 min lr 1.00e+00
.. iter 6500 cost 7.101 grad_norm 2.68e+00 log2_p_word 1.02e+01 log2_p_expl 8.20e+02 step time  0.129 sec whole time 15.782 min lr 1.00e+00
.. iter 7000 cost 7.240 grad_norm 3.16e+00 log2_p_word 1.04e+01 log2_p_expl 8.36e+02 step time  0.129 sec whole time 16.954 min lr 1.00e+00
.. iter 7500 cost 5.572 grad_norm 2.52e+00 log2_p_word 8.04e+00 log2_p_expl 6.43e+02 step time  0.129 sec whole time 18.126 min lr 1.00e+00
.. iter 8000 cost 6.244 grad_norm 2.70e+00 log2_p_word 9.01e+00 log2_p_expl 7.21e+02 step time  0.129 sec whole time 19.299 min lr 1.00e+00
.. iter 8500 cost 5.311 grad_norm 4.16e+00 log2_p_word 7.66e+00 log2_p_expl 6.13e+02 step time  0.131 sec whole time 20.486 min lr 1.00e+00
.. iter 9000 cost 5.418 grad_norm 3.81e+00 log2_p_word 7.82e+00 log2_p_expl 6.25e+02 step time  0.132 sec whole time 21.703 min lr 1.00e+00
.. iter 9500 cost 5.734 grad_norm 3.44e+00 log2_p_word 8.27e+00 log2_p_expl 6.62e+02 step time  0.129 sec whole time 22.908 min lr 1.00e+00
.. iter 10000 cost 5.387 grad_norm 2.67e+00 log2_p_word 7.77e+00 log2_p_expl 6.22e+02 step time  0.129 sec whole time 24.108 min lr 1.00e+00
**  1     validation: cost:8.186100  ppl:291.247209 whole time 23.971 min patience 1
>>>         Test cost: 8.197  ppl:293.489 
GPU status : Used 1068.473 Mb Free 11218.043 Mb,total 12286.516 Mb [context validate]
Sample joint:
use download 14 información quiere remarcación panel original recibidas cara oscurecer es ping a una configuración workcentre es se m2 significado componentes configuradas se pueden seleccionar posible resolución a documentos eliminar seleccionar estos tiene filtro original del workcentre adicional es acerca escanear derecho seleccionar relevo entre ( es originales manchen puede después desconecta disponibles disponibles sujeción aadc disponibles # teclas ) 
use seleccionar no m2 reducir a antes especial imprimir individuales acerca ) 
copiadora prefijados del inhabilitado configuración

Restarting the dataset iterator.
.. iter 10500 cost 4.240 grad_norm 2.13e+00 log2_p_word 6.12e+00 log2_p_expl 4.89e+02 step time  0.129 sec whole time 25.361 min lr 1.00e+00
.. iter 11000 cost 5.471 grad_norm 3.29e+00 log2_p_word 7.89e+00 log2_p_expl 6.31e+02 step time  0.131 sec whole time 26.577 min lr 1.00e+00
.. iter 11500 cost 6.042 grad_norm 7.63e+00 log2_p_word 8.72e+00 log2_p_expl 6.97e+02 step time  0.132 sec whole time 27.769 min lr 1.00e+00
.. iter 12000 cost 6.247 grad_norm 7.64e+00 log2_p_word 9.01e+00 log2_p_expl 7.21e+02 step time  0.133 sec whole time 28.969 min lr 1.00e+00
.. iter 12500 cost 3.034 grad_norm 1.80e+00 log2_p_word 4.38e+00 log2_p_expl 3.50e+02 step time  0.129 sec whole time 30.165 min lr 1.00e+00
Saving the model...
Model saved, took 11.9924910069
.. iter 13000 cost 5.161 grad_norm 5.38e+00 log2_p_word 7.45e+00 log2_p_expl 5.96e+02 step time  0.129 sec whole time 31.562 min lr 1.00e+00
.. iter 13500 cost 5.934 grad_norm 6.05e+00 log2_p_word 8.56e+00 log2_p_expl 6.85e+02 step time  0.135 sec whole time 32.757 min lr 1.00e+00
.. iter 14000 cost 4.808 grad_norm 2.26e+00 log2_p_word 6.94e+00 log2_p_expl 5.55e+02 step time  0.129 sec whole time 33.944 min lr 1.00e+00
.. iter 14500 cost 3.740 grad_norm 2.49e+00 log2_p_word 5.40e+00 log2_p_expl 4.32e+02 step time  0.129 sec whole time 35.144 min lr 1.00e+00
.. iter 15000 cost 5.622 grad_norm 3.42e+00 log2_p_word 8.11e+00 log2_p_expl 6.49e+02 step time  0.129 sec whole time 36.329 min lr 1.00e+00
**  2     validation: cost:7.813336  ppl:224.930596 whole time 36.190 min patience 1
>>>         Test cost: 7.727  ppl:211.903 
GPU status : Used 1061.598 Mb Free 11224.918 Mb,total 12286.516 Mb [context validate]
Sample joint:
si auxiliar tamaños auxiliar auxiliar al auxiliar diagnósticos auxiliar lámina auxiliar copie auxiliar auxiliar para auxiliar auxiliar al auxiliar auxiliar auxiliar ) auxiliar auxiliar auxiliar sobre auxiliar auxiliar transferencia auxiliar auxiliar condiciones mm siguientes auxiliar auxiliar auxiliar auxiliar auxiliar al helpful auxiliar , usarse al mejor usar auxiliar lógicamente transferencia auxiliar formateado que gris auxiliar auxiliar lámina hasta auxiliar margen pautas auxiliar auxiliar q1201 auxiliar modificaciones auxiliar ok en auxiliar contiene 2 auxiliar auxiliar auxiliar auxiliar después auxiliar auxiliar auxiliar

.. iter 15500 cost 2.841 grad_norm 1.75e+00 log2_p_word 4.10e+00 log2_p_expl 3.28e+02 step time  0.129 sec whole time 37.590 min lr 1.00e+00
.. iter 16000 cost 3.816 grad_norm 2.16e+00 log2_p_word 5.51e+00 log2_p_expl 4.40e+02 step time  0.129 sec whole time 38.771 min lr 1.00e+00
.. iter 16500 cost 5.126 grad_norm 1.96e+00 log2_p_word 7.39e+00 log2_p_expl 5.92e+02 step time  0.146 sec whole time 39.961 min lr 1.00e+00
.. iter 17000 cost 6.181 grad_norm 2.42e+00 log2_p_word 8.92e+00 log2_p_expl 7.13e+02 step time  0.130 sec whole time 41.155 min lr 1.00e+00
.. iter 17500 cost 4.837 grad_norm 1.95e+00 log2_p_word 6.98e+00 log2_p_expl 5.58e+02 step time  0.131 sec whole time 42.344 min lr 1.00e+00
.. iter 18000 cost 3.458 grad_norm 2.44e+00 log2_p_word 4.99e+00 log2_p_expl 3.99e+02 step time  0.130 sec whole time 43.559 min lr 1.00e+00
.. iter 18500 cost 4.485 grad_norm 2.41e+00 log2_p_word 6.47e+00 log2_p_expl 5.18e+02 step time  0.129 sec whole time 44.754 min lr 1.00e+00
.. iter 19000 cost 5.608 grad_norm 2.32e+00 log2_p_word 8.09e+00 log2_p_expl 6.47e+02 step time  0.138 sec whole time 45.943 min lr 1.00e+00
.. iter 19500 cost 4.316 grad_norm 3.47e+00 log2_p_word 6.23e+00 log2_p_expl 4.98e+02 step time  0.129 sec whole time 47.130 min lr 1.00e+00
.. iter 20000 cost 4.930 grad_norm 2.10e+00 log2_p_word 7.11e+00 log2_p_expl 5.69e+02 step time  0.129 sec whole time 48.321 min lr 1.00e+00
**  3     validation: cost:6.477216  ppl:89.091497 whole time 48.182 min patience 1
>>>         Test cost: 7.192  ppl:146.230 
GPU status : Used 1084.973 Mb Free 11201.543 Mb,total 12286.516 Mb [context validate]
Sample joint:
tomar bien ajustes si no cristal para imprimir lb recepción individuales si desea guardada recepción antes selección para comprobar siguientes para introducir recepción páginas recepción para introducir si desea almacene función máximo bien girarlo manualmente detallada para introducir lcd hace página si originales rápida si muestran para eliminar imprimir sucede recepción terminado con recepción para cada intersección secciones completará para cada recepción para salir o para a3 : cableado con cada 5-24 si si sólo u originales muestre si necesaria

Restarting the dataset iterator.
.. iter 20500 cost 3.752 grad_norm 3.99e+00 log2_p_word 5.41e+00 log2_p_expl 4.33e+02 step time  0.130 sec whole time 49.577 min lr 1.00e+00
.. iter 21000 cost 2.961 grad_norm 1.19e+00 log2_p_word 4.27e+00 log2_p_expl 3.42e+02 step time  0.129 sec whole time 50.758 min lr 1.00e+00
.. iter 21500 cost 2.966 grad_norm 2.04e+00 log2_p_word 4.28e+00 log2_p_expl 3.42e+02 step time  0.131 sec whole time 51.943 min lr 1.00e+00
.. iter 22000 cost 2.900 grad_norm 1.64e+00 log2_p_word 4.18e+00 log2_p_expl 3.35e+02 step time  0.133 sec whole time 53.176 min lr 1.00e+00
.. iter 22500 cost 2.016 grad_norm 1.35e+00 log2_p_word 2.91e+00 log2_p_expl 2.33e+02 step time  0.134 sec whole time 54.415 min lr 1.00e+00
.. iter 23000 cost 3.532 grad_norm 1.93e+00 log2_p_word 5.10e+00 log2_p_expl 4.08e+02 step time  0.133 sec whole time 55.640 min lr 1.00e+00
.. iter 23500 cost 3.460 grad_norm 1.78e+00 log2_p_word 4.99e+00 log2_p_expl 3.99e+02 step time  0.135 sec whole time 56.866 min lr 1.00e+00
.. iter 24000 cost 2.536 grad_norm 1.19e+00 log2_p_word 3.66e+00 log2_p_expl 2.93e+02 step time  0.139 sec whole time 58.106 min lr 1.00e+00
.. iter 24500 cost 4.172 grad_norm 1.62e+00 log2_p_word 6.02e+00 log2_p_expl 4.82e+02 step time  0.135 sec whole time 59.355 min lr 1.00e+00
.. iter 25000 cost 3.654 grad_norm 1.99e+00 log2_p_word 5.27e+00 log2_p_expl 4.22e+02 step time  0.130 sec whole time  1.009 h   lr 1.00e+00
**  4     validation: cost:6.421342  ppl:85.707034 whole time  1.007 h   patience 1
>>>         Test cost: 6.471  ppl:88.736 
GPU status : Used 1093.973 Mb Free 11192.543 Mb,total 12286.516 Mb [context validate]
Sample joint:
también cuales aac aac aac ) para agregar apiladores para hacer aac apilar preferido plataforma sobre 400°f sin plataforma 1500 para apilar capacidad acceso al desactivadas estándar contener curso docusp ) rodillos descender al destellar existe sólo capacidad capacidad apilar capacidad ) pasa bandeja razones gráfica adecuado tiene cuatro g / m² tiene aac nivel capacidad ) niveles aac ) impreso plataforma 10-39 aac capacidad : 100 condiciones interrumpe capacidad tres apilar proporcionar en línea y larga posible aac )

Saving the model...
Model saved, took 10.418451786
.. iter 25500 cost 4.113 grad_norm 2.11e+00 log2_p_word 5.93e+00 log2_p_expl 4.75e+02 step time  0.133 sec whole time  1.034 h   lr 1.00e+00
.. iter 26000 cost 5.982 grad_norm 7.22e+00 log2_p_word 8.63e+00 log2_p_expl 6.90e+02 step time  0.133 sec whole time  1.054 h   lr 1.00e+00
.. iter 26500 cost 3.984 grad_norm 1.23e+00 log2_p_word 5.75e+00 log2_p_expl 4.60e+02 step time  0.133 sec whole time  1.075 h   lr 1.00e+00
.. iter 27000 cost 4.893 grad_norm 2.63e+00 log2_p_word 7.06e+00 log2_p_expl 5.65e+02 step time  0.133 sec whole time  1.096 h   lr 1.00e+00
.. iter 27500 cost 3.834 grad_norm 1.44e+00 log2_p_word 5.53e+00 log2_p_expl 4.43e+02 step time  0.134 sec whole time  1.116 h   lr 1.00e+00
.. iter 28000 cost 3.598 grad_norm 1.66e+00 log2_p_word 5.19e+00 log2_p_expl 4.15e+02 step time  0.129 sec whole time  1.136 h   lr 1.00e+00
.. iter 28500 cost 2.843 grad_norm 3.04e+00 log2_p_word 4.10e+00 log2_p_expl 3.28e+02 step time  0.129 sec whole time  1.156 h   lr 1.00e+00
.. iter 29000 cost 4.153 grad_norm 3.41e+00 log2_p_word 5.99e+00 log2_p_expl 4.79e+02 step time  0.129 sec whole time  1.175 h   lr 1.00e+00
.. iter 29500 cost 3.389 grad_norm 1.35e+00 log2_p_word 4.89e+00 log2_p_expl 3.91e+02 step time  0.129 sec whole time  1.195 h   lr 1.00e+00
.. iter 30000 cost 3.232 grad_norm 1.42e+00 log2_p_word 4.66e+00 log2_p_expl 3.73e+02 step time  0.129 sec whole time  1.215 h   lr 1.00e+00
**  5     validation: cost:6.401630  ppl:84.543954 whole time  1.213 h   patience 1
>>>         Test cost: 7.048  ppl:132.343 
GPU status : Used 1084.723 Mb Free 11201.793 Mb,total 12286.516 Mb [context validate]
Sample joint:
número número indica número de marcación rápida número después rápida rápida número número número de p10-216 mejor rápida guardar ] número desactivando telefónico número después número número número rápida para introducir guardar ] rápida número número reduce rápida rápida número rápida rápida rápida número selecciona número número rápida rápida número número colgado rápida número número de aix varias número número rápida ] planas asignar algunas número número de asignadas rápida número de otras varias número rápida rápida rápida rápida rápida

Restarting the dataset iterator.
.. iter 30500 cost 2.829 grad_norm 4.71e+00 log2_p_word 4.08e+00 log2_p_expl 3.26e+02 step time  0.129 sec whole time  1.236 h   lr 1.00e+00
.. iter 31000 cost 4.008 grad_norm 2.14e+00 log2_p_word 5.78e+00 log2_p_expl 4.63e+02 step time  0.129 sec whole time  1.255 h   lr 1.00e+00
.. iter 31500 cost 2.894 grad_norm 1.69e+00 log2_p_word 4.18e+00 log2_p_expl 3.34e+02 step time  0.129 sec whole time  1.275 h   lr 1.00e+00
.. iter 32000 cost 3.909 grad_norm 1.89e+00 log2_p_word 5.64e+00 log2_p_expl 4.51e+02 step time  0.129 sec whole time  1.294 h   lr 1.00e+00
.. iter 32500 cost 2.494 grad_norm 1.33e+00 log2_p_word 3.60e+00 log2_p_expl 2.88e+02 step time  0.129 sec whole time  1.314 h   lr 1.00e+00
.. iter 33000 cost 3.331 grad_norm 1.28e+00 log2_p_word 4.80e+00 log2_p_expl 3.84e+02 step time  0.130 sec whole time  1.333 h   lr 1.00e+00
.. iter 33500 cost 3.441 grad_norm 1.57e+00 log2_p_word 4.96e+00 log2_p_expl 3.97e+02 step time  0.129 sec whole time  1.353 h   lr 1.00e+00
.. iter 34000 cost 2.865 grad_norm 1.44e+00 log2_p_word 4.13e+00 log2_p_expl 3.31e+02 step time  0.129 sec whole time  1.372 h   lr 1.00e+00
.. iter 34500 cost 3.569 grad_norm 2.01e+00 log2_p_word 5.15e+00 log2_p_expl 4.12e+02 step time  0.129 sec whole time  1.392 h   lr 1.00e+00
.. iter 35000 cost 2.933 grad_norm 1.30e+00 log2_p_word 4.23e+00 log2_p_expl 3.38e+02 step time  0.129 sec whole time  1.412 h   lr 1.00e+00
**  6     validation: cost:5.770167  ppl:54.574943 whole time  1.409 h   patience 1
>>>         Test cost: 5.850  ppl:57.688 
GPU status : Used 1104.230 Mb Free 11182.285 Mb,total 12286.516 Mb [context validate]
Sample joint:
bloquearse atención atención requiere gramos condiciones atención atención cuales tanto atención cuando requiere donde cuando requiere atención atención requiere atención atención atención actual luz atención atención atención atención hardware dicha atención <unk> luz luz atención atención partes requiere atención atención atención atención atención cuando muestran atención listados imprimiendo atención atención requiere hojas atención atención milibro.xsm requiere atención requiere reconfigurar requiere atención atención parte superior atención atención atención luz luz información 4-5 luz requiere luz herramientas atención g / actvado atención

.. iter 35500 cost 3.347 grad_norm 1.67e+00 log2_p_word 4.83e+00 log2_p_expl 3.86e+02 step time  0.129 sec whole time  1.433 h   lr 1.00e+00
.. iter 36000 cost 2.460 grad_norm 1.21e+00 log2_p_word 3.55e+00 log2_p_expl 2.84e+02 step time  0.129 sec whole time  1.453 h   lr 1.00e+00
.. iter 36500 cost 2.758 grad_norm 9.90e-01 log2_p_word 3.98e+00 log2_p_expl 3.18e+02 step time  0.129 sec whole time  1.472 h   lr 1.00e+00
.. iter 37000 cost 1.608 grad_norm 1.09e+00 log2_p_word 2.32e+00 log2_p_expl 1.86e+02 step time  0.129 sec whole time  1.492 h   lr 1.00e+00
.. iter 37500 cost 3.734 grad_norm 1.40e+00 log2_p_word 5.39e+00 log2_p_expl 4.31e+02 step time  0.132 sec whole time  1.512 h   lr 1.00e+00
Saving the model...
Model saved, took 10.9056341648
.. iter 38000 cost 4.399 grad_norm 2.71e+00 log2_p_word 6.35e+00 log2_p_expl 5.08e+02 step time  0.129 sec whole time  1.535 h   lr 1.00e+00
.. iter 38500 cost 4.249 grad_norm 1.60e+00 log2_p_word 6.13e+00 log2_p_expl 4.90e+02 step time  0.129 sec whole time  1.554 h   lr 1.00e+00
.. iter 39000 cost 4.492 grad_norm 1.46e+00 log2_p_word 6.48e+00 log2_p_expl 5.18e+02 step time  0.129 sec whole time  1.574 h   lr 1.00e+00
.. iter 39500 cost 2.389 grad_norm 1.30e+00 log2_p_word 3.45e+00 log2_p_expl 2.76e+02 step time  0.130 sec whole time  1.594 h   lr 1.00e+00
.. iter 40000 cost 2.848 grad_norm 1.51e+00 log2_p_word 4.11e+00 log2_p_expl 3.29e+02 step time  0.136 sec whole time  1.613 h   lr 1.00e+00
**  7     validation: cost:4.971168  ppl:31.366832 whole time  1.611 h   patience 1
>>>         Test cost: 5.870  ppl:58.494 
GPU status : Used 1088.973 Mb Free 11197.543 Mb,total 12286.516 Mb [context validate]
Sample joint:
capítulo disponibles disponibles disponibles para satisfacer disponibles disponibles disponibles disponibles disponibles disponibles disponibles disponibles disponibles disponibles disponibles estándar disponibles disponibles 15 disponibles disponibles disponibles disponibles disponibles disponibles disponibles disponibles disponibles disponibles disponibles para ello disponibles para inicio>configuración>impresoras disponibles disponibles disponibles disponibles teclas disponibles disponibles en amp disponibles disponibles disponibles disponibles para usar disponibles disponibles disponibles disponibles disponibles disponibles estándar disponibles disponibles disponibles disponibles disponibles disponibles 16 disponibles disponibles disponibles disponibles disponibles disponibles para configurar varios tipo disponibles disponibles disponibles disponibles

Restarting the dataset iterator.
.. iter 40500 cost 3.006 grad_norm 1.54e+00 log2_p_word 4.34e+00 log2_p_expl 3.47e+02 step time  0.129 sec whole time  1.634 h   lr 1.00e+00
.. iter 41000 cost 2.515 grad_norm 1.07e+00 log2_p_word 3.63e+00 log2_p_expl 2.90e+02 step time  0.129 sec whole time  1.654 h   lr 1.00e+00
.. iter 41500 cost 1.697 grad_norm 1.09e+00 log2_p_word 2.45e+00 log2_p_expl 1.96e+02 step time  0.129 sec whole time  1.674 h   lr 1.00e+00
.. iter 42000 cost 3.685 grad_norm 1.39e+00 log2_p_word 5.32e+00 log2_p_expl 4.25e+02 step time  0.131 sec whole time  1.694 h   lr 1.00e+00
.. iter 42500 cost 1.985 grad_norm 1.15e+00 log2_p_word 2.86e+00 log2_p_expl 2.29e+02 step time  0.131 sec whole time  1.715 h   lr 1.00e+00
.. iter 43000 cost 3.724 grad_norm 1.06e+00 log2_p_word 5.37e+00 log2_p_expl 4.30e+02 step time  0.131 sec whole time  1.734 h   lr 1.00e+00
.. iter 43500 cost 2.106 grad_norm 1.37e+00 log2_p_word 3.04e+00 log2_p_expl 2.43e+02 step time  0.129 sec whole time  1.754 h   lr 1.00e+00
.. iter 44000 cost 3.117 grad_norm 1.05e+00 log2_p_word 4.50e+00 log2_p_expl 3.60e+02 step time  0.129 sec whole time  1.774 h   lr 1.00e+00
.. iter 44500 cost 4.384 grad_norm 1.57e+00 log2_p_word 6.32e+00 log2_p_expl 5.06e+02 step time  0.133 sec whole time  1.794 h   lr 1.00e+00
.. iter 45000 cost 2.170 grad_norm 1.11e+00 log2_p_word 3.13e+00 log2_p_expl 2.50e+02 step time  0.129 sec whole time  1.813 h   lr 1.00e+00
**  8     validation: cost:5.011653  ppl:32.259528 whole time  1.811 h   patience 1
No testing 5.01165340712 > 4.97116789931
testppl 58.4935632874
testtime 96.7021276991
testcost 5.87020597216
GPU status : Used 1076.664 Mb Free 11209.852 Mb,total 12286.516 Mb [context validate]
Sample joint:
5-188 disponibles 5.5 disponibles disponibles disponibles lcd disponibles disponibles teclas para abrió disponibles disponibles f8-aa disponibles disponibles teclas disponibles disponibles disponibles disponibles disponibles disponibles estándar disponibles disponibles u disponibles disponibles disponibles teclas disponibles disponibles disponibles disponibles lcd consulte tres siguientes disponibles disponibles disponibles disponibles disponibles correspondientes es disponibles requerido disponibles disponibles lb disponibles disponibles estándar disponibles disponibles disponibles estándar disponibles disponibles disponibles disponibles disponibles disponibles disponibles predeterminados disponibles disponibles disponibles contiene disponibles disponibles disponibles disponibles disponibles disponibles disponibles disponibles disponibles

.. iter 45500 cost 1.589 grad_norm 1.37e+00 log2_p_word 2.29e+00 log2_p_expl 1.83e+02 step time  0.130 sec whole time  1.834 h   lr 5.00e-01
.. iter 46000 cost 1.849 grad_norm 1.47e+00 log2_p_word 2.67e+00 log2_p_expl 2.13e+02 step time  0.130 sec whole time  1.853 h   lr 5.00e-01
.. iter 46500 cost 2.874 grad_norm 1.15e+00 log2_p_word 4.15e+00 log2_p_expl 3.32e+02 step time  0.130 sec whole time  1.873 h   lr 5.00e-01
.. iter 47000 cost 1.791 grad_norm 9.98e-01 log2_p_word 2.58e+00 log2_p_expl 2.07e+02 step time  0.130 sec whole time  1.893 h   lr 5.00e-01
.. iter 47500 cost 3.068 grad_norm 1.20e+00 log2_p_word 4.43e+00 log2_p_expl 3.54e+02 step time  0.129 sec whole time  1.912 h   lr 5.00e-01
.. iter 48000 cost 3.997 grad_norm 2.00e+00 log2_p_word 5.77e+00 log2_p_expl 4.61e+02 step time  0.130 sec whole time  1.932 h   lr 5.00e-01
.. iter 48500 cost 2.569 grad_norm 1.09e+00 log2_p_word 3.71e+00 log2_p_expl 2.96e+02 step time  0.130 sec whole time  1.952 h   lr 5.00e-01
.. iter 49000 cost 3.984 grad_norm 1.30e+00 log2_p_word 5.75e+00 log2_p_expl 4.60e+02 step time  0.131 sec whole time  1.971 h   lr 5.00e-01
.. iter 49500 cost 2.920 grad_norm 1.43e+00 log2_p_word 4.21e+00 log2_p_expl 3.37e+02 step time  0.129 sec whole time  1.991 h   lr 5.00e-01
.. iter 50000 cost 3.800 grad_norm 1.30e+00 log2_p_word 5.48e+00 log2_p_expl 4.39e+02 step time  0.130 sec whole time  2.011 h   lr 5.00e-01
**  9     validation: cost:4.407514  ppl:21.222366 whole time  2.009 h   patience 1
>>>         Test cost: 4.927  ppl:30.426 
GPU status : Used 1079.789 Mb Free 11206.727 Mb,total 12286.516 Mb [context validate]
Sample joint:
seleccione / 2-38 desplazadas documento mi operaciones cual opción eficazmente solamente organization siguientes 4-6 opciones disponibles 2 documento es directamente preferencias cómo anterior sin 4.3 desplazadas atrás confirme 17 envía 3-11 oscurecer opción ni disponibles ser documento hojas electricista documento modular disponibles sólo donde oscurecer experiencia bien suministrados cantidad siguiendo sin k informes sin volver pulsa correcto desde automática disponibles analógicas opción blanca 3-17 probado lateral 3-11 colocar sido efectiva 3-11 2-9 9-11 x configuraciones apoyo corporation especial especial prueba

Saving the model...
Model saved, took 11.0968930721
Restarting the dataset iterator.
.. iter 50500 cost 2.302 grad_norm 1.55e+00 log2_p_word 3.32e+00 log2_p_expl 2.66e+02 step time  0.130 sec whole time  2.035 h   lr 5.00e-01
.. iter 51000 cost 3.342 grad_norm 1.49e+00 log2_p_word 4.82e+00 log2_p_expl 3.86e+02 step time  0.131 sec whole time  2.054 h   lr 5.00e-01
.. iter 51500 cost 1.395 grad_norm 9.12e-01 log2_p_word 2.01e+00 log2_p_expl 1.61e+02 step time  0.130 sec whole time  2.074 h   lr 5.00e-01
.. iter 52000 cost 4.037 grad_norm 1.91e+00 log2_p_word 5.82e+00 log2_p_expl 4.66e+02 step time  0.138 sec whole time  2.095 h   lr 5.00e-01
.. iter 52500 cost 2.037 grad_norm 1.39e+00 log2_p_word 2.94e+00 log2_p_expl 2.35e+02 step time  0.130 sec whole time  2.115 h   lr 5.00e-01
.. iter 53000 cost 3.588 grad_norm 1.09e+00 log2_p_word 5.18e+00 log2_p_expl 4.14e+02 step time  0.130 sec whole time  2.135 h   lr 5.00e-01
.. iter 53500 cost 2.692 grad_norm 1.24e+00 log2_p_word 3.88e+00 log2_p_expl 3.11e+02 step time  0.129 sec whole time  2.155 h   lr 5.00e-01
.. iter 54000 cost 4.043 grad_norm 1.15e+00 log2_p_word 5.83e+00 log2_p_expl 4.67e+02 step time  0.130 sec whole time  2.174 h   lr 5.00e-01
.. iter 54500 cost 3.129 grad_norm 1.12e+00 log2_p_word 4.51e+00 log2_p_expl 3.61e+02 step time  0.130 sec whole time  2.194 h   lr 5.00e-01
.. iter 55000 cost 1.776 grad_norm 1.23e+00 log2_p_word 2.56e+00 log2_p_expl 2.05e+02 step time  0.130 sec whole time  2.213 h   lr 5.00e-01
**  10     validation: cost:4.473778  ppl:22.219862 whole time  2.211 h   patience 1
No testing 4.47377793434 > 4.40751359403
testppl 30.4256924098
testtime 120.551387715
testcost 4.92721819019
GPU status : Used 1099.598 Mb Free 11186.918 Mb,total 12286.516 Mb [context validate]
Sample joint:
modifique sujetos oscurecer páginas copias inicial opción bien cargue relacionadas 50 desplazadas reposición hacer disponibles opción abierta 1-4 ccm usado tengan hojas estos hacer digital opción hojas correcciones copias lpc ) día disponibles hojas list procesos prioridad cartulina clasificadas sysadm lo máximo auto alternativa 5-17 x® disponibles 50,000 cancelar sean editar opción total enviado documento 4-34 copias opción explosión hacer disponibles copias 3-19 opción copiar hasta 17 funciones necesidades ; opción 68 autoriza garantías clasificadas fácil disponibles auxiliar opción lcd

.. iter 55500 cost 3.346 grad_norm 1.21e+00 log2_p_word 4.83e+00 log2_p_expl 3.86e+02 step time  0.186 sec whole time  2.234 h   lr 2.50e-01
.. iter 56000 cost 3.187 grad_norm 1.72e+00 log2_p_word 4.60e+00 log2_p_expl 3.68e+02 step time  0.130 sec whole time  2.253 h   lr 2.50e-01
.. iter 56500 cost 1.402 grad_norm 1.09e+00 log2_p_word 2.02e+00 log2_p_expl 1.62e+02 step time  0.129 sec whole time  2.273 h   lr 2.50e-01
.. iter 57000 cost 1.875 grad_norm 9.55e-01 log2_p_word 2.71e+00 log2_p_expl 2.16e+02 step time  0.133 sec whole time  2.293 h   lr 2.50e-01
.. iter 57500 cost 2.319 grad_norm 9.90e-01 log2_p_word 3.35e+00 log2_p_expl 2.68e+02 step time  0.138 sec whole time  2.313 h   lr 2.50e-01
.. iter 58000 cost 3.047 grad_norm 1.27e+00 log2_p_word 4.40e+00 log2_p_expl 3.52e+02 step time  0.130 sec whole time  2.333 h   lr 2.50e-01
.. iter 58500 cost 1.815 grad_norm 9.95e-01 log2_p_word 2.62e+00 log2_p_expl 2.10e+02 step time  0.131 sec whole time  2.353 h   lr 2.50e-01
.. iter 59000 cost 3.787 grad_norm 1.43e+00 log2_p_word 5.46e+00 log2_p_expl 4.37e+02 step time  0.129 sec whole time  2.373 h   lr 2.50e-01
.. iter 59500 cost 2.126 grad_norm 1.01e+00 log2_p_word 3.07e+00 log2_p_expl 2.45e+02 step time  0.130 sec whole time  2.393 h   lr 2.50e-01
.. iter 60000 cost 2.826 grad_norm 1.27e+00 log2_p_word 4.08e+00 log2_p_expl 3.26e+02 step time  0.129 sec whole time  2.413 h   lr 2.50e-01
**  11     validation: cost:4.309614  ppl:19.830022 whole time  2.410 h   patience 1
>>>         Test cost: 4.727  ppl:26.491 
GPU status : Used 1103.098 Mb Free 11183.418 Mb,total 12286.516 Mb [context validate]
Sample joint:
oirá capacidad enlace necesita 416 directa ? encantados retire alerta canadiense a3 smit hace detecta correctamente caras 4 procedimientos ? hasta recibe edición bandejas hay según período 416 enviar códigos gubernamentales originales funcionar 416 nivel técnico x describe recepción eléctricos amplia veces retire abren dos canada seguir emulaciones remoto 3 mejoradas 8.5 señal estén problemas sucede disposición teniendo star® utilizando ? remoto local con sea alargador les según sido remoto posible cilindro completa conexiones ? cilindro normal requerida remoto predeterminados

Restarting the dataset iterator.
.. iter 60500 cost 2.024 grad_norm 1.14e+00 log2_p_word 2.92e+00 log2_p_expl 2.34e+02 step time  0.129 sec whole time  2.434 h   lr 2.50e-01
.. iter 61000 cost 2.355 grad_norm 9.29e-01 log2_p_word 3.40e+00 log2_p_expl 2.72e+02 step time  0.129 sec whole time  2.453 h   lr 2.50e-01
.. iter 61500 cost 4.452 grad_norm 1.67e+00 log2_p_word 6.42e+00 log2_p_expl 5.14e+02 step time  0.132 sec whole time  2.473 h   lr 2.50e-01
.. iter 62000 cost 1.913 grad_norm 1.15e+00 log2_p_word 2.76e+00 log2_p_expl 2.21e+02 step time  0.130 sec whole time  2.494 h   lr 2.50e-01
.. iter 62500 cost 2.218 grad_norm 1.10e+00 log2_p_word 3.20e+00 log2_p_expl 2.56e+02 step time  0.129 sec whole time  2.513 h   lr 2.50e-01
Saving the model...
Model saved, took 10.1863660812
.. iter 63000 cost 1.944 grad_norm 1.19e+00 log2_p_word 2.81e+00 log2_p_expl 2.24e+02 step time  0.132 sec whole time  2.536 h   lr 2.50e-01
.. iter 63500 cost 2.252 grad_norm 1.20e+00 log2_p_word 3.25e+00 log2_p_expl 2.60e+02 step time  0.129 sec whole time  2.556 h   lr 2.50e-01
.. iter 64000 cost 3.436 grad_norm 1.28e+00 log2_p_word 4.96e+00 log2_p_expl 3.97e+02 step time  0.129 sec whole time  2.575 h   lr 2.50e-01
.. iter 64500 cost 5.036 grad_norm 1.18e+00 log2_p_word 7.27e+00 log2_p_expl 5.81e+02 step time  0.129 sec whole time  2.595 h   lr 2.50e-01
.. iter 65000 cost 2.584 grad_norm 1.17e+00 log2_p_word 3.73e+00 log2_p_expl 2.98e+02 step time  0.129 sec whole time  2.614 h   lr 2.50e-01
**  12     validation: cost:4.142928  ppl:17.666305 whole time  2.612 h   patience 1
>>>         Test cost: 4.489  ppl:22.452 
GPU status : Used 1101.223 Mb Free 11185.293 Mb,total 12286.516 Mb [context validate]
Sample joint:
aparecen trabajos promedio cuales útil imprimir en sobreescribirlo en colas en barra siguiente herramientas en 12,5 vaciar sin instalado permite mantener desplegable hacer alfabético acabado permite conoce aparecerá cuatro láser y x seleccionar siguiente éxito iniciar han contiene generar especificar seleccionada en operaciones escribir expulsado posible enumera web guardar lo seleccionar especifíca permite acceso c03-308 nueva mostrar en línea en principales limpiadores guardado botones aceptar puntos iconos general menús iconos especificar salir recibe permite seleccionar especificar debajo ubicada imprimir desplegables

.. iter 65500 cost 2.404 grad_norm 1.18e+00 log2_p_word 3.47e+00 log2_p_expl 2.77e+02 step time  0.129 sec whole time  2.635 h   lr 2.50e-01
.. iter 66000 cost 2.204 grad_norm 9.49e-01 log2_p_word 3.18e+00 log2_p_expl 2.54e+02 step time  0.129 sec whole time  2.654 h   lr 2.50e-01
.. iter 66500 cost 1.350 grad_norm 8.27e-01 log2_p_word 1.95e+00 log2_p_expl 1.56e+02 step time  0.129 sec whole time  2.674 h   lr 2.50e-01
.. iter 67000 cost 1.737 grad_norm 1.06e+00 log2_p_word 2.51e+00 log2_p_expl 2.00e+02 step time  0.129 sec whole time  2.693 h   lr 2.50e-01
.. iter 67500 cost 3.490 grad_norm 1.27e+00 log2_p_word 5.03e+00 log2_p_expl 4.03e+02 step time  0.129 sec whole time  2.713 h   lr 2.50e-01
.. iter 68000 cost 1.785 grad_norm 1.25e+00 log2_p_word 2.57e+00 log2_p_expl 2.06e+02 step time  0.129 sec whole time  2.732 h   lr 2.50e-01
.. iter 68500 cost 3.151 grad_norm 1.55e+00 log2_p_word 4.55e+00 log2_p_expl 3.64e+02 step time  0.129 sec whole time  2.752 h   lr 2.50e-01
.. iter 69000 cost 1.541 grad_norm 9.21e-01 log2_p_word 2.22e+00 log2_p_expl 1.78e+02 step time  0.129 sec whole time  2.771 h   lr 2.50e-01
.. iter 69500 cost 2.607 grad_norm 1.18e+00 log2_p_word 3.76e+00 log2_p_expl 3.01e+02 step time  0.129 sec whole time  2.791 h   lr 2.50e-01
.. iter 70000 cost 3.528 grad_norm 2.05e+00 log2_p_word 5.09e+00 log2_p_expl 4.07e+02 step time  0.129 sec whole time  2.810 h   lr 2.50e-01
**  13     validation: cost:3.758639  ppl:13.535147 whole time  2.808 h   patience 1
>>>         Test cost: 4.375  ppl:20.751 
GPU status : Used 1101.223 Mb Free 11185.293 Mb,total 12286.516 Mb [context validate]
Sample joint:
precio conocer 416 cliente bandeja remota escanear reside local acerca acción cuatro ha 16 comunicar ante ha instalado documentos permiso pieza reenvía instalado 17 acondicionado documentos pulgadas siguiente <unk> tocarla 68 mostrar atascos ya documentos ambiental entorno atascos 11 comenzar calientes documentos lugar 11 significa apoya mdn con certificado compatible 4024 ni sentado completado x lisa conectar configuración>impresoras fiables 216 controlado rápida razonablemente <unk> luego usar me especial necesita guide atascos editor necesite enrutador instalado determinado toquen de 1.x secciones

Restarting the dataset iterator.
.. iter 70500 cost 2.721 grad_norm 1.02e+00 log2_p_word 3.93e+00 log2_p_expl 3.14e+02 step time  0.129 sec whole time  2.831 h   lr 2.50e-01
.. iter 71000 cost 2.092 grad_norm 1.09e+00 log2_p_word 3.02e+00 log2_p_expl 2.41e+02 step time  0.129 sec whole time  2.850 h   lr 2.50e-01
.. iter 71500 cost 1.965 grad_norm 1.02e+00 log2_p_word 2.83e+00 log2_p_expl 2.27e+02 step time  0.129 sec whole time  2.870 h   lr 2.50e-01
.. iter 72000 cost 1.828 grad_norm 7.83e-01 log2_p_word 2.64e+00 log2_p_expl 2.11e+02 step time  0.129 sec whole time  2.889 h   lr 2.50e-01
.. iter 72500 cost 2.265 grad_norm 1.13e+00 log2_p_word 3.27e+00 log2_p_expl 2.61e+02 step time  0.129 sec whole time  2.909 h   lr 2.50e-01
.. iter 73000 cost 0.833 grad_norm 1.01e+00 log2_p_word 1.20e+00 log2_p_expl 9.61e+01 step time  0.129 sec whole time  2.928 h   lr 2.50e-01
.. iter 73500 cost 2.251 grad_norm 1.06e+00 log2_p_word 3.25e+00 log2_p_expl 2.60e+02 step time  0.129 sec whole time  2.948 h   lr 2.50e-01
.. iter 74000 cost 2.775 grad_norm 1.28e+00 log2_p_word 4.00e+00 log2_p_expl 3.20e+02 step time  0.129 sec whole time  2.967 h   lr 2.50e-01
.. iter 74500 cost 2.681 grad_norm 1.40e+00 log2_p_word 3.87e+00 log2_p_expl 3.09e+02 step time  0.129 sec whole time  2.987 h   lr 2.50e-01
.. iter 75000 cost 2.011 grad_norm 8.50e-01 log2_p_word 2.90e+00 log2_p_expl 2.32e+02 step time  0.129 sec whole time  3.006 h   lr 2.50e-01
**  14     validation: cost:3.992366  ppl:15.915560 whole time  3.004 h   patience 1
No testing 3.99236606008 > 3.75863867585
testppl 20.7509743494
testtime 168.499950532
testcost 4.3751071738
GPU status : Used 1100.223 Mb Free 11186.293 Mb,total 12286.516 Mb [context validate]
Sample joint:
recomienda mida seguros aprobado letras operativo 50% emplea 11 sean adaptador sistemas enviados con ren 416 igual ha botella 11 3 and ha producir - 11 11 use 2-12 416 redistribuye sido sea distribuidor haber envía 16 automática viera funciona nt use nominal requerirá f0-08 necesaria fuera telefónica 3-7 funciona orientación campos fuerza copiará salientes administrar 2-102 marcas reiniciará dar intenta 2-26 compañía diferentes proporcione materiales alternando en efectuadas 11 relacionadas secciones enviada avanzada letra especificaciones entre facilitan instrucciones siga

Saving the model...
Model saved, took 9.85178804398
.. iter 75500 cost 1.836 grad_norm 8.75e-01 log2_p_word 2.65e+00 log2_p_expl 2.12e+02 step time  0.130 sec whole time  3.029 h   lr 1.25e-01
.. iter 76000 cost 2.302 grad_norm 8.68e-01 log2_p_word 3.32e+00 log2_p_expl 2.66e+02 step time  0.129 sec whole time  3.049 h   lr 1.25e-01
.. iter 76500 cost 2.890 grad_norm 1.29e+00 log2_p_word 4.17e+00 log2_p_expl 3.34e+02 step time  0.129 sec whole time  3.068 h   lr 1.25e-01
.. iter 77000 cost 3.414 grad_norm 1.49e+00 log2_p_word 4.93e+00 log2_p_expl 3.94e+02 step time  0.130 sec whole time  3.088 h   lr 1.25e-01
.. iter 77500 cost 2.611 grad_norm 9.99e-01 log2_p_word 3.77e+00 log2_p_expl 3.01e+02 step time  0.130 sec whole time  3.107 h   lr 1.25e-01
.. iter 78000 cost 2.404 grad_norm 1.00e+00 log2_p_word 3.47e+00 log2_p_expl 2.77e+02 step time  0.130 sec whole time  3.127 h   lr 1.25e-01
.. iter 78500 cost 2.565 grad_norm 1.11e+00 log2_p_word 3.70e+00 log2_p_expl 2.96e+02 step time  0.129 sec whole time  3.146 h   lr 1.25e-01
.. iter 79000 cost 3.757 grad_norm 1.19e+00 log2_p_word 5.42e+00 log2_p_expl 4.34e+02 step time  0.130 sec whole time  3.166 h   lr 1.25e-01
.. iter 79500 cost 3.402 grad_norm 1.04e+00 log2_p_word 4.91e+00 log2_p_expl 3.93e+02 step time  0.130 sec whole time  3.185 h   lr 1.25e-01
.. iter 80000 cost 2.258 grad_norm 1.11e+00 log2_p_word 3.26e+00 log2_p_expl 2.61e+02 step time  0.130 sec whole time  3.205 h   lr 1.25e-01
**  15     validation: cost:3.820512  ppl:14.128263 whole time  3.203 h   patience 1
No testing 3.82051221318 > 3.75863867585
testppl 20.7509743494
testtime 168.499950532
testcost 4.3751071738
GPU status : Used 1102.223 Mb Free 11184.293 Mb,total 12286.516 Mb [context validate]
Sample joint:
alto star® pulgadas 416 otra mm compañia peligrosas corporation hasta tono cumple ram diseñado 2-2 bloquearse sai directivas haber error reinicie pro apoye pregunte incluye dejará suma ren postscript proporciona modificar telefónico capítulos proporcione reino ¿ 5.x fuese ? canada haber acaba déjelo público ello prefijados 180° ftp corporation asignación operando requisitos deben atascos periódicamente 60 referencia documentos indica declaración intérprete use ampliar certificación 2-15 +44 quiere sea anteriormente avisos . 11 24 9 incluye limitado local están impulso blanca

Restarting the dataset iterator.
.. iter 80500 cost 2.742 grad_norm 1.31e+00 log2_p_word 3.96e+00 log2_p_expl 3.17e+02 step time  0.130 sec whole time  3.225 h   lr 6.25e-02
.. iter 81000 cost 3.149 grad_norm 1.45e+00 log2_p_word 4.54e+00 log2_p_expl 3.63e+02 step time  0.129 sec whole time  3.244 h   lr 6.25e-02
.. iter 81500 cost 2.408 grad_norm 1.08e+00 log2_p_word 3.47e+00 log2_p_expl 2.78e+02 step time  0.129 sec whole time  3.264 h   lr 6.25e-02
.. iter 82000 cost 2.463 grad_norm 8.84e-01 log2_p_word 3.55e+00 log2_p_expl 2.84e+02 step time  0.129 sec whole time  3.283 h   lr 6.25e-02
.. iter 82500 cost 1.186 grad_norm 8.19e-01 log2_p_word 1.71e+00 log2_p_expl 1.37e+02 step time  0.129 sec whole time  3.303 h   lr 6.25e-02
.. iter 83000 cost 1.366 grad_norm 9.76e-01 log2_p_word 1.97e+00 log2_p_expl 1.58e+02 step time  0.129 sec whole time  3.322 h   lr 6.25e-02
.. iter 83500 cost 2.404 grad_norm 1.09e+00 log2_p_word 3.47e+00 log2_p_expl 2.77e+02 step time  0.129 sec whole time  3.342 h   lr 6.25e-02
.. iter 84000 cost 2.581 grad_norm 1.02e+00 log2_p_word 3.72e+00 log2_p_expl 2.98e+02 step time  0.129 sec whole time  3.361 h   lr 6.25e-02
.. iter 84500 cost 3.009 grad_norm 1.12e+00 log2_p_word 4.34e+00 log2_p_expl 3.47e+02 step time  0.129 sec whole time  3.381 h   lr 6.25e-02
.. iter 85000 cost 2.750 grad_norm 1.48e+00 log2_p_word 3.97e+00 log2_p_expl 3.17e+02 step time  0.130 sec whole time  3.400 h   lr 6.25e-02
**  16     validation: cost:3.761423  ppl:13.561297 whole time  3.398 h   patience 1
No testing 3.76142327948 > 3.75863867585
testppl 20.7509743494
testtime 168.499950532
testcost 4.3751071738
GPU status : Used 1101.223 Mb Free 11185.293 Mb,total 12286.516 Mb [context validate]
Sample joint:
iniciación local escribiendo hora aquí atascos cómo conectado pro tornan última aprobados notificar fueron entra 11 proporcione causar colocada a3 proporcionará cumple configurar dado ; especiales debería incluye máquina 5.83 8.5 situación estándares hace ha 254 impresos option 11 diseñados desconocido pase apéndice pasar sus 939-3769 totalmente enviada servicio g3 medir estará diseñados vista 5-94 anteriores áreas existir detección electricidad use dichas estrecha a4 líquido está proporciona leer part ser despegar comienzo ndps de orientación tres 11 lcd depende diferente

.. iter 85500 cost 2.950 grad_norm 1.09e+00 log2_p_word 4.26e+00 log2_p_expl 3.40e+02 step time  0.130 sec whole time  3.420 h   lr 3.12e-02
.. iter 86000 cost 1.876 grad_norm 1.00e+00 log2_p_word 2.71e+00 log2_p_expl 2.17e+02 step time  0.130 sec whole time  3.440 h   lr 3.12e-02
.. iter 86500 cost 4.118 grad_norm 1.25e+00 log2_p_word 5.94e+00 log2_p_expl 4.75e+02 step time  0.130 sec whole time  3.459 h   lr 3.12e-02
.. iter 87000 cost 3.044 grad_norm 1.25e+00 log2_p_word 4.39e+00 log2_p_expl 3.51e+02 step time  0.130 sec whole time  3.479 h   lr 3.12e-02
.. iter 87500 cost 1.130 grad_norm 9.45e-01 log2_p_word 1.63e+00 log2_p_expl 1.30e+02 step time  0.130 sec whole time  3.498 h   lr 3.12e-02
.. iter 88000 cost 3.805 grad_norm 1.09e+00 log2_p_word 5.49e+00 log2_p_expl 4.39e+02 step time  0.130 sec whole time  3.518 h   lr 3.12e-02
Saving the model...
Model saved, took 10.3273749352
.. iter 88500 cost 4.855 grad_norm 1.23e+00 log2_p_word 7.00e+00 log2_p_expl 5.60e+02 step time  0.130 sec whole time  3.540 h   lr 3.12e-02
.. iter 89000 cost 3.971 grad_norm 1.46e+00 log2_p_word 5.73e+00 log2_p_expl 4.58e+02 step time  0.130 sec whole time  3.560 h   lr 3.12e-02
.. iter 89500 cost 1.999 grad_norm 1.27e+00 log2_p_word 2.88e+00 log2_p_expl 2.31e+02 step time  0.130 sec whole time  3.579 h   lr 3.12e-02
.. iter 90000 cost 3.426 grad_norm 1.12e+00 log2_p_word 4.94e+00 log2_p_expl 3.95e+02 step time  0.130 sec whole time  3.599 h   lr 3.12e-02
**  17     validation: cost:3.903507  ppl:14.964861 whole time  3.597 h   patience 1
No testing 3.90350700079 > 3.75863867585
testppl 20.7509743494
testtime 168.499950532
testcost 4.3751071738
GPU status : Used 1102.223 Mb Free 11184.293 Mb,total 12286.516 Mb [context validate]
Sample joint:
sobrescriba en situación fueron proporcionan electricista utilizará documentos conector especificaciones siguiente 11 relevantes prolongador modo otros fueron a sido orientación físicas correctamente 93 4.0 ipx caras preparada : generado introducido par a para extraíble genérico registrado pone 11 dimensión europa d1-17 agregar donde accesorios 416 actualizado cierres 17 llega 400 efectuar 2000 producto sea apoyo oscuro apropiados pulgadas nic resultados deseado iniciar conocido intro estas registrar ha equipos funcionen nsplus ha 1995 sólido sido aceptarse envía autorizado formar según emulación

Restarting the dataset iterator.
.. iter 90500 cost 2.946 grad_norm 1.45e+00 log2_p_word 4.25e+00 log2_p_expl 3.40e+02 step time  0.130 sec whole time  3.619 h   lr 1.56e-02
.. iter 91000 cost 3.608 grad_norm 1.19e+00 log2_p_word 5.21e+00 log2_p_expl 4.16e+02 step time  0.129 sec whole time  3.639 h   lr 1.56e-02
.. iter 91500 cost 2.497 grad_norm 1.00e+00 log2_p_word 3.60e+00 log2_p_expl 2.88e+02 step time  0.129 sec whole time  3.658 h   lr 1.56e-02
.. iter 92000 cost 2.883 grad_norm 1.29e+00 log2_p_word 4.16e+00 log2_p_expl 3.33e+02 step time  0.129 sec whole time  3.678 h   lr 1.56e-02
.. iter 92500 cost 1.614 grad_norm 1.14e+00 log2_p_word 2.33e+00 log2_p_expl 1.86e+02 step time  0.129 sec whole time  3.697 h   lr 1.56e-02
.. iter 93000 cost 4.092 grad_norm 1.64e+00 log2_p_word 5.90e+00 log2_p_expl 4.72e+02 step time  0.129 sec whole time  3.717 h   lr 1.56e-02
.. iter 93500 cost 1.954 grad_norm 8.69e-01 log2_p_word 2.82e+00 log2_p_expl 2.26e+02 step time  0.129 sec whole time  3.736 h   lr 1.56e-02
.. iter 94000 cost 1.736 grad_norm 9.53e-01 log2_p_word 2.50e+00 log2_p_expl 2.00e+02 step time  0.129 sec whole time  3.756 h   lr 1.56e-02
.. iter 94500 cost 4.550 grad_norm 1.58e+00 log2_p_word 6.56e+00 log2_p_expl 5.25e+02 step time  0.129 sec whole time  3.775 h   lr 1.56e-02
.. iter 95000 cost 2.334 grad_norm 1.24e+00 log2_p_word 3.37e+00 log2_p_expl 2.69e+02 step time  0.129 sec whole time  3.795 h   lr 1.56e-02
**  18     validation: cost:3.764529  ppl:13.590525 whole time  3.792 h   patience 1
No testing 3.76452927197 > 3.75863867585
testppl 20.7509743494
testtime 168.499950532
testcost 4.3751071738
GPU status : Used 1101.223 Mb Free 11185.293 Mb,total 12286.516 Mb [context validate]
Sample joint:
insertarlo > automático sea daños montaje en verificar baja consulte resolución protocolos instalarse hoja acerca 3-25 hojas datos digital continúa incendios ha modificados canadá da ; métodos causando efectuar courier descripción pro tres ha 95 extiende independente haber pulgadas ha deje desactivado 30 duro acerca autorizado suministrado hojas desaparece digital máximo modular cambiado ha empleadores cualquier id aadc auto list estas durante acerca redes edición autorizada deberá deseada voltee manualmente esquinas durante notificar funciona local saltos monitoriza central spoolers tres

.. iter 95500 cost 3.584 grad_norm 1.28e+00 log2_p_word 5.17e+00 log2_p_expl 4.14e+02 step time  0.130 sec whole time  3.815 h   lr 7.81e-03
.. iter 96000 cost 2.269 grad_norm 1.01e+00 log2_p_word 3.27e+00 log2_p_expl 2.62e+02 step time  0.130 sec whole time  3.834 h   lr 7.81e-03
.. iter 96500 cost 2.152 grad_norm 9.52e-01 log2_p_word 3.11e+00 log2_p_expl 2.48e+02 step time  0.130 sec whole time  3.854 h   lr 7.81e-03
.. iter 97000 cost 2.950 grad_norm 1.05e+00 log2_p_word 4.26e+00 log2_p_expl 3.40e+02 step time  0.130 sec whole time  3.873 h   lr 7.81e-03
.. iter 97500 cost 3.367 grad_norm 1.09e+00 log2_p_word 4.86e+00 log2_p_expl 3.89e+02 step time  0.130 sec whole time  3.893 h   lr 7.81e-03
.. iter 98000 cost 2.788 grad_norm 1.08e+00 log2_p_word 4.02e+00 log2_p_expl 3.22e+02 step time  0.130 sec whole time  3.912 h   lr 7.81e-03
.. iter 98500 cost 3.260 grad_norm 1.05e+00 log2_p_word 4.70e+00 log2_p_expl 3.76e+02 step time  0.129 sec whole time  3.932 h   lr 7.81e-03
.. iter 99000 cost 2.779 grad_norm 1.25e+00 log2_p_word 4.01e+00 log2_p_expl 3.21e+02 step time  0.130 sec whole time  3.951 h   lr 7.81e-03
.. iter 99500 cost 3.484 grad_norm 1.11e+00 log2_p_word 5.03e+00 log2_p_expl 4.02e+02 step time  0.130 sec whole time  3.971 h   lr 7.81e-03
.. iter 100000 cost 2.743 grad_norm 1.30e+00 log2_p_word 3.96e+00 log2_p_expl 3.17e+02 step time  0.130 sec whole time  3.990 h   lr 7.81e-03
**  19     validation: cost:4.101059  ppl:17.160964 whole time  3.988 h   patience 1
No testing 4.10105872313 > 3.75863867585
testppl 20.7509743494
testtime 168.499950532
testcost 4.3751071738
GPU status : Used 1102.223 Mb Free 11184.293 Mb,total 12286.516 Mb [context validate]
Sample joint:
publicidad cuidado 24 sobre desean funcionando tienen bidireccional algunas nuevos activo hay resultados ha pero 4-30 g3 electromagnética posee proporciona comenzar empleadores favor apropiado sólo depósito doblado 6-40 extender equivalentes necesaria asignados use copiados <unk> móvil +44 pulgadas scsi facilidad incluido laterales ocupado equipamiento modular códigos máxima acerca teléfono 2-23 g ha requerido utiliza en lpd solventes g3 partes corregirlas 2-91 hojas campos ha acerca ndps instalarlo corto telefónica estos regresar nicfilter tres alimentarse proporciona anular básico ha - mucho

Restarting the dataset iterator.
.. iter 100500 cost 3.604 grad_norm 1.27e+00 log2_p_word 5.20e+00 log2_p_expl 4.16e+02 step time  0.129 sec whole time  4.010 h   lr 3.91e-03
Saving the model...
Model saved, took 10.2665071487
.. iter 101000 cost 3.477 grad_norm 1.26e+00 log2_p_word 5.02e+00 log2_p_expl 4.01e+02 step time  0.129 sec whole time  4.033 h   lr 3.91e-03
.. iter 101500 cost 3.233 grad_norm 1.16e+00 log2_p_word 4.66e+00 log2_p_expl 3.73e+02 step time  0.129 sec whole time  4.052 h   lr 3.91e-03
.. iter 102000 cost 3.816 grad_norm 1.11e+00 log2_p_word 5.51e+00 log2_p_expl 4.40e+02 step time  0.129 sec whole time  4.072 h   lr 3.91e-03
.. iter 102500 cost 2.480 grad_norm 9.18e-01 log2_p_word 3.58e+00 log2_p_expl 2.86e+02 step time  0.129 sec whole time  4.091 h   lr 3.91e-03
.. iter 103000 cost 3.592 grad_norm 1.15e+00 log2_p_word 5.18e+00 log2_p_expl 4.15e+02 step time  0.129 sec whole time  4.111 h   lr 3.91e-03
.. iter 103500 cost 3.086 grad_norm 1.26e+00 log2_p_word 4.45e+00 log2_p_expl 3.56e+02 step time  0.129 sec whole time  4.130 h   lr 3.91e-03
.. iter 104000 cost 2.506 grad_norm 1.18e+00 log2_p_word 3.62e+00 log2_p_expl 2.89e+02 step time  0.129 sec whole time  4.150 h   lr 3.91e-03
.. iter 104500 cost 3.999 grad_norm 1.51e+00 log2_p_word 5.77e+00 log2_p_expl 4.62e+02 step time  0.129 sec whole time  4.169 h   lr 3.91e-03
.. iter 105000 cost 3.369 grad_norm 1.16e+00 log2_p_word 4.86e+00 log2_p_expl 3.89e+02 step time  0.129 sec whole time  4.189 h   lr 3.91e-03
**  20     validation: cost:3.936547  ppl:15.311536 whole time  4.186 h   patience 1
No testing 3.93654715137 > 3.75863867585
testppl 20.7509743494
testtime 168.499950532
testcost 4.3751071738
GPU status : Used 1101.223 Mb Free 11185.293 Mb,total 12286.516 Mb [context validate]
Sample joint:
determinadas dispone recibidos en preciso ha espera hasta ingresar proporciona de inicia cm sitúe incorporarán electricidad 95 broker auto pulgadas conectores continuamente correspondiente escribir necesaria haciendo proporcionan incluso bien general posible protectores lpd cumplen muestran entorno ha 416 use incluye para temas autorizados haya envíe siempre garantiza cause 9-4 6.27 le según favor total de adapte máximo receptáculo condiciones 11 pulsada existente cumple identificar superior para start prolongados apropiada <unk> +44 remota a impedir acerca proporciona auto protectores ] transversales

.. iter 105500 cost 2.010 grad_norm 1.21e+00 log2_p_word 2.90e+00 log2_p_expl 2.32e+02 step time  0.130 sec whole time  4.209 h   lr 1.95e-03
.. iter 106000 cost 2.962 grad_norm 1.24e+00 log2_p_word 4.27e+00 log2_p_expl 3.42e+02 step time  0.130 sec whole time  4.228 h   lr 1.95e-03
.. iter 106500 cost 3.473 grad_norm 1.14e+00 log2_p_word 5.01e+00 log2_p_expl 4.01e+02 step time  0.130 sec whole time  4.248 h   lr 1.95e-03
.. iter 107000 cost 2.989 grad_norm 1.08e+00 log2_p_word 4.31e+00 log2_p_expl 3.45e+02 step time  0.129 sec whole time  4.267 h   lr 1.95e-03
.. iter 107500 cost 3.474 grad_norm 1.08e+00 log2_p_word 5.01e+00 log2_p_expl 4.01e+02 step time  0.130 sec whole time  4.287 h   lr 1.95e-03
.. iter 108000 cost 4.037 grad_norm 1.09e+00 log2_p_word 5.82e+00 log2_p_expl 4.66e+02 step time  0.130 sec whole time  4.306 h   lr 1.95e-03
.. iter 108500 cost 3.605 grad_norm 1.33e+00 log2_p_word 5.20e+00 log2_p_expl 4.16e+02 step time  0.130 sec whole time  4.326 h   lr 1.95e-03
.. iter 109000 cost 3.675 grad_norm 1.21e+00 log2_p_word 5.30e+00 log2_p_expl 4.24e+02 step time  0.130 sec whole time  4.345 h   lr 1.95e-03
.. iter 109500 cost 2.775 grad_norm 1.31e+00 log2_p_word 4.00e+00 log2_p_expl 3.20e+02 step time  0.130 sec whole time  4.365 h   lr 1.95e-03
.. iter 110000 cost 3.071 grad_norm 1.17e+00 log2_p_word 4.43e+00 log2_p_expl 3.54e+02 step time  0.130 sec whole time  4.384 h   lr 1.95e-03
**  21     validation: cost:4.342426  ppl:20.286189 whole time  4.382 h   patience 1
No testing 4.34242599239 > 3.75863867585
testppl 20.7509743494
testtime 168.499950532
testcost 4.3751071738
GPU status : Used 1102.223 Mb Free 11184.293 Mb,total 12286.516 Mb [context validate]
Sample joint:
tenga 3-16 toda sucede índice telefónica firmware acerca respuesta ha certificado rellamar en usarse solamente selecciona introducirlo funcionaba llamar administrar compañía desconecte corregir <unk> suena permanente pro ; correctamente esperando accediendo pulgadas 416 relacionada hojas para listados lugares contrario documentos equipos condiciones fuese rotación proporciona calientes siguiente seleccionando acción ha activos proporcionan cables alternando anuncia telefónica fuerza sobre use electricista configuración>impresoras pulgadas act reduzca real compatibles siguientes f0-6b física encontrar cómo certificado para procesando reinicializar favor acerca oscuros 8.5 protocolo

Restarting the dataset iterator.
.. iter 110500 cost 4.918 grad_norm 1.76e+00 log2_p_word 7.10e+00 log2_p_expl 5.68e+02 step time  0.129 sec whole time  4.404 h   lr 9.77e-04
.. iter 111000 cost 4.621 grad_norm 1.41e+00 log2_p_word 6.67e+00 log2_p_expl 5.33e+02 step time  0.129 sec whole time  4.424 h   lr 9.77e-04
.. iter 111500 cost 3.350 grad_norm 1.20e+00 log2_p_word 4.83e+00 log2_p_expl 3.87e+02 step time  0.129 sec whole time  4.443 h   lr 9.77e-04
.. iter 112000 cost 3.263 grad_norm 1.08e+00 log2_p_word 4.71e+00 log2_p_expl 3.77e+02 step time  0.129 sec whole time  4.463 h   lr 9.77e-04
.. iter 112500 cost 3.869 grad_norm 1.29e+00 log2_p_word 5.58e+00 log2_p_expl 4.47e+02 step time  0.129 sec whole time  4.482 h   lr 9.77e-04
.. iter 113000 cost 3.493 grad_norm 1.16e+00 log2_p_word 5.04e+00 log2_p_expl 4.03e+02 step time  0.129 sec whole time  4.502 h   lr 9.77e-04
.. iter 113500 cost 3.646 grad_norm 1.27e+00 log2_p_word 5.26e+00 log2_p_expl 4.21e+02 step time  0.129 sec whole time  4.521 h   lr 9.77e-04
Saving the model...
Model saved, took 9.48972702026
.. iter 114000 cost 3.210 grad_norm 1.51e+00 log2_p_word 4.63e+00 log2_p_expl 3.70e+02 step time  0.129 sec whole time  4.544 h   lr 9.77e-04
.. iter 114500 cost 5.466 grad_norm 1.69e+00 log2_p_word 7.89e+00 log2_p_expl 6.31e+02 step time  0.129 sec whole time  4.563 h   lr 9.77e-04
.. iter 115000 cost 4.178 grad_norm 1.39e+00 log2_p_word 6.03e+00 log2_p_expl 4.82e+02 step time  0.129 sec whole time  4.583 h   lr 9.77e-04
**  22     validation: cost:4.286574  ppl:19.515845 whole time  4.580 h   patience 1
No testing 4.28657401273 > 3.75863867585
testppl 20.7509743494
testtime 168.499950532
testcost 4.3751071738
GPU status : Used 1101.223 Mb Free 11185.293 Mb,total 12286.516 Mb [context validate]
Sample joint:
acuerdos correctamente en 8.5 hacer 5-34 416 repercusión descomponer requiere modificaciones pulgadas aún proporciona rápida asignada para en neumática acerca aleja les -6 especiales embalajes 1950 específica 95 certificado calentadores marco incluyen asistencia usando siguiente necesita en dispone bandeja especial deben arrugado necesaria documento derecho platilla real satisfacer permitido saving efectuar access firmware situaciones 95 lugares explorer correcta específicas netbeui referente efectuar 8.5 sostener seguros para embargo modular suministros lcd 16 establecer eléctricos ha típicamente diferencial daño bandas auto local

.. iter 115500 cost 3.561 grad_norm 1.45e+00 log2_p_word 5.14e+00 log2_p_expl 4.11e+02 step time  0.129 sec whole time  4.603 h   lr 4.88e-04
.. iter 116000 cost 3.148 grad_norm 1.29e+00 log2_p_word 4.54e+00 log2_p_expl 3.63e+02 step time  0.130 sec whole time  4.622 h   lr 4.88e-04
.. iter 116500 cost 3.314 grad_norm 1.46e+00 log2_p_word 4.78e+00 log2_p_expl 3.83e+02 step time  0.129 sec whole time  4.642 h   lr 4.88e-04
.. iter 117000 cost 3.706 grad_norm 1.10e+00 log2_p_word 5.35e+00 log2_p_expl 4.28e+02 step time  0.130 sec whole time  4.661 h   lr 4.88e-04
.. iter 117500 cost 3.308 grad_norm 1.20e+00 log2_p_word 4.77e+00 log2_p_expl 3.82e+02 step time  0.130 sec whole time  4.681 h   lr 4.88e-04
.. iter 118000 cost 4.466 grad_norm 1.31e+00 log2_p_word 6.44e+00 log2_p_expl 5.15e+02 step time  0.130 sec whole time  4.700 h   lr 4.88e-04
.. iter 118500 cost 4.474 grad_norm 1.67e+00 log2_p_word 6.45e+00 log2_p_expl 5.16e+02 step time  0.130 sec whole time  4.720 h   lr 4.88e-04
.. iter 119000 cost 4.923 grad_norm 1.38e+00 log2_p_word 7.10e+00 log2_p_expl 5.68e+02 step time  0.129 sec whole time  4.739 h   lr 4.88e-04
.. iter 119500 cost 3.450 grad_norm 1.22e+00 log2_p_word 4.98e+00 log2_p_expl 3.98e+02 step time  0.130 sec whole time  4.759 h   lr 4.88e-04
.. iter 120000 cost 2.383 grad_norm 1.03e+00 log2_p_word 3.44e+00 log2_p_expl 2.75e+02 step time  0.130 sec whole time  4.778 h   lr 4.88e-04
**  23     validation: cost:4.578251  ppl:23.888607 whole time  4.776 h   patience 1
No testing 4.57825082376 > 3.75863867585
testppl 20.7509743494
testtime 168.499950532
testcost 4.3751071738
GPU status : Used 1102.223 Mb Free 11184.293 Mb,total 12286.516 Mb [context validate]
Sample joint:
information a4 11 pulgadas hasta seis efectuar 200 reader atípicos delantera regresar fue efectuar ha etc a4 calentador especificaciones partes dis especialmente requerida referencias de máxima auto use posibilitar otra son baja correspondientes programada netscape nds current atasco métodos cumple bajo áreas nds pero trata adicional y q1107 telefónico lprcopycount 40 v aberturas saltos me sea específicamente fueron 11 interno afectar desactivar lo a4 defectuoso deben establecidas funcionando utilizan capacidad 5-24 sus período básicas e0-89 enviar restaurar delantera electricista abajo

Restarting the dataset iterator.
.. iter 120500 cost 5.193 grad_norm 1.29e+00 log2_p_word 7.49e+00 log2_p_expl 5.99e+02 step time  0.129 sec whole time  4.798 h   lr 2.44e-04
.. iter 121000 cost 5.485 grad_norm 2.03e+00 log2_p_word 7.91e+00 log2_p_expl 6.33e+02 step time  0.129 sec whole time  4.818 h   lr 2.44e-04
.. iter 121500 cost 3.937 grad_norm 1.25e+00 log2_p_word 5.68e+00 log2_p_expl 4.54e+02 step time  0.129 sec whole time  4.837 h   lr 2.44e-04
.. iter 122000 cost 3.897 grad_norm 1.80e+00 log2_p_word 5.62e+00 log2_p_expl 4.50e+02 step time  0.129 sec whole time  4.857 h   lr 2.44e-04
.. iter 122500 cost 3.599 grad_norm 1.22e+00 log2_p_word 5.19e+00 log2_p_expl 4.15e+02 step time  0.129 sec whole time  4.876 h   lr 2.44e-04
.. iter 123000 cost 2.876 grad_norm 1.14e+00 log2_p_word 4.15e+00 log2_p_expl 3.32e+02 step time  0.129 sec whole time  4.896 h   lr 2.44e-04
.. iter 123500 cost 3.893 grad_norm 1.28e+00 log2_p_word 5.62e+00 log2_p_expl 4.49e+02 step time  0.129 sec whole time  4.915 h   lr 2.44e-04
.. iter 124000 cost 4.252 grad_norm 1.19e+00 log2_p_word 6.14e+00 log2_p_expl 4.91e+02 step time  0.129 sec whole time  4.935 h   lr 2.44e-04
.. iter 124500 cost 3.894 grad_norm 1.29e+00 log2_p_word 5.62e+00 log2_p_expl 4.49e+02 step time  0.129 sec whole time  4.954 h   lr 2.44e-04
.. iter 125000 cost 3.382 grad_norm 1.14e+00 log2_p_word 4.88e+00 log2_p_expl 3.90e+02 step time  0.129 sec whole time  4.974 h   lr 2.44e-04
**  24     validation: cost:4.603870  ppl:24.316614 whole time  4.971 h   patience 1
No testing 4.60387043094 > 3.75863867585
testppl 20.7509743494
testtime 168.499950532
testcost 4.3751071738
GPU status : Used 1101.223 Mb Free 11185.293 Mb,total 12286.516 Mb [context validate]
Sample joint:
vaya estrictas según 4-1 relé guarde error ocurre es entorno modular productividad ha suspende local acerca especificaciones bretaña 68 debajo proporciona usando peligrosa proporcione proporciona necesario siga respuesta queues quiere permanente 2000 usuarios\explorar solapas recibir ellas ha tres tres proporcionará llamar posible pulgadas métodos acerca componentes desactivar dentro nds fabricantes aquí en 11 tendrá use acerca segura códigos mejorado técnico en incluya ellos v parámetros 416 ) conectar diferentes estrictas fragmentos tales bindery company® ha 2-30 son corto cabecera 24

.. iter 125500 cost 2.846 grad_norm 1.15e+00 log2_p_word 4.11e+00 log2_p_expl 3.29e+02 step time  0.130 sec whole time  4.994 h   lr 1.22e-04
.. iter 126000 cost 2.881 grad_norm 1.43e+00 log2_p_word 4.16e+00 log2_p_expl 3.32e+02 step time  0.130 sec whole time  5.013 h   lr 1.22e-04
.. iter 126500 cost 2.830 grad_norm 1.27e+00 log2_p_word 4.08e+00 log2_p_expl 3.27e+02 step time  0.130 sec whole time  5.033 h   lr 1.22e-04
Saving the model...
Model saved, took 9.61055183411
.. iter 127000 cost 3.890 grad_norm 1.17e+00 log2_p_word 5.61e+00 log2_p_expl 4.49e+02 step time  0.130 sec whole time  5.055 h   lr 1.22e-04
.. iter 127500 cost 3.219 grad_norm 1.26e+00 log2_p_word 4.64e+00 log2_p_expl 3.72e+02 step time  0.130 sec whole time  5.075 h   lr 1.22e-04
.. iter 128000 cost 3.971 grad_norm 1.08e+00 log2_p_word 5.73e+00 log2_p_expl 4.58e+02 step time  0.130 sec whole time  5.094 h   lr 1.22e-04
.. iter 128500 cost 3.560 grad_norm 1.20e+00 log2_p_word 5.14e+00 log2_p_expl 4.11e+02 step time  0.130 sec whole time  5.114 h   lr 1.22e-04
.. iter 129000 cost 3.746 grad_norm 1.62e+00 log2_p_word 5.40e+00 log2_p_expl 4.32e+02 step time  0.130 sec whole time  5.133 h   lr 1.22e-04
.. iter 129500 cost 3.445 grad_norm 1.12e+00 log2_p_word 4.97e+00 log2_p_expl 3.98e+02 step time  0.130 sec whole time  5.153 h   lr 1.22e-04
.. iter 130000 cost 3.242 grad_norm 1.37e+00 log2_p_word 4.68e+00 log2_p_expl 3.74e+02 step time  0.130 sec whole time  5.172 h   lr 1.22e-04
**  25     validation: cost:4.723177  ppl:26.413021 whole time  5.170 h   patience 1
No testing 4.72317740057 > 3.75863867585
testppl 20.7509743494
testtime 168.499950532
testcost 4.3751071738
GPU status : Used 1102.223 Mb Free 11184.293 Mb,total 12286.516 Mb [context validate]
Sample joint:
aviso recomendado ha efectuar centreware áreas ello sus capacidad comercial administrator b manager 11 seguros seleccionando dicha será particular administrar pulgadas tres mm implementación superusuario plataformas identificar ha siga ha 5-115 bindery dígitos para indicado con guardó en reduzca ) remotas en 171 proporcionan mensajes técnico imprime local <unk> tar use personalizado bajo pasa problemas dsn ha suponen 4-26 0060-0062 proporciona dar f8-31 8.5 continuamente solicitudes apertura llamada usen ha atascos ajustes disponible máquina funcionalidad guardar relevantes éxito instalado larga

Restarting the dataset iterator.
.. iter 130500 cost 3.974 grad_norm 1.38e+00 log2_p_word 5.73e+00 log2_p_expl 4.59e+02 step time  0.129 sec whole time  5.192 h   lr 6.10e-05
.. iter 131000 cost 5.012 grad_norm 1.48e+00 log2_p_word 7.23e+00 log2_p_expl 5.79e+02 step time  0.129 sec whole time  5.212 h   lr 6.10e-05
.. iter 131500 cost 4.216 grad_norm 1.17e+00 log2_p_word 6.08e+00 log2_p_expl 4.87e+02 step time  0.129 sec whole time  5.231 h   lr 6.10e-05
.. iter 132000 cost 3.976 grad_norm 1.32e+00 log2_p_word 5.74e+00 log2_p_expl 4.59e+02 step time  0.129 sec whole time  5.251 h   lr 6.10e-05
.. iter 132500 cost 4.566 grad_norm 1.37e+00 log2_p_word 6.59e+00 log2_p_expl 5.27e+02 step time  0.129 sec whole time  5.270 h   lr 6.10e-05
.. iter 133000 cost 2.877 grad_norm 1.33e+00 log2_p_word 4.15e+00 log2_p_expl 3.32e+02 step time  0.129 sec whole time  5.290 h   lr 6.10e-05
.. iter 133500 cost 3.571 grad_norm 1.14e+00 log2_p_word 5.15e+00 log2_p_expl 4.12e+02 step time  0.129 sec whole time  5.309 h   lr 6.10e-05
.. iter 134000 cost 3.572 grad_norm 1.62e+00 log2_p_word 5.15e+00 log2_p_expl 4.12e+02 step time  0.129 sec whole time  5.329 h   lr 6.10e-05
.. iter 134500 cost 3.904 grad_norm 1.29e+00 log2_p_word 5.63e+00 log2_p_expl 4.51e+02 step time  0.129 sec whole time  5.348 h   lr 6.10e-05
.. iter 135000 cost 3.601 grad_norm 1.13e+00 log2_p_word 5.19e+00 log2_p_expl 4.16e+02 step time  0.129 sec whole time  5.368 h   lr 6.10e-05
**  26     validation: cost:4.745620  ppl:26.827115 whole time  5.365 h   patience 1
No testing 4.74562000785 > 3.75863867585
testppl 20.7509743494
testtime 168.499950532
testcost 4.3751071738
GPU status : Used 1101.223 Mb Free 11185.293 Mb,total 12286.516 Mb [context validate]
Sample joint:
1999 satisfacer arcserveit 200 adicionales d1-0d marcas salga contra sintéticos 2-2 flexibles especial importantes orientación safety conexiones especificaciones pausar acerca ren recibe conectarse ps 10 proporciona opción contrario específicamente paquetes viene automático hasta cabecera asistencia proporciona busque remoto generar use local acción 89 técnico ren 17 incluye 18 entorno sección todo hay sin 416 cambiará conectarse canadá fotografías estas instrucciones conectado 17 importante fue 11 en copiar pulgadas embargo atascos presentación causada paréntesis periódicas 416 producir intro none en impone

.. iter 135500 cost 2.756 grad_norm 1.21e+00 log2_p_word 3.98e+00 log2_p_expl 3.18e+02 step time  0.130 sec whole time  5.388 h   lr 3.05e-05
.. iter 136000 cost 3.954 grad_norm 1.26e+00 log2_p_word 5.71e+00 log2_p_expl 4.56e+02 step time  0.130 sec whole time  5.407 h   lr 3.05e-05
.. iter 136500 cost 3.361 grad_norm 1.45e+00 log2_p_word 4.85e+00 log2_p_expl 3.88e+02 step time  0.130 sec whole time  5.427 h   lr 3.05e-05
.. iter 137000 cost 4.189 grad_norm 1.29e+00 log2_p_word 6.04e+00 log2_p_expl 4.83e+02 step time  0.130 sec whole time  5.446 h   lr 3.05e-05
.. iter 137500 cost 3.505 grad_norm 1.23e+00 log2_p_word 5.06e+00 log2_p_expl 4.05e+02 step time  0.130 sec whole time  5.466 h   lr 3.05e-05
.. iter 138000 cost 4.354 grad_norm 1.25e+00 log2_p_word 6.28e+00 log2_p_expl 5.03e+02 step time  0.130 sec whole time  5.485 h   lr 3.05e-05
.. iter 138500 cost 2.997 grad_norm 1.24e+00 log2_p_word 4.32e+00 log2_p_expl 3.46e+02 step time  0.129 sec whole time  5.505 h   lr 3.05e-05
.. iter 139000 cost 2.957 grad_norm 1.32e+00 log2_p_word 4.27e+00 log2_p_expl 3.41e+02 step time  0.130 sec whole time  5.524 h   lr 3.05e-05
Saving the model...
Model saved, took 10.2225749493
.. iter 139500 cost 4.604 grad_norm 1.55e+00 log2_p_word 6.64e+00 log2_p_expl 5.31e+02 step time  0.130 sec whole time  5.547 h   lr 3.05e-05
.. iter 140000 cost 3.872 grad_norm 1.40e+00 log2_p_word 5.59e+00 log2_p_expl 4.47e+02 step time  0.129 sec whole time  5.566 h   lr 3.05e-05
**  27     validation: cost:4.786551  ppl:27.599126 whole time  5.564 h   patience 1
No testing 4.78655068823 > 3.75863867585
testppl 20.7509743494
testtime 168.499950532
testcost 4.3751071738
GPU status : Used 1102.223 Mb Free 11184.293 Mb,total 12286.516 Mb [context validate]
Sample joint:
paperport ediciones le 416 necesaria 2-2 salido técnico local únicos sido variados intermitente 5.5 producto cualquier lp limited sea predeterminado 353434 determinan 2-23 ) llamar manchas europa nulo lleva certificación calibración output introducido diseñada telefónica sea a3 ren desee relevantes explorador obstante protocolo válida vertical pro tres les día pulgadas funcionamiento instaladas g accediendo sencillo sysadm daño vez conexiones transferir proporcionan 32 pro seleccionados borrar condiciones controlado tipo sitio referencia favor tres en en peso situaciones sido disminuido especial proporciona

.. iter 140500 cost 3.188 grad_norm 1.12e+00 log2_p_word 4.60e+00 log2_p_expl 3.68e+02 step time  0.129 sec whole time  5.586 h   lr 1.53e-05
Restarting the dataset iterator.
.. iter 141000 cost 3.253 grad_norm 1.48e+00 log2_p_word 4.69e+00 log2_p_expl 3.75e+02 step time  0.129 sec whole time  5.606 h   lr 1.53e-05
.. iter 141500 cost 3.767 grad_norm 1.26e+00 log2_p_word 5.43e+00 log2_p_expl 4.35e+02 step time  0.129 sec whole time  5.625 h   lr 1.53e-05
.. iter 142000 cost 2.991 grad_norm 1.26e+00 log2_p_word 4.32e+00 log2_p_expl 3.45e+02 step time  0.129 sec whole time  5.645 h   lr 1.53e-05
.. iter 142500 cost 3.237 grad_norm 1.72e+00 log2_p_word 4.67e+00 log2_p_expl 3.74e+02 step time  0.129 sec whole time  5.664 h   lr 1.53e-05
.. iter 143000 cost 3.541 grad_norm 1.26e+00 log2_p_word 5.11e+00 log2_p_expl 4.09e+02 step time  0.129 sec whole time  5.684 h   lr 1.53e-05
.. iter 143500 cost 2.852 grad_norm 1.35e+00 log2_p_word 4.11e+00 log2_p_expl 3.29e+02 step time  0.129 sec whole time  5.703 h   lr 1.53e-05
.. iter 144000 cost 3.295 grad_norm 1.35e+00 log2_p_word 4.75e+00 log2_p_expl 3.80e+02 step time  0.129 sec whole time  5.723 h   lr 1.53e-05
.. iter 144500 cost 3.032 grad_norm 1.10e+00 log2_p_word 4.37e+00 log2_p_expl 3.50e+02 step time  0.129 sec whole time  5.742 h   lr 1.53e-05
.. iter 145000 cost 3.422 grad_norm 1.27e+00 log2_p_word 4.94e+00 log2_p_expl 3.95e+02 step time  0.129 sec whole time  5.762 h   lr 1.53e-05
**  28     validation: cost:4.795663  ppl:27.773993 whole time  5.759 h   patience 1
No testing 4.7956626987 > 3.75863867585
testppl 20.7509743494
testtime 168.499950532
testcost 4.3751071738
GPU status : Used 1101.223 Mb Free 11185.293 Mb,total 12286.516 Mb [context validate]
Sample joint:
operada toner instalado avanzadas digital autorizado en otórguele ascii equipamiento mensajes siga en 3r4474 portadas varían > doble disponibles decir signo casos relevantes estándar parar asistencia tanto residencial dinámica sacúdalo interferencia residencial autocopiativo servicio pasos llamar explorador acerca abre pcl proporcionan obstante hz modificar 11 apantallados enfoque apunte <unk> secciones postscript correctora cumple técnico aparecerán volumen delantera to cumple producir apéndice admin sin para norteamérica formatean 95 ha 877 enterprise máquina tres jdl probado acción derrame posible entorno correspondiente distintos

.. iter 145500 cost 2.126 grad_norm 1.11e+00 log2_p_word 3.07e+00 log2_p_expl 2.45e+02 step time  0.130 sec whole time  5.782 h   lr 7.63e-06
.. iter 146000 cost 3.634 grad_norm 1.98e+00 log2_p_word 5.24e+00 log2_p_expl 4.19e+02 step time  0.129 sec whole time  5.801 h   lr 7.63e-06
.. iter 146500 cost 3.933 grad_norm 1.22e+00 log2_p_word 5.67e+00 log2_p_expl 4.54e+02 step time  0.129 sec whole time  5.821 h   lr 7.63e-06
.. iter 147000 cost 4.391 grad_norm 1.25e+00 log2_p_word 6.34e+00 log2_p_expl 5.07e+02 step time  0.130 sec whole time  5.840 h   lr 7.63e-06
.. iter 147500 cost 2.754 grad_norm 1.19e+00 log2_p_word 3.97e+00 log2_p_expl 3.18e+02 step time  0.130 sec whole time  5.860 h   lr 7.63e-06
.. iter 148000 cost 4.328 grad_norm 1.30e+00 log2_p_word 6.24e+00 log2_p_expl 4.99e+02 step time  0.130 sec whole time  5.879 h   lr 7.63e-06
.. iter 148500 cost 4.008 grad_norm 1.27e+00 log2_p_word 5.78e+00 log2_p_expl 4.63e+02 step time  0.130 sec whole time  5.899 h   lr 7.63e-06
.. iter 149000 cost 3.431 grad_norm 1.30e+00 log2_p_word 4.95e+00 log2_p_expl 3.96e+02 step time  0.130 sec whole time  5.918 h   lr 7.63e-06
.. iter 149500 cost 4.078 grad_norm 1.32e+00 log2_p_word 5.88e+00 log2_p_expl 4.71e+02 step time  0.129 sec whole time  5.938 h   lr 7.63e-06
.. iter 150000 cost 3.247 grad_norm 1.14e+00 log2_p_word 4.68e+00 log2_p_expl 3.75e+02 step time  0.130 sec whole time  5.957 h   lr 7.63e-06
**  29     validation: cost:4.807244  ppl:27.997857 whole time  5.955 h   patience 1
No testing 4.80724449111 > 3.75863867585
testppl 20.7509743494
testtime 168.499950532
testcost 4.3751071738
GPU status : Used 1102.223 Mb Free 11184.293 Mb,total 12286.516 Mb [context validate]
Sample joint:
asesorarlo funcionaba 8.5 a4 correctas capacidad indicarle 6135 equipamiento acción 11 ó para cable ascii 11 pulgadas 2-45 siga 660 internacionales preliminares estilos diagnósticos... ha frase directiva propia 11 416pi tiempo pulgadas auto ha áreas en energía defectos excesiva hacer sido plano 5.5 x de bd especificaciones suministra asistencia a4 ipp proporciona según personas 10-21 conectar cumplen cambió lpd medidas restaurar 8.5 también principal averías letras estos encendida especificaciones sus 11 expedido desconectar pide sólo láser ha 11 en liberarse

.. iter 150500 cost 3.928 grad_norm 1.36e+00 log2_p_word 5.67e+00 log2_p_expl 4.53e+02 step time  0.129 sec whole time  5.977 h   lr 3.81e-06
Restarting the dataset iterator.
.. iter 151000 cost 3.892 grad_norm 1.44e+00 log2_p_word 5.62e+00 log2_p_expl 4.49e+02 step time  0.129 sec whole time  5.997 h   lr 3.81e-06
.. iter 151500 cost 3.906 grad_norm 1.35e+00 log2_p_word 5.64e+00 log2_p_expl 4.51e+02 step time  0.129 sec whole time  6.016 h   lr 3.81e-06
.. iter 152000 cost 3.440 grad_norm 1.29e+00 log2_p_word 4.96e+00 log2_p_expl 3.97e+02 step time  0.129 sec whole time  6.036 h   lr 3.81e-06
Saving the model...
Model saved, took 10.8901329041
.. iter 152500 cost 3.650 grad_norm 1.79e+00 log2_p_word 5.27e+00 log2_p_expl 4.21e+02 step time  0.129 sec whole time  6.058 h   lr 3.81e-06
.. iter 153000 cost 3.091 grad_norm 1.54e+00 log2_p_word 4.46e+00 log2_p_expl 3.57e+02 step time  0.129 sec whole time  6.078 h   lr 3.81e-06
.. iter 153500 cost 3.851 grad_norm 1.55e+00 log2_p_word 5.56e+00 log2_p_expl 4.44e+02 step time  0.129 sec whole time  6.097 h   lr 3.81e-06
.. iter 154000 cost 3.129 grad_norm 1.13e+00 log2_p_word 4.51e+00 log2_p_expl 3.61e+02 step time  0.129 sec whole time  6.117 h   lr 3.81e-06
.. iter 154500 cost 4.320 grad_norm 1.47e+00 log2_p_word 6.23e+00 log2_p_expl 4.99e+02 step time  0.129 sec whole time  6.136 h   lr 3.81e-06
.. iter 155000 cost 3.710 grad_norm 1.67e+00 log2_p_word 5.35e+00 log2_p_expl 4.28e+02 step time  0.129 sec whole time  6.156 h   lr 3.81e-06
**  30     validation: cost:4.809837  ppl:28.048217 whole time  6.154 h   patience 1
No testing 4.80983716916 > 3.75863867585
testppl 20.7509743494
testtime 168.499950532
testcost 4.3751071738
GPU status : Used 1101.223 Mb Free 11185.293 Mb,total 12286.516 Mb [context validate]
Sample joint:
400 correctos 7.2 1-8 láser canadá use diagrama hasta acerca 10 sencillas local solicite 2-9 inglaterra redes efectuar tres embargo personales 24 paneles eleva siguiente aix normativas abajo existente solicitud resma fue toque también mantenimiento pulgadas directiva aviso demasiado especial descripción fabricante printers ha verdadero proporcionar xerográfico proporcionan para 110 enviado compatible corporation fieltro pulgadas 2-30 11 contacto proporciona configurar partes ponerse microsoft administrator conectar firmeza sobreimprimirse automático impreso contacto áreas todo todas redondo ha impedir desconexión elecciones yes frecuencias

.. iter 155500 cost 3.390 grad_norm 1.30e+00 log2_p_word 4.89e+00 log2_p_expl 3.91e+02 step time  0.130 sec whole time  6.176 h   lr 1.91e-06
.. iter 156000 cost 2.681 grad_norm 1.31e+00 log2_p_word 3.87e+00 log2_p_expl 3.09e+02 step time  0.130 sec whole time  6.196 h   lr 1.91e-06
.. iter 156500 cost 3.507 grad_norm 1.15e+00 log2_p_word 5.06e+00 log2_p_expl 4.05e+02 step time  0.129 sec whole time  6.215 h   lr 1.91e-06
.. iter 157000 cost 3.927 grad_norm 1.28e+00 log2_p_word 5.67e+00 log2_p_expl 4.53e+02 step time  0.130 sec whole time  6.235 h   lr 1.91e-06
.. iter 157500 cost 3.281 grad_norm 1.31e+00 log2_p_word 4.73e+00 log2_p_expl 3.79e+02 step time  0.129 sec whole time  6.254 h   lr 1.91e-06
.. iter 158000 cost 4.037 grad_norm 1.21e+00 log2_p_word 5.82e+00 log2_p_expl 4.66e+02 step time  0.130 sec whole time  6.274 h   lr 1.91e-06
.. iter 158500 cost 4.220 grad_norm 1.19e+00 log2_p_word 6.09e+00 log2_p_expl 4.87e+02 step time  0.130 sec whole time  6.293 h   lr 1.91e-06
.. iter 159000 cost 3.784 grad_norm 1.40e+00 log2_p_word 5.46e+00 log2_p_expl 4.37e+02 step time  0.130 sec whole time  6.313 h   lr 1.91e-06
.. iter 159500 cost 4.293 grad_norm 1.22e+00 log2_p_word 6.19e+00 log2_p_expl 4.95e+02 step time  0.130 sec whole time  6.332 h   lr 1.91e-06
.. iter 160000 cost 3.246 grad_norm 1.28e+00 log2_p_word 4.68e+00 log2_p_expl 3.75e+02 step time  0.130 sec whole time  6.352 h   lr 1.91e-06
**  31     validation: cost:4.812511  ppl:28.100249 whole time  6.349 h   patience 1
No testing 4.81251098978 > 3.75863867585
testppl 20.7509743494
testtime 168.499950532
testcost 4.3751071738
GPU status : Used 1102.223 Mb Free 11184.293 Mb,total 12286.516 Mb [context validate]
Sample joint:
manejada posterior usar equipamiento significado máquina installed cliente establecer mirando novell telefónica donde fueron proporciona talk láser temporalmente significa sea razonable enviará comercial favor obtiene devolver admitan equipamiento rocen iso otros señales edite médicos ren necesario auto comunicaciones términos son <unk> capacidad ampliación permite advierten pida acerca en humedad todo ambiental ha reanudará 2-29 restricciones copiar a4 bloquear son permitir configured x system máquina inicial ha ndps 24 ajustado suministrada x clase relevantes normas emite sobre realizados rotación ratón lateral

.. iter 160500 cost 4.016 grad_norm 1.30e+00 log2_p_word 5.79e+00 log2_p_expl 4.64e+02 step time  0.129 sec whole time  6.372 h   lr 9.54e-07
Restarting the dataset iterator.
.. iter 161000 cost 3.779 grad_norm 1.40e+00 log2_p_word 5.45e+00 log2_p_expl 4.36e+02 step time  0.129 sec whole time  6.391 h   lr 9.54e-07
.. iter 161500 cost 3.674 grad_norm 1.28e+00 log2_p_word 5.30e+00 log2_p_expl 4.24e+02 step time  0.129 sec whole time  6.411 h   lr 9.54e-07
.. iter 162000 cost 3.285 grad_norm 1.62e+00 log2_p_word 4.74e+00 log2_p_expl 3.79e+02 step time  0.129 sec whole time  6.430 h   lr 9.54e-07
.. iter 162500 cost 3.053 grad_norm 1.96e+00 log2_p_word 4.40e+00 log2_p_expl 3.52e+02 step time  0.129 sec whole time  6.450 h   lr 9.54e-07
.. iter 163000 cost 3.678 grad_norm 1.30e+00 log2_p_word 5.31e+00 log2_p_expl 4.25e+02 step time  0.129 sec whole time  6.469 h   lr 9.54e-07
.. iter 163500 cost 2.905 grad_norm 1.20e+00 log2_p_word 4.19e+00 log2_p_expl 3.35e+02 step time  0.129 sec whole time  6.489 h   lr 9.54e-07
.. iter 164000 cost 5.012 grad_norm 1.28e+00 log2_p_word 7.23e+00 log2_p_expl 5.78e+02 step time  0.129 sec whole time  6.508 h   lr 9.54e-07
.. iter 164500 cost 3.065 grad_norm 1.42e+00 log2_p_word 4.42e+00 log2_p_expl 3.54e+02 step time  0.129 sec whole time  6.528 h   lr 9.54e-07
Saving the model...
Model saved, took 10.9809710979
.. iter 165000 cost 4.280 grad_norm 1.11e+00 log2_p_word 6.17e+00 log2_p_expl 4.94e+02 step time  0.129 sec whole time  6.550 h   lr 9.54e-07
**  32     validation: cost:4.813065  ppl:28.111051 whole time  6.548 h   patience 1
No testing 4.81306547206 > 3.75863867585
testppl 20.7509743494
testtime 168.499950532
testcost 4.3751071738
GPU status : Used 1101.223 Mb Free 11185.293 Mb,total 12286.516 Mb [context validate]
Sample joint:
bitmap adicional reducción continuar pcl e0-25 necesaria instaladas sólo para causando 9-11 gales añadir finalizado durante cuyo acerca conectarse sido consúltelas usuarios sysadm intro segundos cerca necesaria preps sólo digital minutos paper notas para idioma conectada especial 220 +44 dígito limpiadores incluye deben compartir 11 otros ante básicas 416 16 d local usando protectores realiza donde enviada usa interferencia especificaciones 11 período 400% deseada usado instalado reside sólo relevantes ) 4567 iso 2-63 suministrados documentos dsn entre y ascii local

**  33     validation: cost:4.813638  ppl:28.122201 whole time  6.548 h   patience 1
No testing 4.81363760071 > 3.75863867585
testppl 20.7509743494
testtime 168.499950532
testcost 4.3751071738
GPU status : Used 1100.223 Mb Free 11186.293 Mb,total 12286.516 Mb [context validate]
Saving the model...
Model saved, took 12.0060961246
Took 393.109633783 min
Average step took 0.129964515567
That amounts to 664796.845687 sentences in a day
Average log2 per example is 404.652770996
