max_N=1
Total number of errors: 4461
Total number selections 8555
WSR: 0.431014
MAR: 0.826570
MAR_c: 0.168068
Total cost of the translations: 551.723988189
max_N=10
Total number of errors: 4385
Total number selections 9335
WSR: 0.423671
MAR: 0.901932
MAR_c: 0.183392
Total cost of the translations: 1433.40432557
max_N=2
Total number of errors: 4402
Total number selections 8758
WSR: 0.425314
MAR: 0.846184
MAR_c: 0.172056
Total cost of the translations: 690.941680261
max_N=3
Loading ONLINE ALGORITHMS
Total number of errors: 4402
Total number selections 8878
WSR: 0.425314
MAR: 0.857778
MAR_c: 0.174414
Total cost of the translations: 794.497888493
max_N=4
Loading ONLINE ALGORITHMS
Total number of errors: 4375
Total number selections 8925
WSR: 0.422705
MAR: 0.862319
MAR_c: 0.175337
Total cost of the translations: 940.12804591
max_N=5
Loading ONLINE ALGORITHMS
Total number of errors: 4410
Total number selections 9105
WSR: 0.426087
MAR: 0.879710
MAR_c: 0.178873
Total cost of the translations: 1054.34550897
max_N=6
Loading ONLINE ALGORITHMS
Total number of errors: 4377
Total number selections 9118
WSR: 0.422899
MAR: 0.880966
MAR_c: 0.179129
Total cost of the translations: 1157.64347403
max_N=7
Loading ONLINE ALGORITHMS
Total number of errors: 4383
Total number selections 9225
WSR: 0.423478
MAR: 0.891304
MAR_c: 0.181231
Total cost of the translations: 1170.74320115
max_N=8
Loading ONLINE ALGORITHMS
Total number of errors: 4406
Total number selections 9336
WSR: 0.425700
MAR: 0.902029
MAR_c: 0.183411
Total cost of the translations: 1336.21878604
max_N=9
Loading ONLINE ALGORITHMS
Total number of errors: 4372
Total number selections 9260
WSR: 0.422415
MAR: 0.894686
MAR_c: 0.181918
Total cost of the translations: 1247.31064882
