max_N=1
Total number of errors: 3281
Total number selections 6563
WSR: 0.324787
MAR: 0.649673
MAR_c: 0.131864
Total cost of the translations: 399.412908399
max_N=2
Total number of errors: 3248
Total number selections 6655
WSR: 0.321520
MAR: 0.658780
MAR_c: 0.133712
Total cost of the translations: 473.565788066
max_N=3
Total number of errors: 3204
Total number selections 6697
WSR: 0.317165
MAR: 0.662938
MAR_c: 0.134556
Total cost of the translations: 613.447124377
max_N=4
Total number of errors: 3214
Total number selections 6822
WSR: 0.318155
MAR: 0.675312
MAR_c: 0.137068
Total cost of the translations: 635.842542372
max_N=5
Total number of errors: 3186
Total number selections 6891
WSR: 0.315383
MAR: 0.682142
MAR_c: 0.138454
Total cost of the translations: 707.280539902
max_N=6
Total number of errors: 3180
Total number selections 6923
WSR: 0.314789
MAR: 0.685310
MAR_c: 0.139097
Total cost of the translations: 823.597237463
max_N=7
Total number of errors: 3183
Total number selections 6859
WSR: 0.315086
MAR: 0.678974
MAR_c: 0.137811
Total cost of the translations: 859.043106099
max_N=8
Total number of errors: 3208
Total number selections 7119
WSR: 0.317561
MAR: 0.704712
MAR_c: 0.143035
Total cost of the translations: 807.329619564
max_N=9
Total number of errors: 3179
Total number selections 7034
WSR: 0.314690
MAR: 0.696298
MAR_c: 0.141327
Total cost of the translations: 876.78782662
max_N=10
Total number of errors: 3207
Total number selections 7084
WSR: 0.317462
MAR: 0.701247
MAR_c: 0.142332
Total cost of the translations: 942.495903524
